14:03:14.596 [main                     ] DEBUG Logger               - Configured Logger
14:03:14.631 [main                     ] DEBUG GameApplication      - Logging settings
Title: Zombs
Version: 1.0
Width: 1000
Height: 1000
Fullscreen: false
Intro: false
Profiling: false
Single step:false
App Mode: DEVELOPER
Menu Key: ESCAPE
Stage Style: DECORATED
Scene Factory: class com.almasb.fxgl.app.scene.SceneFactory

14:03:15.175 [JavaFX Application Thread] DEBUG FXGLApplication      - Initializing FXGL
14:03:15.179 [JavaFX Application Thread] INFO  Engine               - FXGL-17.3 (30.03.2023 11.49) on MAC (J:20 FX:20)
14:03:15.180 [JavaFX Application Thread] DEBUG Engine               - JRE Vendor Name: Oracle Corporation
14:03:15.180 [JavaFX Application Thread] DEBUG Engine               - Running on OS: Mac OS X version 13.2.1
14:03:15.180 [JavaFX Application Thread] DEBUG Engine               - Architecture: x86_64
14:03:15.180 [JavaFX Application Thread] INFO  Engine               - Source code and latest versions at: https://github.com/AlmasB/FXGL
14:03:15.181 [JavaFX Application Thread] INFO  Engine               -       Ask questions and discuss at: https://github.com/AlmasB/FXGL/discussions
14:03:15.181 [JavaFX Application Thread] INFO  Engine               -              Join the FXGL chat at: https://gitter.im/AlmasB/FXGL
14:03:15.282 [JavaFX Application Thread] DEBUG PrimaryStageWindow   - Creating a JavaFX scene
14:03:15.283 [JavaFX Application Thread] DEBUG PrimaryStageWindow   - Target size > screen size
14:03:15.339 [JavaFX Application Thread] DEBUG PrimaryStageWindow   - Target settings size: 1000.0 x 1000.0
14:03:15.339 [JavaFX Application Thread] DEBUG PrimaryStageWindow   - Scaled scene size:    915.0 x 940.0
14:03:15.339 [JavaFX Application Thread] DEBUG PrimaryStageWindow   - Scaled ratio: (0.915, 0.94)
14:03:15.340 [JavaFX Application Thread] DEBUG PrimaryStageWindow   - Set initial scene to FXGLStartupScene
14:03:15.345 [JavaFX Application Thread] DEBUG PrimaryStageWindow   - Opening main window
14:03:15.474 [JavaFX Application Thread] DEBUG PrimaryStageWindow   - Window border size: (0.0, 28.0)
14:03:15.475 [JavaFX Application Thread] DEBUG PrimaryStageWindow   - Scaled size: 915.0 x 940.0
14:03:15.475 [JavaFX Application Thread] DEBUG PrimaryStageWindow   - Scaled ratio: (0.915, 0.94)
14:03:15.475 [JavaFX Application Thread] DEBUG PrimaryStageWindow   - Scene size: 915.0 x 940.0
14:03:15.476 [JavaFX Application Thread] DEBUG PrimaryStageWindow   - Stage size: 915.0 x 968.0
14:03:15.481 [FXGL Background Thread 1 ] DEBUG Engine               - Initializing environment variables
14:03:15.556 [FXGL Background Thread 1 ] DEBUG FXGLAssetLoaderServi - User app class for loading assets: class com.csafinal.basedefense.DropApp
14:03:15.556 [FXGL Background Thread 1 ] DEBUG GameApplicationServi - Applying CSS: fxgl_dark.css
14:03:15.558 [FXGL Background Thread 1 ] DEBUG FXGLAssetLoaderServi - Loading from file system: jar:file:///Users/digprog/.m2/repository/com/github/almasb/fxgl/17.3/fxgl-17.3.jar!/fxglassets/ui/css/fxgl_dark.css
14:03:15.659 [FXGL Background Thread 1 ] DEBUG GameApplicationServi - Initializing application scenes
14:03:15.984 [FXGL Background Thread 1 ] DEBUG GameWorld            - Game world initialized
14:03:16.088 [FXGL Background Thread 1 ] DEBUG PhysicsWorld         - Physics world initialized: appHeight=1000, physics.ppm=50.0
14:03:16.088 [FXGL Background Thread 1 ] DEBUG PhysicsWorld         - Using strategy: BRUTE_FORCE
14:03:16.096 [FXGL Background Thread 1 ] DEBUG GameScene            - Game scene initialized: 1000x1000
14:03:16.112 [FXGL Background Thread 1 ] DEBUG FXGL.DefaultMenu     - createMenuBodyGameMenu()
14:03:16.132 [FXGL Background Thread 1 ] DEBUG FXGL.DefaultMenu     - createOptionsMenu()
14:03:16.145 [FXGL Background Thread 1 ] DEBUG FXGLAssetLoaderServi - Loading from file system: jar:file:///Users/digprog/.m2/repository/com/github/almasb/fxgl/17.3/fxgl-17.3.jar!/fxglassets/textures/particles/smoke.png
14:03:16.241 [FXGL Background Thread 1 ] DEBUG FXGLAssetLoaderServi - Loading from file system: jar:file:///Users/digprog/.m2/repository/com/github/almasb/fxgl/17.3/fxgl-17.3.jar!/fxglassets/textures/particles/trace_horizontal.png
14:03:16.270 [FXGL Background Thread 1 ] DEBUG GameApplicationServi - Application scenes initialized
14:03:16.284 [FXGL Background Thread 1 ] DEBUG SystemBundleService  - Loading FXGL system data
14:03:16.288 [FXGL Background Thread 1 ] DEBUG FileSystemAccess     - Reading from: /Volumes/AYUSH DRIVE/School 2022-23/M359 AP CS Java A/BaseDefense/system/fxgl.bundle
14:03:16.298 [FXGL Background Thread 1 ] DEBUG SystemBundleService  - Bundle FXGL: {}
14:03:16.299 [FXGL Background Thread 1 ] DEBUG UpdaterService       - Checking for updates
14:03:16.304 [FXGL Background Thread 4 ] DEBUG FXGLApplication      - Loading fonts
14:03:16.305 [FXGL Background Thread 4 ] DEBUG FXGLAssetLoaderServi - Loading from file system: jar:file:///Users/digprog/.m2/repository/com/github/almasb/fxgl/17.3/fxgl-17.3.jar!/fxglassets/ui/fonts/VarelaRound-Regular.ttf
14:03:16.305 [FXGL Background Thread 1 ] DEBUG FXGLApplication      - Loading default localization
14:03:16.306 [FXGL Background Thread 1 ] DEBUG FXGLAssetLoaderServi - Loading from file system: jar:file:///Users/digprog/.m2/repository/com/github/almasb/fxgl/17.3/fxgl-17.3.jar!/fxglassets/languages/english.lang
14:03:16.317 [FXGL Background Thread 4 ] DEBUG FXGLAssetLoaderServi - Loading from file system: jar:file:///Users/digprog/.m2/repository/com/github/almasb/fxgl/17.3/fxgl-17.3.jar!/fxglassets/ui/fonts/Abel-Regular.ttf
14:03:16.321 [FXGL Background Thread 4 ] DEBUG FXGLAssetLoaderServi - Loading from file system: jar:file:///Users/digprog/.m2/repository/com/github/almasb/fxgl/17.3/fxgl-17.3.jar!/fxglassets/ui/fonts/TerminalLandMono-Regular.otf
14:03:16.325 [FXGL Background Thread 1 ] INFO  FXGLApplication      - FXGL initialization took: 0.844 sec
14:03:16.326 [FXGL Background Thread 4 ] DEBUG FXGLAssetLoaderServi - Loading from file system: jar:file:///Users/digprog/.m2/repository/com/github/almasb/fxgl/17.3/fxgl-17.3.jar!/fxglassets/ui/fonts/Courier-Prime.ttf
14:03:16.337 [JavaFX Application Thread] DEBUG Input                - Registered new binding: Left - A
14:03:16.337 [JavaFX Application Thread] DEBUG Input                - Registered new binding: Right - D
14:03:16.337 [JavaFX Application Thread] DEBUG Input                - Registered new binding: Down - S
14:03:16.337 [JavaFX Application Thread] DEBUG Input                - Registered new binding: Up - W
14:03:16.337 [JavaFX Application Thread] DEBUG FXGLAssetLoaderServi - Loading from file system: jar:file:///Users/digprog/.m2/repository/com/github/almasb/fxgl/17.3/fxgl-17.3.jar!/fxglassets/textures/fxgl_icon.png
14:03:16.364 [JavaFX Application Thread] DEBUG FXGLAssetLoaderServi - Loading from file system: jar:file:///Users/digprog/.m2/repository/com/github/almasb/fxgl/17.3/fxgl-17.3.jar!/fxglassets/textures/fxgl_default_cursor.png
14:03:16.366 [JavaFX Application Thread] DEBUG Input                - Registered new binding: Screenshot - CTRL+8
14:03:16.366 [JavaFX Application Thread] DEBUG Input                - Registered new binding: System info dump - CTRL+9
14:03:16.367 [JavaFX Application Thread] DEBUG Input                - Registered new binding: Restart - CTRL+R
14:03:16.367 [JavaFX Application Thread] DEBUG Input                - Registered new binding: Toggle Debug Camera - CTRL+7
14:03:16.369 [JavaFX Application Thread] DEBUG LoopRunner           - Starting loop
14:03:16.369 [JavaFX Application Thread] DEBUG LoopRunner           - Initializing JavaFX AnimationTimerLoop
14:03:16.370 [JavaFX Application Thread] DEBUG GameApplicationServi - Starting new game
14:03:16.371 [JavaFX Application Thread] DEBUG Input                - Clearing active input actions
14:03:16.390 [JavaFX Application Thread] DEBUG GameApplicationServi - Removing overlay from FXGLStartupScene and adding to FXGLLoadingScene
14:03:16.391 [JavaFX Application Thread] DEBUG PrimaryStageWindow   - FXGLStartupScene -> FXGLLoadingScene
14:03:16.391 [JavaFX Application Thread] DEBUG GameApplicationServi - Clearing previous game
14:03:16.391 [JavaFX Application Thread] DEBUG GameScene            - Clearing game scene
14:03:16.391 [JavaFX Application Thread] DEBUG GameWorld            - Clearing game world
14:03:16.391 [JavaFX Application Thread] DEBUG PhysicsWorld         - Clearing physics world
14:03:16.392 [FXGL Background Thread 4 ] DEBUG FXGLApplication      - Initializing game
14:03:16.421 [FXGL Background Thread 4 ] WARN  TMXLevelLoader       - TiledMap generated from 1.10.0. Supported version: 1.9.0. Some features may not be parsed fully.
14:03:16.437 [FXGL Background Thread 4 ] DEBUG TMXLevelLoader       - Parsed TiledMap: file:/Volumes/AYUSH%20DRIVE/School%202022-23/M359%20AP%20CS%20Java%20A/BaseDefense/target/classes/assets/levels/tmx/td1.tmx
14:03:16.438 [FXGL Background Thread 4 ] DEBUG TMXLevelLoader       - Creating tile layer entities
14:03:16.445 [JavaFX Application Thread] DEBUG FXGLApplication      - Registering font factories with UI factory
14:03:16.447 [FXGL Background Thread 4 ] DEBUG TilesetLoader        - Loading view for layer Ground
14:03:16.452 [FXGL Background Thread 4 ] DEBUG TilesetLoader        - Created buffer with size 1600.0x896.0
14:03:16.725 [FXGL Background Thread 4 ] DEBUG TilesetLoader        - Loading view for layer Decor
14:03:16.729 [FXGL Background Thread 4 ] DEBUG TilesetLoader        - Created buffer with size 1600.0x896.0
14:03:16.729 [FXGL Background Thread 4 ] DEBUG TMXLevelLoader       - Creating object layer entities
14:03:16.777 [FXGL Background Thread 4 ] DEBUG GameWorld            - Clearing removable entities
14:03:16.778 [FXGL Background Thread 4 ] DEBUG GameWorld            - Setting level: com.almasb.fxgl.entity.level.Level@389351f
14:03:16.783 [FXGL Background Thread 4 ] DEBUG FXGLAssetLoaderServi - Loading JSON from: file:/Volumes/AYUSH%20DRIVE/School%202022-23/M359%20AP%20CS%20Java%20A/BaseDefense/target/classes/assets/towers/tower1.json
14:03:16.962 [FXGL Background Thread 4 ] DEBUG FXGLAssetLoaderServi - Loading JSON from: file:/Volumes/AYUSH%20DRIVE/School%202022-23/M359%20AP%20CS%20Java%20A/BaseDefense/target/classes/assets/towers/tower2.json
14:03:16.965 [FXGL Background Thread 4 ] DEBUG FXGLAssetLoaderServi - Loading JSON from: file:/Volumes/AYUSH%20DRIVE/School%202022-23/M359%20AP%20CS%20Java%20A/BaseDefense/target/classes/assets/towers/tower3.json
14:03:16.968 [FXGL Background Thread 4 ] DEBUG FXGLAssetLoaderServi - Loading JSON from: file:/Volumes/AYUSH%20DRIVE/School%202022-23/M359%20AP%20CS%20Java%20A/BaseDefense/target/classes/assets/towers/tower4.json
14:03:16.971 [FXGL Background Thread 4 ] DEBUG FXGLAssetLoaderServi - Loading JSON from: file:/Volumes/AYUSH%20DRIVE/School%202022-23/M359%20AP%20CS%20Java%20A/BaseDefense/target/classes/assets/towers/tower5.json
14:03:16.974 [FXGL Background Thread 4 ] DEBUG FXGLAssetLoaderServi - Loading JSON from: file:/Volumes/AYUSH%20DRIVE/School%202022-23/M359%20AP%20CS%20Java%20A/BaseDefense/target/classes/assets/towers/tower6.json
14:03:16.980 [FXGL Background Thread 4 ] DEBUG FXGLAssetLoaderServi - Loading from file system: file:/Volumes/AYUSH%20DRIVE/School%202022-23/M359%20AP%20CS%20Java%20A/BaseDefense/target/classes/assets/textures/player.png
14:03:16.991 [FXGL Background Thread 4 ] INFO  FXGLApplication      - Game initialization took: 0.598 sec
14:03:16.991 [JavaFX Application Thread] DEBUG Input                - Clearing active input actions
14:03:17.002 [JavaFX Application Thread] DEBUG GameApplicationServi - Removing overlay from FXGLLoadingScene and adding to GameScene
14:03:17.002 [JavaFX Application Thread] DEBUG PrimaryStageWindow   - FXGLLoadingScene -> GameScene
14:03:19.304 [FXGL Background Thread 3 ] DEBUG Engine               - Logging environment variables
14:03:19.305 [FXGL Background Thread 3 ] DEBUG Engine               - achievements: []
14:03:19.305 [FXGL Background Thread 3 ] DEBUG Engine               - actualHeight: 940.0
14:03:19.305 [FXGL Background Thread 3 ] DEBUG Engine               - actualHeightProperty: ReadOnlyDoubleProperty [value: 940.0]
14:03:19.305 [FXGL Background Thread 3 ] DEBUG Engine               - actualWidth: 915.0
14:03:19.306 [FXGL Background Thread 3 ] DEBUG Engine               - actualWidthProperty: ReadOnlyDoubleProperty [value: 915.0]
14:03:19.306 [FXGL Background Thread 3 ] DEBUG Engine               - appIcon: fxgl_icon.png
14:03:19.306 [FXGL Background Thread 3 ] DEBUG Engine               - applicationMode: DEVELOPER
14:03:19.306 [FXGL Background Thread 3 ] DEBUG Engine               - cSSList: [fxgl_dark.css]
14:03:19.306 [FXGL Background Thread 3 ] DEBUG Engine               - collisionDetectionStrategy: BRUTE_FORCE
14:03:19.306 [FXGL Background Thread 3 ] DEBUG Engine               - configClass: Optional.empty
14:03:19.306 [FXGL Background Thread 3 ] DEBUG Engine               - credits: []
14:03:19.307 [FXGL Background Thread 3 ] DEBUG Engine               - defaultCursor: CursorInfo(imageName=fxgl_default_cursor.png, hotspotX=7.0, hotspotY=6.0)
14:03:19.307 [FXGL Background Thread 3 ] DEBUG Engine               - devBBoxColorProperty: ObjectProperty [value: 0xff0000ff]
14:03:19.307 [FXGL Background Thread 3 ] DEBUG Engine               - devEnableDebugCameraProperty: BooleanProperty [value: false]
14:03:19.307 [FXGL Background Thread 3 ] DEBUG Engine               - devSensorColorProperty: ObjectProperty [value: 0xffff00ff]
14:03:19.307 [FXGL Background Thread 3 ] DEBUG Engine               - devShowBBoxProperty: BooleanProperty [value: false]
14:03:19.307 [FXGL Background Thread 3 ] DEBUG Engine               - devShowPositionProperty: BooleanProperty [value: false]
14:03:19.307 [FXGL Background Thread 3 ] DEBUG Engine               - enabledMenuItems: []
14:03:19.307 [FXGL Background Thread 3 ] DEBUG Engine               - engineServices: [class com.almasb.fxgl.app.services.FXGLAssetLoaderService, class com.almasb.fxgl.app.FXGLApplication$GameApplicationService, class com.almasb.fxgl.app.services.FXGLDialogService, class com.almasb.fxgl.app.services.IOTaskExecutorService, class com.almasb.fxgl.io.FileSystemService, class com.almasb.fxgl.localization.LocalizationService, class com.almasb.fxgl.app.services.SystemBundleService, class com.almasb.fxgl.profile.SaveLoadService, class com.almasb.fxgl.ui.FXGLUIFactoryServiceProvider, class com.almasb.fxgl.ui.FXGLDialogFactoryServiceProvider, class com.almasb.fxgl.audio.AudioPlayer, class com.almasb.fxgl.notification.impl.NotificationServiceProvider, class com.almasb.fxgl.achievement.AchievementService, class com.almasb.fxgl.cutscene.CutsceneService, class com.almasb.fxgl.minigames.MiniGameService, class com.almasb.fxgl.net.NetService, class com.almasb.fxgl.app.services.UpdaterService, class com.almasb.fxgl.dev.DevService]
14:03:19.307 [FXGL Background Thread 3 ] DEBUG Engine               - fontGame: Abel-Regular.ttf
14:03:19.308 [FXGL Background Thread 3 ] DEBUG Engine               - fontMono: TerminalLandMono-Regular.otf
14:03:19.308 [FXGL Background Thread 3 ] DEBUG Engine               - fontSizeScaleUI: 1.0
14:03:19.308 [FXGL Background Thread 3 ] DEBUG Engine               - fontText: Courier-Prime.ttf
14:03:19.308 [FXGL Background Thread 3 ] DEBUG Engine               - fontUI: VarelaRound-Regular.ttf
14:03:19.308 [FXGL Background Thread 3 ] DEBUG Engine               - fullScreen: BooleanProperty [value: false]
14:03:19.308 [FXGL Background Thread 3 ] DEBUG Engine               - gameDifficulty: MEDIUM
14:03:19.308 [FXGL Background Thread 3 ] DEBUG Engine               - gameDifficultyProperty: ObjectProperty [value: MEDIUM]
14:03:19.308 [FXGL Background Thread 3 ] DEBUG Engine               - globalMusicVolume: 0.5
14:03:19.308 [FXGL Background Thread 3 ] DEBUG Engine               - globalMusicVolumeProperty: DoubleProperty [value: 0.5]
14:03:19.308 [FXGL Background Thread 3 ] DEBUG Engine               - globalSoundVolume: 0.5
14:03:19.308 [FXGL Background Thread 3 ] DEBUG Engine               - globalSoundVolumeProperty: DoubleProperty [value: 0.5]
14:03:19.308 [FXGL Background Thread 3 ] DEBUG Engine               - height: 1000
14:03:19.309 [FXGL Background Thread 3 ] DEBUG Engine               - is3D: false
14:03:19.309 [FXGL Background Thread 3 ] DEBUG Engine               - isAndroid: false
14:03:19.309 [FXGL Background Thread 3 ] DEBUG Engine               - isBrowser: false
14:03:19.309 [FXGL Background Thread 3 ] DEBUG Engine               - isClickFeedbackEnabled: false
14:03:19.309 [FXGL Background Thread 3 ] DEBUG Engine               - isCloseConfirmation: false
14:03:19.309 [FXGL Background Thread 3 ] DEBUG Engine               - isDesktop: true
14:03:19.309 [FXGL Background Thread 3 ] DEBUG Engine               - isDeveloperMenuEnabled: false
14:03:19.309 [FXGL Background Thread 3 ] DEBUG Engine               - isEmbedded: false
14:03:19.309 [FXGL Background Thread 3 ] DEBUG Engine               - isEntityPreloadEnabled: true
14:03:19.309 [FXGL Background Thread 3 ] DEBUG Engine               - isExperimentalTiledLargeMap: false
14:03:19.309 [FXGL Background Thread 3 ] DEBUG Engine               - isFileSystemWriteAllowed: true
14:03:19.309 [FXGL Background Thread 3 ] DEBUG Engine               - isFullScreenAllowed: false
14:03:19.309 [FXGL Background Thread 3 ] DEBUG Engine               - isFullScreenFromStart: false
14:03:19.309 [FXGL Background Thread 3 ] DEBUG Engine               - isGameMenuEnabled: true
14:03:19.310 [FXGL Background Thread 3 ] DEBUG Engine               - isIOS: false
14:03:19.310 [FXGL Background Thread 3 ] DEBUG Engine               - isIntroEnabled: false
14:03:19.310 [FXGL Background Thread 3 ] DEBUG Engine               - isLinux: false
14:03:19.310 [FXGL Background Thread 3 ] DEBUG Engine               - isMac: true
14:03:19.310 [FXGL Background Thread 3 ] DEBUG Engine               - isMainMenuEnabled: false
14:03:19.310 [FXGL Background Thread 3 ] DEBUG Engine               - isManualResizeEnabled: false
14:03:19.310 [FXGL Background Thread 3 ] DEBUG Engine               - isMobile: false
14:03:19.310 [FXGL Background Thread 3 ] DEBUG Engine               - isNative: false
14:03:19.310 [FXGL Background Thread 3 ] DEBUG Engine               - isPauseMusicWhenMinimized: true
14:03:19.310 [FXGL Background Thread 3 ] DEBUG Engine               - isPreserveResizeRatio: false
14:03:19.310 [FXGL Background Thread 3 ] DEBUG Engine               - isProfilingEnabled: false
14:03:19.310 [FXGL Background Thread 3 ] DEBUG Engine               - isScaleAffectedOnResize: true
14:03:19.310 [FXGL Background Thread 3 ] DEBUG Engine               - isSingleStep: false
14:03:19.310 [FXGL Background Thread 3 ] DEBUG Engine               - isUserProfileEnabled: false
14:03:19.310 [FXGL Background Thread 3 ] DEBUG Engine               - isWindows: false
14:03:19.310 [FXGL Background Thread 3 ] DEBUG Engine               - language: ObjectProperty [value: ENGLISH]
14:03:19.311 [FXGL Background Thread 3 ] DEBUG Engine               - menuKey: ESCAPE
14:03:19.311 [FXGL Background Thread 3 ] DEBUG Engine               - mouseSensitivity: 0.2
14:03:19.311 [FXGL Background Thread 3 ] DEBUG Engine               - notificationViewClass: class com.almasb.fxgl.notification.view.XboxNotificationView
14:03:19.311 [FXGL Background Thread 3 ] DEBUG Engine               - pixelsPerMeter: 50.0
14:03:19.311 [FXGL Background Thread 3 ] DEBUG Engine               - platform: MAC
14:03:19.311 [FXGL Background Thread 3 ] DEBUG Engine               - prefHeightProperty: ReadOnlyDoubleProperty [value: 1000.0]
14:03:19.311 [FXGL Background Thread 3 ] DEBUG Engine               - prefWidthProperty: ReadOnlyDoubleProperty [value: 1000.0]
14:03:19.311 [FXGL Background Thread 3 ] DEBUG Engine               - profileDir: profiles/
14:03:19.311 [FXGL Background Thread 3 ] DEBUG Engine               - profileName: StringProperty [value: DEFAULT]
14:03:19.311 [FXGL Background Thread 3 ] DEBUG Engine               - randomSeed: -1
14:03:19.311 [FXGL Background Thread 3 ] DEBUG Engine               - runtimeInfo: RuntimeInfo(platform=MAC, version=17.3, build=30.03.2023 11.49)
14:03:19.311 [FXGL Background Thread 3 ] DEBUG Engine               - saveFileExt: sav
14:03:19.312 [FXGL Background Thread 3 ] DEBUG Engine               - scaledHeightProp$fxgl: DoubleProperty [bound, value: 940.0]
14:03:19.312 [FXGL Background Thread 3 ] DEBUG Engine               - scaledWidthProp$fxgl: DoubleProperty [bound, value: 915.0]
14:03:19.312 [FXGL Background Thread 3 ] DEBUG Engine               - sceneFactory: com.almasb.fxgl.app.scene.SceneFactory@17a30507
14:03:19.312 [FXGL Background Thread 3 ] DEBUG Engine               - secondsIn24h: 60
14:03:19.312 [FXGL Background Thread 3 ] DEBUG Engine               - soundMenuBack: menu/back.wav
14:03:19.312 [FXGL Background Thread 3 ] DEBUG Engine               - soundMenuPress: menu/press.wav
14:03:19.312 [FXGL Background Thread 3 ] DEBUG Engine               - soundMenuSelect: menu/select.wav
14:03:19.312 [FXGL Background Thread 3 ] DEBUG Engine               - soundNotification: core/notification.wav
14:03:19.312 [FXGL Background Thread 3 ] DEBUG Engine               - stageStyle: DECORATED
14:03:19.312 [FXGL Background Thread 3 ] DEBUG Engine               - supportedLanguages: [ENGLISH, FRENCH, GERMAN, HUNGARIAN, RUSSIAN]
14:03:19.312 [FXGL Background Thread 3 ] DEBUG Engine               - ticksPerSecond: -1
14:03:19.312 [FXGL Background Thread 3 ] DEBUG Engine               - title: Zombs
14:03:19.312 [FXGL Background Thread 3 ] DEBUG Engine               - urlGithub: https://github.com/AlmasB/FXGL
14:03:19.312 [FXGL Background Thread 3 ] DEBUG Engine               - urlLeaderboard: http://fxgl-top.herokuapp.com/
14:03:19.312 [FXGL Background Thread 3 ] DEBUG Engine               - urlPOM: https://raw.githubusercontent.com/AlmasB/FXGL/release/README.md
14:03:19.312 [FXGL Background Thread 3 ] DEBUG Engine               - userAppClass: class com.csafinal.basedefense.DropApp
14:03:19.312 [FXGL Background Thread 3 ] DEBUG Engine               - version: 1.0
14:03:19.313 [FXGL Background Thread 3 ] DEBUG Engine               - versionCheckDays: 7
14:03:19.313 [FXGL Background Thread 3 ] DEBUG Engine               - width: 1000
14:03:19.313 [FXGL Background Thread 3 ] DEBUG Engine               - Logging services
14:03:19.313 [FXGL Background Thread 3 ] DEBUG Engine               - class com.almasb.fxgl.app.services.FXGLAssetLoaderService
14:03:19.313 [FXGL Background Thread 3 ] DEBUG Engine               - class com.almasb.fxgl.app.FXGLApplication$GameApplicationService
14:03:19.313 [FXGL Background Thread 3 ] DEBUG Engine               - class com.almasb.fxgl.app.services.FXGLDialogService
14:03:19.313 [FXGL Background Thread 3 ] DEBUG Engine               - class com.almasb.fxgl.app.services.IOTaskExecutorService
14:03:19.313 [FXGL Background Thread 3 ] DEBUG Engine               - class com.almasb.fxgl.io.FileSystemService
14:03:19.313 [FXGL Background Thread 3 ] DEBUG Engine               - class com.almasb.fxgl.localization.LocalizationService
14:03:19.313 [FXGL Background Thread 3 ] DEBUG Engine               - class com.almasb.fxgl.app.services.SystemBundleService
14:03:19.313 [FXGL Background Thread 3 ] DEBUG Engine               - class com.almasb.fxgl.profile.SaveLoadService
14:03:19.313 [FXGL Background Thread 3 ] DEBUG Engine               - class com.almasb.fxgl.ui.FXGLUIFactoryServiceProvider
14:03:19.313 [FXGL Background Thread 3 ] DEBUG Engine               - class com.almasb.fxgl.ui.FXGLDialogFactoryServiceProvider
14:03:19.313 [FXGL Background Thread 3 ] DEBUG Engine               - class com.almasb.fxgl.audio.AudioPlayer
14:03:19.313 [FXGL Background Thread 3 ] DEBUG Engine               - class com.almasb.fxgl.notification.impl.NotificationServiceProvider
14:03:19.313 [FXGL Background Thread 3 ] DEBUG Engine               - class com.almasb.fxgl.achievement.AchievementService
14:03:19.313 [FXGL Background Thread 3 ] DEBUG Engine               - class com.almasb.fxgl.cutscene.CutsceneService
14:03:19.313 [FXGL Background Thread 3 ] DEBUG Engine               - class com.almasb.fxgl.minigames.MiniGameService
14:03:19.313 [FXGL Background Thread 3 ] DEBUG Engine               - class com.almasb.fxgl.net.NetService
14:03:19.313 [FXGL Background Thread 3 ] DEBUG Engine               - class com.almasb.fxgl.app.services.UpdaterService
14:03:19.313 [FXGL Background Thread 3 ] DEBUG Engine               - class com.almasb.fxgl.dev.DevService
14:03:19.937 [JavaFX Application Thread] DEBUG FXGLAssetLoaderServi - Loading from file system: file:/Volumes/AYUSH%20DRIVE/School%202022-23/M359%20AP%20CS%20Java%20A/BaseDefense/target/classes/assets/textures/enemies/enemy1.png
14:03:21.902 [JavaFX Application Thread] DEBUG FXGLAssetLoaderServi - Loading from file system: file:/Volumes/AYUSH%20DRIVE/School%202022-23/M359%20AP%20CS%20Java%20A/BaseDefense/target/classes/assets/textures/enemies/enemy2.png
14:03:23.420 [JavaFX Application Thread] DEBUG FXGLAssetLoaderServi - Loading from file system: file:/Volumes/AYUSH%20DRIVE/School%202022-23/M359%20AP%20CS%20Java%20A/BaseDefense/target/classes/assets/textures/projectile.png
14:03:28.152 [JavaFX Application Thread] DEBUG LoopRunner           - Stopping loop
14:03:28.154 [JavaFX Application Thread] FATAL FXGLApplication      - Uncaught Exception:
java.lang.IllegalArgumentException: Component HealthIntComponent not found!
	at com.almasb.fxgl.entity@17.3/com.almasb.fxgl.entity.Entity.getComponent(Entity.java:366)
	at td.main/com.csafinal.basedefense.components.BulletComponent.onTargetHit(BulletComponent.java:41)
	at td.main/com.csafinal.basedefense.components.BulletComponent.onUpdate(BulletComponent.java:29)
	at com.almasb.fxgl.entity@17.3/com.almasb.fxgl.entity.Entity$ComponentMap.update(Entity.java:60)
	at com.almasb.fxgl.entity@17.3/com.almasb.fxgl.entity.Entity.update(Entity.java:248)
	at com.almasb.fxgl.entity@17.3/com.almasb.fxgl.entity.GameWorld.onUpdate(GameWorld.kt:177)
	at com.almasb.fxgl.all@17.3/com.almasb.fxgl.app.scene.GameScene.step(GameScene.kt:228)
	at com.almasb.fxgl.all@17.3/com.almasb.fxgl.app.scene.GameScene.onUpdate(GameScene.kt:224)
	at com.almasb.fxgl.scene@17.3/com.almasb.fxgl.scene.Scene.update(Scene.kt:105)
	at com.almasb.fxgl.all@17.3/com.almasb.fxgl.app.MainWindow$update$1.invoke(MainWindow.kt:115)
	at com.almasb.fxgl.all@17.3/com.almasb.fxgl.app.MainWindow$update$1.invoke(MainWindow.kt:115)
	at com.almasb.fxgl.core@17.3/com.almasb.fxgl.core.fsm.StateMachine.runOnActiveStates(StateMachine.kt:69)
	at com.almasb.fxgl.all@17.3/com.almasb.fxgl.app.MainWindow.update(MainWindow.kt:115)
	at com.almasb.fxgl.all@17.3/com.almasb.fxgl.app.FXGLApplication$GameApplicationService.onUpdate(FXGLApplication.kt:426)
	at com.almasb.fxgl.all@17.3/com.almasb.fxgl.app.Engine.loop(Engine.kt:134)
	at com.almasb.fxgl.all@17.3/com.almasb.fxgl.app.Engine.access$loop(Engine.kt:24)
	at com.almasb.fxgl.all@17.3/com.almasb.fxgl.app.Engine$loop$1.invoke(Engine.kt:28)
	at com.almasb.fxgl.all@17.3/com.almasb.fxgl.app.Engine$loop$1.invoke(Engine.kt:28)
	at com.almasb.fxgl.all@17.3/com.almasb.fxgl.app.LoopRunner.frame(LoopRunner.kt:103)
	at com.almasb.fxgl.all@17.3/com.almasb.fxgl.app.LoopRunner.access$frame(LoopRunner.kt:23)
	at com.almasb.fxgl.all@17.3/com.almasb.fxgl.app.LoopRunner$impl$2$1.onTick(LoopRunner.kt:57)
	at com.almasb.fxgl.all@17.3/com.almasb.fxgl.app.AnimationTimerLoop$timer$1.handle(LoopRunner.kt:137)
	at javafx.graphics@20/javafx.animation.AnimationTimer$AnimationTimerReceiver.lambda$handle$0(AnimationTimer.java:58)
	at java.base/java.security.AccessController.doPrivileged(AccessController.java:400)
	at javafx.graphics@20/javafx.animation.AnimationTimer$AnimationTimerReceiver.handle(AnimationTimer.java:57)
	at javafx.graphics@20/com.sun.scenario.animation.AbstractPrimaryTimer.timePulseImpl(AbstractPrimaryTimer.java:356)
	at javafx.graphics@20/com.sun.scenario.animation.AbstractPrimaryTimer$MainLoop.run(AbstractPrimaryTimer.java:266)
	at javafx.graphics@20/com.sun.javafx.tk.quantum.QuantumToolkit.pulse(QuantumToolkit.java:588)
	at javafx.graphics@20/com.sun.javafx.tk.quantum.QuantumToolkit.pulse(QuantumToolkit.java:572)
	at javafx.graphics@20/com.sun.javafx.tk.quantum.QuantumToolkit.pulseFromQueue(QuantumToolkit.java:565)
	at javafx.graphics@20/com.sun.javafx.tk.quantum.QuantumToolkit.lambda$runToolkit$11(QuantumToolkit.java:352)
	at javafx.graphics@20/com.sun.glass.ui.InvokeLaterDispatcher$Future.run(InvokeLaterDispatcher.java:95)

14:03:28.154 [JavaFX Application Thread] FATAL FXGLApplication      - Application will now exit
14:03:28.176 [JavaFX Application Thread] DEBUG PrimaryStageWindow   - Push state: ErrorSubScene
14:03:28.176 [JavaFX Application Thread] DEBUG Input                - Clearing active input actions
14:03:28.180 [JavaFX Application Thread] DEBUG GameApplicationServi - Removing overlay from GameScene and adding to ErrorSubScene
14:03:28.180 [JavaFX Application Thread] DEBUG PrimaryStageWindow   - GameScene -> ErrorSubScene
14:29:04.766 [JavaFX Application Thread] DEBUG FXGLApplication      - Exiting FXGL
14:29:04.767 [JavaFX Application Thread] DEBUG Async                - Shutting down background threads
14:29:04.767 [JavaFX Application Thread] DEBUG PrimaryStageWindow   - Closing main window
14:29:04.775 [JavaFX Application Thread] DEBUG Logger               - Closing Logger
