11:39:19.039 [main                     ] DEBUG Logger               - Configured Logger
11:39:19.113 [main                     ] DEBUG GameApplication      - Logging settings
Title: Zombs
Version: 1.0
Width: 1000
Height: 1000
Fullscreen: false
Intro: false
Profiling: false
Single step:false
App Mode: DEVELOPER
Menu Key: ESCAPE
Stage Style: DECORATED
Scene Factory: class com.almasb.fxgl.app.scene.SceneFactory

11:39:19.657 [JavaFX Application Thread] DEBUG FXGLApplication      - Initializing FXGL
11:39:19.667 [JavaFX Application Thread] INFO  Engine               - FXGL-17.1 (24.03.2022 17.34) on MAC (J:20 FX:18)
11:39:19.669 [JavaFX Application Thread] DEBUG Engine               - JRE Vendor Name: Oracle Corporation
11:39:19.670 [JavaFX Application Thread] DEBUG Engine               - Running on OS: Mac OS X version 13.1
11:39:19.671 [JavaFX Application Thread] DEBUG Engine               - Architecture: x86_64
11:39:19.671 [JavaFX Application Thread] INFO  Engine               - Source code and latest versions at: https://github.com/AlmasB/FXGL
11:39:19.671 [JavaFX Application Thread] INFO  Engine               -       Ask questions and discuss at: https://github.com/AlmasB/FXGL/discussions
11:39:19.671 [JavaFX Application Thread] INFO  Engine               -              Join the FXGL chat at: https://gitter.im/AlmasB/FXGL
11:39:19.758 [JavaFX Application Thread] DEBUG PrimaryStageWindow   - Creating a JavaFX scene
11:39:19.759 [JavaFX Application Thread] DEBUG PrimaryStageWindow   - Target size > screen size
11:39:19.840 [JavaFX Application Thread] DEBUG PrimaryStageWindow   - Target settings size: 1000.0 x 1000.0
11:39:19.841 [JavaFX Application Thread] DEBUG PrimaryStageWindow   - Scaled scene size:    945.0 x 970.0
11:39:19.842 [JavaFX Application Thread] DEBUG PrimaryStageWindow   - Scaled ratio: (0.945, 0.97)
11:39:19.844 [JavaFX Application Thread] DEBUG PrimaryStageWindow   - Set initial scene to FXGLStartupScene
11:39:19.862 [JavaFX Application Thread] DEBUG PrimaryStageWindow   - Opening main window
11:39:20.079 [JavaFX Application Thread] DEBUG PrimaryStageWindow   - Window border size: (0.0, 28.0)
11:39:20.080 [JavaFX Application Thread] DEBUG PrimaryStageWindow   - Scaled size: 945.0 x 970.0
11:39:20.080 [JavaFX Application Thread] DEBUG PrimaryStageWindow   - Scaled ratio: (0.945, 0.97)
11:39:20.081 [JavaFX Application Thread] DEBUG PrimaryStageWindow   - Scene size: 945.0 x 970.0
11:39:20.083 [JavaFX Application Thread] DEBUG PrimaryStageWindow   - Stage size: 945.0 x 998.0
11:39:20.102 [FXGL Background Thread 1 ] DEBUG Engine               - Initializing environment variables
11:39:20.231 [FXGL Background Thread 1 ] DEBUG FXGLAssetLoaderServi - User app class for loading assets: class com.csafinal.basedefense.DropApp
11:39:20.232 [FXGL Background Thread 1 ] DEBUG GameApplicationServi - Applying CSS: fxgl_dark.css
11:39:20.233 [FXGL Background Thread 1 ] DEBUG FXGLAssetLoaderServi - Loading from file system: jar:file:///Users/ayushkumarrai/.m2/repository/com/github/almasb/fxgl/17.1/fxgl-17.1.jar!/fxglassets/ui/css/fxgl_dark.css
11:39:20.363 [FXGL Background Thread 1 ] DEBUG GameApplicationServi - Initializing application scenes
11:39:20.586 [FXGL Background Thread 1 ] DEBUG GameWorld            - Game world initialized
11:39:20.634 [FXGL Background Thread 1 ] DEBUG PhysicsWorld         - Physics world initialized: appHeight=1000, physics.ppm=50.0
11:39:20.635 [FXGL Background Thread 1 ] DEBUG PhysicsWorld         - Using strategy: BRUTE_FORCE
11:39:20.643 [FXGL Background Thread 1 ] DEBUG GameScene            - Game scene initialized: 1000x1000
11:39:20.663 [FXGL Background Thread 1 ] DEBUG FXGL.DefaultMenu     - createMenuBodyGameMenu()
11:39:20.675 [FXGL Background Thread 1 ] DEBUG FXGL.DefaultMenu     - createOptionsMenu()
11:39:20.686 [FXGL Background Thread 1 ] DEBUG FXGLAssetLoaderServi - Loading from file system: jar:file:///Users/ayushkumarrai/.m2/repository/com/github/almasb/fxgl/17.1/fxgl-17.1.jar!/fxglassets/textures/particles/smoke.png
11:39:20.839 [FXGL Background Thread 1 ] DEBUG FXGLAssetLoaderServi - Loading from file system: jar:file:///Users/ayushkumarrai/.m2/repository/com/github/almasb/fxgl/17.1/fxgl-17.1.jar!/fxglassets/textures/particles/trace_horizontal.png
11:39:20.884 [FXGL Background Thread 1 ] DEBUG GameApplicationServi - Application scenes initialized
11:39:20.905 [FXGL Background Thread 1 ] DEBUG SystemBundleService  - Loading FXGL system data
11:39:20.911 [FXGL Background Thread 1 ] DEBUG FileSystemAccess     - Reading from: /Volumes/AYUSH DRIVE/School 2022-23/M359 AP CS Java A/TowerDefense/system/fxgl.bundle
11:39:20.930 [FXGL Background Thread 1 ] DEBUG SystemBundleService  - Bundle FXGL: {}
11:39:20.930 [FXGL Background Thread 1 ] DEBUG UpdaterService       - Checking for updates
11:39:20.935 [FXGL Background Thread 4 ] DEBUG FXGLApplication      - Loading fonts
11:39:20.936 [FXGL Background Thread 1 ] DEBUG FXGLApplication      - Loading default localization
11:39:20.937 [FXGL Background Thread 1 ] DEBUG FXGLAssetLoaderServi - Loading from file system: jar:file:///Users/ayushkumarrai/.m2/repository/com/github/almasb/fxgl/17.1/fxgl-17.1.jar!/fxglassets/languages/english.lang
11:39:20.937 [FXGL Background Thread 4 ] DEBUG FXGLAssetLoaderServi - Loading from file system: jar:file:///Users/ayushkumarrai/.m2/repository/com/github/almasb/fxgl/17.1/fxgl-17.1.jar!/fxglassets/ui/fonts/VarelaRound-Regular.ttf
11:39:20.961 [FXGL Background Thread 4 ] DEBUG FXGLAssetLoaderServi - Loading from file system: jar:file:///Users/ayushkumarrai/.m2/repository/com/github/almasb/fxgl/17.1/fxgl-17.1.jar!/fxglassets/ui/fonts/Abel-Regular.ttf
11:39:20.966 [FXGL Background Thread 1 ] INFO  FXGLApplication      - FXGL initialization took: 0.864 sec
11:39:20.967 [FXGL Background Thread 4 ] DEBUG FXGLAssetLoaderServi - Loading from file system: jar:file:///Users/ayushkumarrai/.m2/repository/com/github/almasb/fxgl/17.1/fxgl-17.1.jar!/fxglassets/ui/fonts/TerminalLandMono-Regular.otf
11:39:20.972 [FXGL Background Thread 4 ] DEBUG FXGLAssetLoaderServi - Loading from file system: jar:file:///Users/ayushkumarrai/.m2/repository/com/github/almasb/fxgl/17.1/fxgl-17.1.jar!/fxglassets/ui/fonts/Courier-Prime.ttf
11:39:20.974 [JavaFX Application Thread] DEBUG Input                - Registered new binding: Left - A
11:39:20.975 [JavaFX Application Thread] DEBUG Input                - Registered new binding: Right - D
11:39:20.975 [JavaFX Application Thread] DEBUG Input                - Registered new binding: Down - S
11:39:20.975 [JavaFX Application Thread] DEBUG Input                - Registered new binding: Up - W
11:39:20.976 [JavaFX Application Thread] DEBUG FXGLAssetLoaderServi - Loading from file system: jar:file:///Users/ayushkumarrai/.m2/repository/com/github/almasb/fxgl/17.1/fxgl-17.1.jar!/fxglassets/textures/fxgl_icon.png
11:39:21.013 [JavaFX Application Thread] DEBUG FXGLAssetLoaderServi - Loading from file system: jar:file:///Users/ayushkumarrai/.m2/repository/com/github/almasb/fxgl/17.1/fxgl-17.1.jar!/fxglassets/textures/fxgl_default_cursor.png
11:39:21.017 [JavaFX Application Thread] DEBUG Input                - Registered new binding: Screenshot - CTRL+8
11:39:21.017 [JavaFX Application Thread] DEBUG Input                - Registered new binding: System info dump - CTRL+9
11:39:21.017 [JavaFX Application Thread] DEBUG Input                - Registered new binding: Restart - CTRL+R
11:39:21.018 [JavaFX Application Thread] DEBUG Input                - Registered new binding: Toggle Debug Camera - CTRL+7
11:39:21.024 [JavaFX Application Thread] DEBUG LoopRunner           - Starting loop
11:39:21.024 [JavaFX Application Thread] DEBUG LoopRunner           - Initializing JavaFX AnimationTimerLoop
11:39:21.025 [JavaFX Application Thread] DEBUG GameApplicationServi - Starting new game
11:39:21.026 [JavaFX Application Thread] DEBUG Input                - Clearing active input actions
11:39:21.074 [JavaFX Application Thread] DEBUG GameApplicationServi - Removing overlay from FXGLStartupScene and adding to FXGLLoadingScene
11:39:21.077 [JavaFX Application Thread] DEBUG PrimaryStageWindow   - FXGLStartupScene -> FXGLLoadingScene
11:39:21.078 [JavaFX Application Thread] DEBUG GameApplicationServi - Clearing previous game
11:39:21.081 [JavaFX Application Thread] DEBUG GameScene            - Clearing game scene
11:39:21.081 [JavaFX Application Thread] DEBUG GameWorld            - Clearing game world
11:39:21.081 [JavaFX Application Thread] DEBUG PhysicsWorld         - Clearing physics world
11:39:21.083 [FXGL Background Thread 4 ] DEBUG FXGLApplication      - Initializing game
11:39:21.139 [JavaFX Application Thread] DEBUG FXGLApplication      - Registering font factories with UI factory
11:39:21.150 [FXGL Background Thread 4 ] WARN  FXGLAssetLoaderServi - Asset "/assets/textures/bucket.png" was not found!
11:39:21.150 [FXGL Background Thread 4 ] WARN  FXGLAssetLoaderServi - Failed to load IMAGE
11:39:21.637 [FXGL Background Thread 4 ] WARN  TMXLevelLoader       - TiledMap generated from 1.10.0. Supported version: 1.4.2. Some features may not be parsed fully.
11:39:21.708 [FXGL Background Thread 4 ] DEBUG TMXLevelLoader       - Parsed TiledMap: file:/Volumes/AYUSH%20DRIVE/School%202022-23/M359%20AP%20CS%20Java%20A/TowerDefense/target/classes/assets/levels/tmx/td1.tmx
11:39:21.711 [FXGL Background Thread 4 ] DEBUG TMXLevelLoader       - Creating tile layer entities
11:39:21.723 [FXGL Background Thread 4 ] DEBUG TilesetLoader        - Loading view for layer Ground
11:39:21.728 [FXGL Background Thread 4 ] DEBUG TilesetLoader        - Created buffer with size 1600.0x896.0
11:39:22.034 [FXGL Background Thread 4 ] DEBUG TilesetLoader        - Loading view for layer Decor
11:39:22.056 [FXGL Background Thread 4 ] DEBUG TilesetLoader        - Created buffer with size 1600.0x896.0
11:39:22.064 [FXGL Background Thread 4 ] DEBUG TMXLevelLoader       - Creating object layer entities
11:39:22.314 [FXGL Background Thread 4 ] DEBUG GameWorld            - Clearing removable entities
11:39:22.323 [FXGL Background Thread 4 ] DEBUG GameWorld            - Setting level: com.almasb.fxgl.entity.level.Level@fbe1b9c
11:39:22.331 [FXGL Background Thread 2 ] INFO  UpdaterService       - Your current version:  17.1
11:39:22.332 [FXGL Background Thread 2 ] INFO  UpdaterService       - Latest stable version: 17.3
11:39:22.348 [FXGL Background Thread 4 ] INFO  FXGLApplication      - Game initialization took: 1.265 sec
11:39:22.350 [JavaFX Application Thread] DEBUG Input                - Clearing active input actions
11:39:22.397 [JavaFX Application Thread] DEBUG GameApplicationServi - Removing overlay from FXGLLoadingScene and adding to GameScene
11:39:22.403 [JavaFX Application Thread] DEBUG PrimaryStageWindow   - FXGLLoadingScene -> GameScene
11:39:23.934 [FXGL Background Thread 3 ] DEBUG Engine               - Logging environment variables
11:39:23.942 [FXGL Background Thread 3 ] DEBUG Engine               - achievements: []
11:39:23.943 [FXGL Background Thread 3 ] DEBUG Engine               - actualHeight: 970.0
11:39:23.943 [FXGL Background Thread 3 ] DEBUG Engine               - actualHeightProperty: ReadOnlyDoubleProperty [value: 970.0]
11:39:23.943 [FXGL Background Thread 3 ] DEBUG Engine               - actualWidth: 945.0
11:39:23.943 [FXGL Background Thread 3 ] DEBUG Engine               - actualWidthProperty: ReadOnlyDoubleProperty [value: 945.0]
11:39:23.943 [FXGL Background Thread 3 ] DEBUG Engine               - appIcon: fxgl_icon.png
11:39:23.944 [FXGL Background Thread 3 ] DEBUG Engine               - applicationMode: DEVELOPER
11:39:23.944 [FXGL Background Thread 3 ] DEBUG Engine               - cSSList: [fxgl_dark.css]
11:39:23.944 [FXGL Background Thread 3 ] DEBUG Engine               - collisionDetectionStrategy: BRUTE_FORCE
11:39:23.946 [FXGL Background Thread 3 ] DEBUG Engine               - configClass: Optional.empty
11:39:23.947 [FXGL Background Thread 3 ] DEBUG Engine               - credits: []
11:39:23.950 [FXGL Background Thread 3 ] DEBUG Engine               - defaultCursor: CursorInfo(imageName=fxgl_default_cursor.png, hotspotX=7.0, hotspotY=6.0)
11:39:23.951 [FXGL Background Thread 3 ] DEBUG Engine               - devBBoxColorProperty: ObjectProperty [value: 0xff0000ff]
11:39:23.951 [FXGL Background Thread 3 ] DEBUG Engine               - devEnableDebugCameraProperty: BooleanProperty [value: false]
11:39:23.952 [FXGL Background Thread 3 ] DEBUG Engine               - devSensorColorProperty: ObjectProperty [value: 0xffff00ff]
11:39:23.952 [FXGL Background Thread 3 ] DEBUG Engine               - devShowBBoxProperty: BooleanProperty [value: false]
11:39:23.952 [FXGL Background Thread 3 ] DEBUG Engine               - devShowPositionProperty: BooleanProperty [value: false]
11:39:23.952 [FXGL Background Thread 3 ] DEBUG Engine               - enabledMenuItems: []
11:39:23.953 [FXGL Background Thread 3 ] DEBUG Engine               - engineServices: [class com.almasb.fxgl.app.services.FXGLAssetLoaderService, class com.almasb.fxgl.app.FXGLApplication$GameApplicationService, class com.almasb.fxgl.app.services.FXGLDialogService, class com.almasb.fxgl.app.services.IOTaskExecutorService, class com.almasb.fxgl.io.FileSystemService, class com.almasb.fxgl.localization.LocalizationService, class com.almasb.fxgl.app.services.SystemBundleService, class com.almasb.fxgl.profile.SaveLoadService, class com.almasb.fxgl.ui.FXGLUIFactoryServiceProvider, class com.almasb.fxgl.ui.FXGLDialogFactoryServiceProvider, class com.almasb.fxgl.audio.AudioPlayer, class com.almasb.fxgl.notification.impl.NotificationServiceProvider, class com.almasb.fxgl.achievement.AchievementService, class com.almasb.fxgl.cutscene.CutsceneService, class com.almasb.fxgl.minigames.MiniGameService, class com.almasb.fxgl.net.NetService, class com.almasb.fxgl.app.services.UpdaterService, class com.almasb.fxgl.dev.DevService]
11:39:23.953 [FXGL Background Thread 3 ] DEBUG Engine               - fontGame: Abel-Regular.ttf
11:39:23.953 [FXGL Background Thread 3 ] DEBUG Engine               - fontMono: TerminalLandMono-Regular.otf
11:39:23.953 [FXGL Background Thread 3 ] DEBUG Engine               - fontText: Courier-Prime.ttf
11:39:23.953 [FXGL Background Thread 3 ] DEBUG Engine               - fontUI: VarelaRound-Regular.ttf
11:39:23.953 [FXGL Background Thread 3 ] DEBUG Engine               - fullScreen: BooleanProperty [value: false]
11:39:23.953 [FXGL Background Thread 3 ] DEBUG Engine               - gameDifficulty: MEDIUM
11:39:23.954 [FXGL Background Thread 3 ] DEBUG Engine               - gameDifficultyProperty: ObjectProperty [value: MEDIUM]
11:39:23.954 [FXGL Background Thread 3 ] DEBUG Engine               - globalMusicVolume: 0.5
11:39:23.954 [FXGL Background Thread 3 ] DEBUG Engine               - globalMusicVolumeProperty: DoubleProperty [value: 0.5]
11:39:23.954 [FXGL Background Thread 3 ] DEBUG Engine               - globalSoundVolume: 0.5
11:39:23.954 [FXGL Background Thread 3 ] DEBUG Engine               - globalSoundVolumeProperty: DoubleProperty [value: 0.5]
11:39:23.954 [FXGL Background Thread 3 ] DEBUG Engine               - height: 1000
11:39:23.954 [FXGL Background Thread 3 ] DEBUG Engine               - is3D: false
11:39:23.955 [FXGL Background Thread 3 ] DEBUG Engine               - isAndroid: false
11:39:23.955 [FXGL Background Thread 3 ] DEBUG Engine               - isBrowser: false
11:39:23.955 [FXGL Background Thread 3 ] DEBUG Engine               - isClickFeedbackEnabled: false
11:39:23.955 [FXGL Background Thread 3 ] DEBUG Engine               - isCloseConfirmation: false
11:39:23.955 [FXGL Background Thread 3 ] DEBUG Engine               - isDesktop: true
11:39:23.955 [FXGL Background Thread 3 ] DEBUG Engine               - isDeveloperMenuEnabled: false
11:39:23.955 [FXGL Background Thread 3 ] DEBUG Engine               - isEmbedded: false
11:39:23.955 [FXGL Background Thread 3 ] DEBUG Engine               - isEntityPreloadEnabled: true
11:39:23.956 [FXGL Background Thread 3 ] DEBUG Engine               - isExperimentalTiledLargeMap: false
11:39:23.957 [FXGL Background Thread 3 ] DEBUG Engine               - isFileSystemWriteAllowed: true
11:39:23.957 [FXGL Background Thread 3 ] DEBUG Engine               - isFullScreenAllowed: false
11:39:23.957 [FXGL Background Thread 3 ] DEBUG Engine               - isFullScreenFromStart: false
11:39:23.957 [FXGL Background Thread 3 ] DEBUG Engine               - isGameMenuEnabled: true
11:39:23.957 [FXGL Background Thread 3 ] DEBUG Engine               - isIOS: false
11:39:23.957 [FXGL Background Thread 3 ] DEBUG Engine               - isIntroEnabled: false
11:39:23.957 [FXGL Background Thread 3 ] DEBUG Engine               - isLinux: false
11:39:23.957 [FXGL Background Thread 3 ] DEBUG Engine               - isMac: true
11:39:23.957 [FXGL Background Thread 3 ] DEBUG Engine               - isMainMenuEnabled: false
11:39:23.957 [FXGL Background Thread 3 ] DEBUG Engine               - isManualResizeEnabled: false
11:39:23.957 [FXGL Background Thread 3 ] DEBUG Engine               - isMobile: false
11:39:23.957 [FXGL Background Thread 3 ] DEBUG Engine               - isNative: false
11:39:23.958 [FXGL Background Thread 3 ] DEBUG Engine               - isPauseMusicWhenMinimized: true
11:39:23.958 [FXGL Background Thread 3 ] DEBUG Engine               - isPreserveResizeRatio: false
11:39:23.958 [FXGL Background Thread 3 ] DEBUG Engine               - isProfilingEnabled: false
11:39:23.958 [FXGL Background Thread 3 ] DEBUG Engine               - isScaleAffectedOnResize: true
11:39:23.958 [FXGL Background Thread 3 ] DEBUG Engine               - isSingleStep: false
11:39:23.958 [FXGL Background Thread 3 ] DEBUG Engine               - isUserProfileEnabled: false
11:39:23.958 [FXGL Background Thread 3 ] DEBUG Engine               - isWindows: false
11:39:23.958 [FXGL Background Thread 3 ] DEBUG Engine               - language: ObjectProperty [value: ENGLISH]
11:39:23.958 [FXGL Background Thread 3 ] DEBUG Engine               - menuKey: ESCAPE
11:39:23.958 [FXGL Background Thread 3 ] DEBUG Engine               - mouseSensitivity: 0.2
11:39:23.958 [FXGL Background Thread 3 ] DEBUG Engine               - notificationViewClass: class com.almasb.fxgl.notification.view.XboxNotificationView
11:39:23.958 [FXGL Background Thread 3 ] DEBUG Engine               - pixelsPerMeter: 50.0
11:39:23.958 [FXGL Background Thread 3 ] DEBUG Engine               - platform: MAC
11:39:23.958 [FXGL Background Thread 3 ] DEBUG Engine               - prefHeightProperty: ReadOnlyDoubleProperty [value: 1000.0]
11:39:23.958 [FXGL Background Thread 3 ] DEBUG Engine               - prefWidthProperty: ReadOnlyDoubleProperty [value: 1000.0]
11:39:23.958 [FXGL Background Thread 3 ] DEBUG Engine               - profileDir: profiles/
11:39:23.958 [FXGL Background Thread 3 ] DEBUG Engine               - profileName: StringProperty [value: DEFAULT]
11:39:23.958 [FXGL Background Thread 3 ] DEBUG Engine               - randomSeed: -1
11:39:23.959 [FXGL Background Thread 3 ] DEBUG Engine               - runtimeInfo: RuntimeInfo(platform=MAC, version=17.1, build=24.03.2022 17.34)
11:39:23.959 [FXGL Background Thread 3 ] DEBUG Engine               - saveFileExt: sav
11:39:23.959 [FXGL Background Thread 3 ] DEBUG Engine               - scaledHeightProp$fxgl: DoubleProperty [bound, value: 970.0]
11:39:23.964 [FXGL Background Thread 3 ] DEBUG Engine               - scaledWidthProp$fxgl: DoubleProperty [bound, value: 945.0]
11:39:23.965 [FXGL Background Thread 3 ] DEBUG Engine               - sceneFactory: com.almasb.fxgl.app.scene.SceneFactory@2d9d529f
11:39:23.965 [FXGL Background Thread 3 ] DEBUG Engine               - secondsIn24h: 60
11:39:23.965 [FXGL Background Thread 3 ] DEBUG Engine               - soundMenuBack: menu/back.wav
11:39:23.965 [FXGL Background Thread 3 ] DEBUG Engine               - soundMenuPress: menu/press.wav
11:39:23.965 [FXGL Background Thread 3 ] DEBUG Engine               - soundMenuSelect: menu/select.wav
11:39:23.965 [FXGL Background Thread 3 ] DEBUG Engine               - soundNotification: core/notification.wav
11:39:23.965 [FXGL Background Thread 3 ] DEBUG Engine               - stageStyle: DECORATED
11:39:23.965 [FXGL Background Thread 3 ] DEBUG Engine               - supportedLanguages: [ENGLISH, FRENCH, GERMAN, HUNGARIAN, RUSSIAN]
11:39:23.965 [FXGL Background Thread 3 ] DEBUG Engine               - ticksPerSecond: -1
11:39:23.966 [FXGL Background Thread 3 ] DEBUG Engine               - title: Zombs
11:39:23.967 [FXGL Background Thread 3 ] DEBUG Engine               - urlGithub: https://github.com/AlmasB/FXGL
11:39:23.970 [FXGL Background Thread 3 ] DEBUG Engine               - urlLeaderboard: http://fxgl-top.herokuapp.com/
11:39:23.970 [FXGL Background Thread 3 ] DEBUG Engine               - urlPOM: https://raw.githubusercontent.com/AlmasB/FXGL/release/README.md
11:39:23.970 [FXGL Background Thread 3 ] DEBUG Engine               - userAppClass: class com.csafinal.basedefense.DropApp
11:39:23.970 [FXGL Background Thread 3 ] DEBUG Engine               - version: 1.0
11:39:23.970 [FXGL Background Thread 3 ] DEBUG Engine               - versionCheckDays: 7
11:39:23.970 [FXGL Background Thread 3 ] DEBUG Engine               - width: 1000
11:39:23.970 [FXGL Background Thread 3 ] DEBUG Engine               - Logging services
11:39:23.970 [FXGL Background Thread 3 ] DEBUG Engine               - class com.almasb.fxgl.app.services.FXGLAssetLoaderService
11:39:23.970 [FXGL Background Thread 3 ] DEBUG Engine               - class com.almasb.fxgl.app.FXGLApplication$GameApplicationService
11:39:23.970 [FXGL Background Thread 3 ] DEBUG Engine               - class com.almasb.fxgl.app.services.FXGLDialogService
11:39:23.970 [FXGL Background Thread 3 ] DEBUG Engine               - class com.almasb.fxgl.app.services.IOTaskExecutorService
11:39:23.970 [FXGL Background Thread 3 ] DEBUG Engine               - class com.almasb.fxgl.io.FileSystemService
11:39:23.970 [FXGL Background Thread 3 ] DEBUG Engine               - class com.almasb.fxgl.localization.LocalizationService
11:39:23.970 [FXGL Background Thread 3 ] DEBUG Engine               - class com.almasb.fxgl.app.services.SystemBundleService
11:39:23.970 [FXGL Background Thread 3 ] DEBUG Engine               - class com.almasb.fxgl.profile.SaveLoadService
11:39:23.970 [FXGL Background Thread 3 ] DEBUG Engine               - class com.almasb.fxgl.ui.FXGLUIFactoryServiceProvider
11:39:23.970 [FXGL Background Thread 3 ] DEBUG Engine               - class com.almasb.fxgl.ui.FXGLDialogFactoryServiceProvider
11:39:23.971 [FXGL Background Thread 3 ] DEBUG Engine               - class com.almasb.fxgl.audio.AudioPlayer
11:39:23.971 [FXGL Background Thread 3 ] DEBUG Engine               - class com.almasb.fxgl.notification.impl.NotificationServiceProvider
11:39:23.976 [FXGL Background Thread 3 ] DEBUG Engine               - class com.almasb.fxgl.achievement.AchievementService
11:39:23.976 [FXGL Background Thread 3 ] DEBUG Engine               - class com.almasb.fxgl.cutscene.CutsceneService
11:39:23.976 [FXGL Background Thread 3 ] DEBUG Engine               - class com.almasb.fxgl.minigames.MiniGameService
11:39:23.976 [FXGL Background Thread 3 ] DEBUG Engine               - class com.almasb.fxgl.net.NetService
11:39:23.976 [FXGL Background Thread 3 ] DEBUG Engine               - class com.almasb.fxgl.app.services.UpdaterService
11:39:23.976 [FXGL Background Thread 3 ] DEBUG Engine               - class com.almasb.fxgl.dev.DevService
11:39:24.801 [JavaFX Application Thread] WARN  FXGLAssetLoaderServi - Asset "/assets/textures/droplet.png" was not found!
11:39:24.802 [JavaFX Application Thread] WARN  FXGLAssetLoaderServi - Failed to load IMAGE
11:39:26.671 [JavaFX Application Thread] DEBUG LoopRunner           - Stopping loop
11:39:26.676 [JavaFX Application Thread] FATAL FXGLApplication      - Uncaught Exception:
java.lang.IllegalArgumentException: No EntityFactory has a method annotated @Spawns(building)
	at com.almasb.fxgl.entity@17.1/com.almasb.fxgl.entity.GameWorld.create(GameWorld.kt:413)
	at com.almasb.fxgl.entity@17.1/com.almasb.fxgl.entity.GameWorld.spawn(GameWorld.kt:396)
	at com.almasb.fxgl.entity@17.1/com.almasb.fxgl.entity.GameWorld.spawn(GameWorld.kt:384)
	at com.almasb.fxgl.entity@17.1/com.almasb.fxgl.entity.GameWorld.spawn(GameWorld.kt:359)
	at com.almasb.fxgl.all@17.1/com.almasb.fxgl.dsl.FXGL$Companion.spawn(FXGL.kt:555)
	at com.almasb.fxgl.all@17.1/com.almasb.fxgl.dsl.FXGL.spawn(FXGL.kt)
	at td.main/com.csafinal.basedefense.DropApp.lambda$initGame$1(DropApp.java:124)
	at com.almasb.fxgl.core@17.1/com.almasb.fxgl.time.TimerAction.update(TimerAction.kt:69)
	at com.almasb.fxgl.core@17.1/com.almasb.fxgl.time.Timer.update(Timer.kt:38)
	at com.almasb.fxgl.scene@17.1/com.almasb.fxgl.scene.Scene.update(Scene.kt:104)
	at com.almasb.fxgl.all@17.1/com.almasb.fxgl.app.MainWindow$update$1.invoke(MainWindow.kt:115)
	at com.almasb.fxgl.all@17.1/com.almasb.fxgl.app.MainWindow$update$1.invoke(MainWindow.kt:115)
	at com.almasb.fxgl.core@17.1/com.almasb.fxgl.core.fsm.StateMachine.runOnActiveStates(StateMachine.kt:69)
	at com.almasb.fxgl.all@17.1/com.almasb.fxgl.app.MainWindow.update(MainWindow.kt:115)
	at com.almasb.fxgl.all@17.1/com.almasb.fxgl.app.FXGLApplication$GameApplicationService.onUpdate(FXGLApplication.kt:426)
	at com.almasb.fxgl.all@17.1/com.almasb.fxgl.app.Engine.loop(Engine.kt:134)
	at com.almasb.fxgl.all@17.1/com.almasb.fxgl.app.Engine.access$loop(Engine.kt:24)
	at com.almasb.fxgl.all@17.1/com.almasb.fxgl.app.Engine$loop$1.invoke(Engine.kt:28)
	at com.almasb.fxgl.all@17.1/com.almasb.fxgl.app.Engine$loop$1.invoke(Engine.kt:28)
	at com.almasb.fxgl.all@17.1/com.almasb.fxgl.app.LoopRunner.frame(LoopRunner.kt:103)
	at com.almasb.fxgl.all@17.1/com.almasb.fxgl.app.LoopRunner.access$frame(LoopRunner.kt:23)
	at com.almasb.fxgl.all@17.1/com.almasb.fxgl.app.LoopRunner$impl$2$1.onTick(LoopRunner.kt:57)
	at com.almasb.fxgl.all@17.1/com.almasb.fxgl.app.AnimationTimerLoop$timer$1.handle(LoopRunner.kt:137)
	at javafx.graphics@18/javafx.animation.AnimationTimer$AnimationTimerReceiver.lambda$handle$0(AnimationTimer.java:58)
	at java.base/java.security.AccessController.doPrivileged(AccessController.java:400)
	at javafx.graphics@18/javafx.animation.AnimationTimer$AnimationTimerReceiver.handle(AnimationTimer.java:57)
	at javafx.graphics@18/com.sun.scenario.animation.AbstractPrimaryTimer.timePulseImpl(AbstractPrimaryTimer.java:356)
	at javafx.graphics@18/com.sun.scenario.animation.AbstractPrimaryTimer$MainLoop.run(AbstractPrimaryTimer.java:266)
	at javafx.graphics@18/com.sun.javafx.tk.quantum.QuantumToolkit.pulse(QuantumToolkit.java:571)
	at javafx.graphics@18/com.sun.javafx.tk.quantum.QuantumToolkit.pulse(QuantumToolkit.java:555)
	at javafx.graphics@18/com.sun.javafx.tk.quantum.QuantumToolkit.pulseFromQueue(QuantumToolkit.java:548)
	at javafx.graphics@18/com.sun.javafx.tk.quantum.QuantumToolkit.lambda$runToolkit$11(QuantumToolkit.java:352)
	at javafx.graphics@18/com.sun.glass.ui.InvokeLaterDispatcher$Future.run(InvokeLaterDispatcher.java:96)

11:39:26.680 [JavaFX Application Thread] FATAL FXGLApplication      - Application will now exit
11:39:26.725 [JavaFX Application Thread] DEBUG PrimaryStageWindow   - Push state: ErrorSubScene
11:39:26.725 [JavaFX Application Thread] DEBUG Input                - Clearing active input actions
11:39:26.737 [JavaFX Application Thread] DEBUG GameApplicationServi - Removing overlay from GameScene and adding to ErrorSubScene
11:39:26.739 [JavaFX Application Thread] DEBUG PrimaryStageWindow   - GameScene -> ErrorSubScene
11:39:52.520 [JavaFX Application Thread] DEBUG FXGLApplication      - Exiting FXGL
11:39:52.523 [JavaFX Application Thread] DEBUG Async                - Shutting down background threads
11:39:52.523 [JavaFX Application Thread] DEBUG PrimaryStageWindow   - Closing main window
11:39:52.534 [JavaFX Application Thread] DEBUG Logger               - Closing Logger
