22:30:56.181 [main                     ] DEBUG Logger               - Configured Logger
22:30:56.260 [main                     ] DEBUG GameApplication      - Logging settings
Title: Zombs
Version: 1.0
Width: 2000
Height: 1000
Fullscreen: false
Intro: false
Profiling: false
Single step:false
App Mode: DEVELOPER
Menu Key: ESCAPE
Stage Style: DECORATED
Scene Factory: class com.almasb.fxgl.app.scene.SceneFactory

22:30:57.539 [JavaFX Application Thread] DEBUG FXGLApplication      - Initializing FXGL
22:30:57.548 [JavaFX Application Thread] INFO  Engine               - FXGL-17.3 (30.03.2023 11.49) on MAC (J:20 FX:20)
22:30:57.551 [JavaFX Application Thread] DEBUG Engine               - JRE Vendor Name: Oracle Corporation
22:30:57.551 [JavaFX Application Thread] DEBUG Engine               - Running on OS: Mac OS X version 13.3.1
22:30:57.551 [JavaFX Application Thread] DEBUG Engine               - Architecture: x86_64
22:30:57.551 [JavaFX Application Thread] INFO  Engine               - Source code and latest versions at: https://github.com/AlmasB/FXGL
22:30:57.551 [JavaFX Application Thread] INFO  Engine               -       Ask questions and discuss at: https://github.com/AlmasB/FXGL/discussions
22:30:57.551 [JavaFX Application Thread] INFO  Engine               -              Join the FXGL chat at: https://gitter.im/AlmasB/FXGL
22:30:57.683 [JavaFX Application Thread] DEBUG PrimaryStageWindow   - Creating a JavaFX scene
22:30:57.683 [JavaFX Application Thread] DEBUG PrimaryStageWindow   - Target size > screen size
22:30:57.885 [JavaFX Application Thread] DEBUG PrimaryStageWindow   - Target settings size: 2000.0 x 1000.0
22:30:57.886 [JavaFX Application Thread] DEBUG PrimaryStageWindow   - Scaled scene size:    1415.0 x 720.0
22:30:57.887 [JavaFX Application Thread] DEBUG PrimaryStageWindow   - Scaled ratio: (0.7075, 0.72)
22:30:57.890 [JavaFX Application Thread] DEBUG PrimaryStageWindow   - Set initial scene to FXGLStartupScene
22:30:57.895 [JavaFX Application Thread] DEBUG PrimaryStageWindow   - Opening main window
22:30:58.037 [JavaFX Application Thread] DEBUG PrimaryStageWindow   - Window border size: (0.0, 28.0)
22:30:58.037 [JavaFX Application Thread] DEBUG PrimaryStageWindow   - Scaled size: 1415.0 x 720.0
22:30:58.039 [JavaFX Application Thread] DEBUG PrimaryStageWindow   - Scaled ratio: (0.7075, 0.72)
22:30:58.039 [JavaFX Application Thread] DEBUG PrimaryStageWindow   - Scene size: 1415.0 x 720.0
22:30:58.040 [JavaFX Application Thread] DEBUG PrimaryStageWindow   - Stage size: 1415.0 x 748.0
22:30:58.053 [FXGL Background Thread 1 ] DEBUG Engine               - Initializing environment variables
22:30:58.192 [FXGL Background Thread 1 ] DEBUG FXGLAssetLoaderServi - User app class for loading assets: class com.csafinal.basedefense.DropApp
22:30:58.194 [FXGL Background Thread 1 ] DEBUG GameApplicationServi - Applying CSS: fxgl_dark.css
22:30:58.197 [FXGL Background Thread 1 ] DEBUG FXGLAssetLoaderServi - Loading from file system: jar:file:///Users/ayushkumarrai/.m2/repository/com/github/almasb/fxgl/17.3/fxgl-17.3.jar!/fxglassets/ui/css/fxgl_dark.css
22:30:58.694 [FXGL Background Thread 1 ] DEBUG GameApplicationServi - Initializing application scenes
22:30:59.003 [FXGL Background Thread 1 ] DEBUG GameWorld            - Game world initialized
22:30:59.072 [FXGL Background Thread 1 ] DEBUG PhysicsWorld         - Physics world initialized: appHeight=1000, physics.ppm=50.0
22:30:59.073 [FXGL Background Thread 1 ] DEBUG PhysicsWorld         - Using strategy: BRUTE_FORCE
22:30:59.082 [FXGL Background Thread 1 ] DEBUG GameScene            - Game scene initialized: 2000x1000
22:30:59.097 [FXGL Background Thread 1 ] DEBUG FXGL.DefaultMenu     - createMenuBodyGameMenu()
22:30:59.112 [FXGL Background Thread 1 ] DEBUG FXGL.DefaultMenu     - createOptionsMenu()
22:30:59.127 [FXGL Background Thread 1 ] DEBUG FXGLAssetLoaderServi - Loading from file system: jar:file:///Users/ayushkumarrai/.m2/repository/com/github/almasb/fxgl/17.3/fxgl-17.3.jar!/fxglassets/textures/particles/smoke.png
22:30:59.318 [FXGL Background Thread 1 ] DEBUG FXGLAssetLoaderServi - Loading from file system: jar:file:///Users/ayushkumarrai/.m2/repository/com/github/almasb/fxgl/17.3/fxgl-17.3.jar!/fxglassets/textures/particles/trace_horizontal.png
22:30:59.365 [FXGL Background Thread 1 ] DEBUG GameApplicationServi - Application scenes initialized
22:30:59.396 [FXGL Background Thread 1 ] DEBUG SystemBundleService  - Loading FXGL system data
22:30:59.404 [FXGL Background Thread 1 ] DEBUG FileSystemAccess     - Reading from: /Volumes/AYUSH DRIVE/School 2022-23/M359 AP CS Java A/BaseDefense/system/fxgl.bundle
22:30:59.428 [FXGL Background Thread 1 ] DEBUG SystemBundleService  - Bundle FXGL: {}
22:30:59.428 [FXGL Background Thread 1 ] DEBUG UpdaterService       - Checking for updates
22:30:59.437 [FXGL Background Thread 4 ] DEBUG FXGLApplication      - Loading fonts
22:30:59.441 [FXGL Background Thread 1 ] DEBUG FXGLApplication      - Loading default localization
22:30:59.439 [FXGL Background Thread 4 ] DEBUG FXGLAssetLoaderServi - Loading from file system: jar:file:///Users/ayushkumarrai/.m2/repository/com/github/almasb/fxgl/17.3/fxgl-17.3.jar!/fxglassets/ui/fonts/VarelaRound-Regular.ttf
22:30:59.441 [FXGL Background Thread 1 ] DEBUG FXGLAssetLoaderServi - Loading from file system: jar:file:///Users/ayushkumarrai/.m2/repository/com/github/almasb/fxgl/17.3/fxgl-17.3.jar!/fxglassets/languages/english.lang
22:30:59.467 [FXGL Background Thread 1 ] INFO  FXGLApplication      - FXGL initialization took: 1.413 sec
22:30:59.478 [JavaFX Application Thread] DEBUG Input                - Registered new binding: Left - A
22:30:59.481 [JavaFX Application Thread] DEBUG Input                - Registered new binding: Right - D
22:30:59.481 [JavaFX Application Thread] DEBUG Input                - Registered new binding: Down - S
22:30:59.482 [JavaFX Application Thread] DEBUG Input                - Registered new binding: Up - W
22:30:59.484 [JavaFX Application Thread] DEBUG FXGLAssetLoaderServi - Loading from file system: jar:file:///Users/ayushkumarrai/.m2/repository/com/github/almasb/fxgl/17.3/fxgl-17.3.jar!/fxglassets/textures/fxgl_icon.png
22:30:59.490 [FXGL Background Thread 4 ] DEBUG FXGLAssetLoaderServi - Loading from file system: jar:file:///Users/ayushkumarrai/.m2/repository/com/github/almasb/fxgl/17.3/fxgl-17.3.jar!/fxglassets/ui/fonts/Abel-Regular.ttf
22:30:59.493 [FXGL Background Thread 4 ] DEBUG FXGLAssetLoaderServi - Loading from file system: jar:file:///Users/ayushkumarrai/.m2/repository/com/github/almasb/fxgl/17.3/fxgl-17.3.jar!/fxglassets/ui/fonts/TerminalLandMono-Regular.otf
22:30:59.497 [FXGL Background Thread 4 ] DEBUG FXGLAssetLoaderServi - Loading from file system: jar:file:///Users/ayushkumarrai/.m2/repository/com/github/almasb/fxgl/17.3/fxgl-17.3.jar!/fxglassets/ui/fonts/Courier-Prime.ttf
22:30:59.529 [JavaFX Application Thread] DEBUG FXGLAssetLoaderServi - Loading from file system: jar:file:///Users/ayushkumarrai/.m2/repository/com/github/almasb/fxgl/17.3/fxgl-17.3.jar!/fxglassets/textures/fxgl_default_cursor.png
22:30:59.532 [JavaFX Application Thread] DEBUG Input                - Registered new binding: Screenshot - CTRL+8
22:30:59.534 [JavaFX Application Thread] DEBUG Input                - Registered new binding: System info dump - CTRL+9
22:30:59.534 [JavaFX Application Thread] DEBUG Input                - Registered new binding: Restart - CTRL+R
22:30:59.534 [JavaFX Application Thread] DEBUG Input                - Registered new binding: Toggle Debug Camera - CTRL+7
22:30:59.539 [JavaFX Application Thread] DEBUG LoopRunner           - Starting loop
22:30:59.539 [JavaFX Application Thread] DEBUG LoopRunner           - Initializing JavaFX AnimationTimerLoop
22:30:59.539 [JavaFX Application Thread] DEBUG GameApplicationServi - Starting new game
22:30:59.540 [JavaFX Application Thread] DEBUG Input                - Clearing active input actions
22:30:59.579 [JavaFX Application Thread] DEBUG GameApplicationServi - Removing overlay from FXGLStartupScene and adding to FXGLLoadingScene
22:30:59.580 [JavaFX Application Thread] DEBUG PrimaryStageWindow   - FXGLStartupScene -> FXGLLoadingScene
22:30:59.580 [JavaFX Application Thread] DEBUG GameApplicationServi - Clearing previous game
22:30:59.581 [JavaFX Application Thread] DEBUG GameScene            - Clearing game scene
22:30:59.581 [JavaFX Application Thread] DEBUG GameWorld            - Clearing game world
22:30:59.581 [JavaFX Application Thread] DEBUG PhysicsWorld         - Clearing physics world
22:30:59.582 [FXGL Background Thread 4 ] DEBUG FXGLApplication      - Initializing game
22:30:59.693 [FXGL Background Thread 4 ] WARN  TMXLevelLoader       - TiledMap generated from 1.10.0. Supported version: 1.9.0. Some features may not be parsed fully.
22:30:59.731 [JavaFX Application Thread] DEBUG FXGLApplication      - Registering font factories with UI factory
22:30:59.737 [FXGL Background Thread 4 ] DEBUG TMXLevelLoader       - Parsed TiledMap: file:/Volumes/AYUSH%20DRIVE/School%202022-23/M359%20AP%20CS%20Java%20A/BaseDefense/target/classes/assets/levels/tmx/td1.tmx
22:30:59.739 [FXGL Background Thread 4 ] DEBUG TMXLevelLoader       - Creating tile layer entities
22:30:59.741 [FXGL Background Thread 4 ] DEBUG TilesetLoader        - Loading view for layer Ground
22:30:59.743 [FXGL Background Thread 4 ] DEBUG TilesetLoader        - Created buffer with size 1600.0x896.0
22:31:00.066 [FXGL Background Thread 4 ] DEBUG TilesetLoader        - Loading view for layer Decor
22:31:00.089 [FXGL Background Thread 4 ] DEBUG TilesetLoader        - Created buffer with size 1600.0x896.0
22:31:00.092 [FXGL Background Thread 4 ] DEBUG TMXLevelLoader       - Creating object layer entities
22:31:00.298 [FXGL Background Thread 4 ] DEBUG GameWorld            - Clearing removable entities
22:31:00.301 [FXGL Background Thread 4 ] DEBUG GameWorld            - Setting level: com.almasb.fxgl.entity.level.Level@3a5b76da
22:31:00.333 [FXGL Background Thread 4 ] DEBUG FXGLAssetLoaderServi - Loading JSON from: file:/Volumes/AYUSH%20DRIVE/School%202022-23/M359%20AP%20CS%20Java%20A/BaseDefense/target/classes/assets/towers/tower1.json
22:31:00.692 [FXGL Background Thread 4 ] DEBUG FXGLAssetLoaderServi - Loading JSON from: file:/Volumes/AYUSH%20DRIVE/School%202022-23/M359%20AP%20CS%20Java%20A/BaseDefense/target/classes/assets/towers/tower2.json
22:31:00.698 [FXGL Background Thread 4 ] DEBUG FXGLAssetLoaderServi - Loading JSON from: file:/Volumes/AYUSH%20DRIVE/School%202022-23/M359%20AP%20CS%20Java%20A/BaseDefense/target/classes/assets/towers/tower3.json
22:31:00.714 [FXGL Background Thread 4 ] DEBUG FXGLAssetLoaderServi - Loading JSON from: file:/Volumes/AYUSH%20DRIVE/School%202022-23/M359%20AP%20CS%20Java%20A/BaseDefense/target/classes/assets/towers/tower4.json
22:31:00.727 [FXGL Background Thread 4 ] DEBUG FXGLAssetLoaderServi - Loading JSON from: file:/Volumes/AYUSH%20DRIVE/School%202022-23/M359%20AP%20CS%20Java%20A/BaseDefense/target/classes/assets/towers/tower5.json
22:31:00.735 [FXGL Background Thread 4 ] DEBUG FXGLAssetLoaderServi - Loading JSON from: file:/Volumes/AYUSH%20DRIVE/School%202022-23/M359%20AP%20CS%20Java%20A/BaseDefense/target/classes/assets/towers/tower6.json
22:31:00.757 [FXGL Background Thread 4 ] DEBUG FXGLAssetLoaderServi - Loading from file system: file:/Volumes/AYUSH%20DRIVE/School%202022-23/M359%20AP%20CS%20Java%20A/BaseDefense/target/classes/assets/textures/player.png
22:31:00.785 [FXGL Background Thread 4 ] INFO  FXGLApplication      - Game initialization took: 1.202 sec
22:31:00.787 [JavaFX Application Thread] DEBUG Input                - Clearing active input actions
22:31:00.865 [JavaFX Application Thread] DEBUG GameApplicationServi - Removing overlay from FXGLLoadingScene and adding to GameScene
22:31:00.872 [JavaFX Application Thread] DEBUG PrimaryStageWindow   - FXGLLoadingScene -> GameScene
22:31:02.456 [FXGL Background Thread 3 ] DEBUG Engine               - Logging environment variables
22:31:02.461 [FXGL Background Thread 3 ] DEBUG Engine               - achievements: []
22:31:02.461 [FXGL Background Thread 3 ] DEBUG Engine               - actualHeight: 720.0
22:31:02.461 [FXGL Background Thread 3 ] DEBUG Engine               - actualHeightProperty: ReadOnlyDoubleProperty [value: 720.0]
22:31:02.461 [FXGL Background Thread 3 ] DEBUG Engine               - actualWidth: 1415.0
22:31:02.461 [FXGL Background Thread 3 ] DEBUG Engine               - actualWidthProperty: ReadOnlyDoubleProperty [value: 1415.0]
22:31:02.461 [FXGL Background Thread 3 ] DEBUG Engine               - appIcon: fxgl_icon.png
22:31:02.461 [FXGL Background Thread 3 ] DEBUG Engine               - applicationMode: DEVELOPER
22:31:02.462 [FXGL Background Thread 3 ] DEBUG Engine               - cSSList: [fxgl_dark.css]
22:31:02.463 [FXGL Background Thread 3 ] DEBUG Engine               - collisionDetectionStrategy: BRUTE_FORCE
22:31:02.463 [FXGL Background Thread 3 ] DEBUG Engine               - configClass: Optional.empty
22:31:02.463 [FXGL Background Thread 3 ] DEBUG Engine               - credits: []
22:31:02.467 [FXGL Background Thread 3 ] DEBUG Engine               - defaultCursor: CursorInfo(imageName=fxgl_default_cursor.png, hotspotX=7.0, hotspotY=6.0)
22:31:02.468 [FXGL Background Thread 3 ] DEBUG Engine               - devBBoxColorProperty: ObjectProperty [value: 0xff0000ff]
22:31:02.469 [FXGL Background Thread 3 ] DEBUG Engine               - devEnableDebugCameraProperty: BooleanProperty [value: false]
22:31:02.469 [FXGL Background Thread 3 ] DEBUG Engine               - devSensorColorProperty: ObjectProperty [value: 0xffff00ff]
22:31:02.469 [FXGL Background Thread 3 ] DEBUG Engine               - devShowBBoxProperty: BooleanProperty [value: false]
22:31:02.469 [FXGL Background Thread 3 ] DEBUG Engine               - devShowPositionProperty: BooleanProperty [value: false]
22:31:02.469 [FXGL Background Thread 3 ] DEBUG Engine               - enabledMenuItems: []
22:31:02.469 [FXGL Background Thread 3 ] DEBUG Engine               - engineServices: [class com.almasb.fxgl.app.services.FXGLAssetLoaderService, class com.almasb.fxgl.app.FXGLApplication$GameApplicationService, class com.almasb.fxgl.app.services.FXGLDialogService, class com.almasb.fxgl.app.services.IOTaskExecutorService, class com.almasb.fxgl.io.FileSystemService, class com.almasb.fxgl.localization.LocalizationService, class com.almasb.fxgl.app.services.SystemBundleService, class com.almasb.fxgl.profile.SaveLoadService, class com.almasb.fxgl.ui.FXGLUIFactoryServiceProvider, class com.almasb.fxgl.ui.FXGLDialogFactoryServiceProvider, class com.almasb.fxgl.audio.AudioPlayer, class com.almasb.fxgl.notification.impl.NotificationServiceProvider, class com.almasb.fxgl.achievement.AchievementService, class com.almasb.fxgl.cutscene.CutsceneService, class com.almasb.fxgl.minigames.MiniGameService, class com.almasb.fxgl.net.NetService, class com.almasb.fxgl.app.services.UpdaterService, class com.almasb.fxgl.dev.DevService]
22:31:02.469 [FXGL Background Thread 3 ] DEBUG Engine               - fontGame: Abel-Regular.ttf
22:31:02.469 [FXGL Background Thread 3 ] DEBUG Engine               - fontMono: TerminalLandMono-Regular.otf
22:31:02.469 [FXGL Background Thread 3 ] DEBUG Engine               - fontSizeScaleUI: 1.0
22:31:02.470 [FXGL Background Thread 3 ] DEBUG Engine               - fontText: Courier-Prime.ttf
22:31:02.470 [FXGL Background Thread 3 ] DEBUG Engine               - fontUI: VarelaRound-Regular.ttf
22:31:02.470 [FXGL Background Thread 3 ] DEBUG Engine               - fullScreen: BooleanProperty [value: false]
22:31:02.470 [FXGL Background Thread 3 ] DEBUG Engine               - gameDifficulty: MEDIUM
22:31:02.470 [FXGL Background Thread 3 ] DEBUG Engine               - gameDifficultyProperty: ObjectProperty [value: MEDIUM]
22:31:02.470 [FXGL Background Thread 3 ] DEBUG Engine               - globalMusicVolume: 0.5
22:31:02.470 [FXGL Background Thread 3 ] DEBUG Engine               - globalMusicVolumeProperty: DoubleProperty [value: 0.5]
22:31:02.470 [FXGL Background Thread 3 ] DEBUG Engine               - globalSoundVolume: 0.5
22:31:02.470 [FXGL Background Thread 3 ] DEBUG Engine               - globalSoundVolumeProperty: DoubleProperty [value: 0.5]
22:31:02.471 [FXGL Background Thread 3 ] DEBUG Engine               - height: 1000
22:31:02.471 [FXGL Background Thread 3 ] DEBUG Engine               - is3D: false
22:31:02.471 [FXGL Background Thread 3 ] DEBUG Engine               - isAndroid: false
22:31:02.471 [FXGL Background Thread 3 ] DEBUG Engine               - isBrowser: false
22:31:02.471 [FXGL Background Thread 3 ] DEBUG Engine               - isClickFeedbackEnabled: false
22:31:02.472 [FXGL Background Thread 3 ] DEBUG Engine               - isCloseConfirmation: false
22:31:02.472 [FXGL Background Thread 3 ] DEBUG Engine               - isDesktop: true
22:31:02.472 [FXGL Background Thread 3 ] DEBUG Engine               - isDeveloperMenuEnabled: false
22:31:02.472 [FXGL Background Thread 3 ] DEBUG Engine               - isEmbedded: false
22:31:02.472 [FXGL Background Thread 3 ] DEBUG Engine               - isEntityPreloadEnabled: true
22:31:02.473 [FXGL Background Thread 3 ] DEBUG Engine               - isExperimentalTiledLargeMap: false
22:31:02.473 [FXGL Background Thread 3 ] DEBUG Engine               - isFileSystemWriteAllowed: true
22:31:02.473 [FXGL Background Thread 3 ] DEBUG Engine               - isFullScreenAllowed: false
22:31:02.473 [FXGL Background Thread 3 ] DEBUG Engine               - isFullScreenFromStart: false
22:31:02.473 [FXGL Background Thread 3 ] DEBUG Engine               - isGameMenuEnabled: true
22:31:02.473 [FXGL Background Thread 3 ] DEBUG Engine               - isIOS: false
22:31:02.473 [FXGL Background Thread 3 ] DEBUG Engine               - isIntroEnabled: false
22:31:02.473 [FXGL Background Thread 3 ] DEBUG Engine               - isLinux: false
22:31:02.473 [FXGL Background Thread 3 ] DEBUG Engine               - isMac: true
22:31:02.473 [FXGL Background Thread 3 ] DEBUG Engine               - isMainMenuEnabled: false
22:31:02.473 [FXGL Background Thread 3 ] DEBUG Engine               - isManualResizeEnabled: false
22:31:02.473 [FXGL Background Thread 3 ] DEBUG Engine               - isMobile: false
22:31:02.473 [FXGL Background Thread 3 ] DEBUG Engine               - isNative: false
22:31:02.473 [FXGL Background Thread 3 ] DEBUG Engine               - isPauseMusicWhenMinimized: true
22:31:02.473 [FXGL Background Thread 3 ] DEBUG Engine               - isPreserveResizeRatio: false
22:31:02.473 [FXGL Background Thread 3 ] DEBUG Engine               - isProfilingEnabled: false
22:31:02.474 [FXGL Background Thread 3 ] DEBUG Engine               - isScaleAffectedOnResize: true
22:31:02.474 [FXGL Background Thread 3 ] DEBUG Engine               - isSingleStep: false
22:31:02.474 [FXGL Background Thread 3 ] DEBUG Engine               - isUserProfileEnabled: false
22:31:02.474 [FXGL Background Thread 3 ] DEBUG Engine               - isWindows: false
22:31:02.474 [FXGL Background Thread 3 ] DEBUG Engine               - language: ObjectProperty [value: ENGLISH]
22:31:02.474 [FXGL Background Thread 3 ] DEBUG Engine               - menuKey: ESCAPE
22:31:02.474 [FXGL Background Thread 3 ] DEBUG Engine               - mouseSensitivity: 0.2
22:31:02.474 [FXGL Background Thread 3 ] DEBUG Engine               - notificationViewClass: class com.almasb.fxgl.notification.view.XboxNotificationView
22:31:02.474 [FXGL Background Thread 3 ] DEBUG Engine               - pixelsPerMeter: 50.0
22:31:02.474 [FXGL Background Thread 3 ] DEBUG Engine               - platform: MAC
22:31:02.474 [FXGL Background Thread 3 ] DEBUG Engine               - prefHeightProperty: ReadOnlyDoubleProperty [value: 1000.0]
22:31:02.474 [FXGL Background Thread 3 ] DEBUG Engine               - prefWidthProperty: ReadOnlyDoubleProperty [value: 2000.0]
22:31:02.474 [FXGL Background Thread 3 ] DEBUG Engine               - profileDir: profiles/
22:31:02.474 [FXGL Background Thread 3 ] DEBUG Engine               - profileName: StringProperty [value: DEFAULT]
22:31:02.474 [FXGL Background Thread 3 ] DEBUG Engine               - randomSeed: -1
22:31:02.475 [FXGL Background Thread 3 ] DEBUG Engine               - runtimeInfo: RuntimeInfo(platform=MAC, version=17.3, build=30.03.2023 11.49)
22:31:02.475 [FXGL Background Thread 3 ] DEBUG Engine               - saveFileExt: sav
22:31:02.475 [FXGL Background Thread 3 ] DEBUG Engine               - scaledHeightProp$fxgl: DoubleProperty [bound, value: 720.0]
22:31:02.480 [FXGL Background Thread 3 ] DEBUG Engine               - scaledWidthProp$fxgl: DoubleProperty [bound, value: 1415.0]
22:31:02.482 [FXGL Background Thread 3 ] DEBUG Engine               - sceneFactory: com.almasb.fxgl.app.scene.SceneFactory@413018e6
22:31:02.482 [FXGL Background Thread 3 ] DEBUG Engine               - secondsIn24h: 60
22:31:02.482 [FXGL Background Thread 3 ] DEBUG Engine               - soundMenuBack: menu/back.wav
22:31:02.482 [FXGL Background Thread 3 ] DEBUG Engine               - soundMenuPress: menu/press.wav
22:31:02.482 [FXGL Background Thread 3 ] DEBUG Engine               - soundMenuSelect: menu/select.wav
22:31:02.482 [FXGL Background Thread 3 ] DEBUG Engine               - soundNotification: core/notification.wav
22:31:02.482 [FXGL Background Thread 3 ] DEBUG Engine               - stageStyle: DECORATED
22:31:02.482 [FXGL Background Thread 3 ] DEBUG Engine               - supportedLanguages: [ENGLISH, FRENCH, GERMAN, HUNGARIAN, RUSSIAN]
22:31:02.485 [FXGL Background Thread 3 ] DEBUG Engine               - ticksPerSecond: -1
22:31:02.485 [FXGL Background Thread 3 ] DEBUG Engine               - title: Zombs
22:31:02.485 [FXGL Background Thread 3 ] DEBUG Engine               - urlGithub: https://github.com/AlmasB/FXGL
22:31:02.485 [FXGL Background Thread 3 ] DEBUG Engine               - urlLeaderboard: http://fxgl-top.herokuapp.com/
22:31:02.485 [FXGL Background Thread 3 ] DEBUG Engine               - urlPOM: https://raw.githubusercontent.com/AlmasB/FXGL/release/README.md
22:31:02.485 [FXGL Background Thread 3 ] DEBUG Engine               - userAppClass: class com.csafinal.basedefense.DropApp
22:31:02.485 [FXGL Background Thread 3 ] DEBUG Engine               - version: 1.0
22:31:02.485 [FXGL Background Thread 3 ] DEBUG Engine               - versionCheckDays: 7
22:31:02.485 [FXGL Background Thread 3 ] DEBUG Engine               - width: 2000
22:31:02.485 [FXGL Background Thread 3 ] DEBUG Engine               - Logging services
22:31:02.485 [FXGL Background Thread 3 ] DEBUG Engine               - class com.almasb.fxgl.app.services.FXGLAssetLoaderService
22:31:02.485 [FXGL Background Thread 3 ] DEBUG Engine               - class com.almasb.fxgl.app.FXGLApplication$GameApplicationService
22:31:02.485 [FXGL Background Thread 3 ] DEBUG Engine               - class com.almasb.fxgl.app.services.FXGLDialogService
22:31:02.486 [FXGL Background Thread 3 ] DEBUG Engine               - class com.almasb.fxgl.app.services.IOTaskExecutorService
22:31:02.486 [FXGL Background Thread 3 ] DEBUG Engine               - class com.almasb.fxgl.io.FileSystemService
22:31:02.486 [FXGL Background Thread 3 ] DEBUG Engine               - class com.almasb.fxgl.localization.LocalizationService
22:31:02.486 [FXGL Background Thread 3 ] DEBUG Engine               - class com.almasb.fxgl.app.services.SystemBundleService
22:31:02.493 [FXGL Background Thread 3 ] DEBUG Engine               - class com.almasb.fxgl.profile.SaveLoadService
22:31:02.493 [FXGL Background Thread 3 ] DEBUG Engine               - class com.almasb.fxgl.ui.FXGLUIFactoryServiceProvider
22:31:02.493 [FXGL Background Thread 3 ] DEBUG Engine               - class com.almasb.fxgl.ui.FXGLDialogFactoryServiceProvider
22:31:02.493 [FXGL Background Thread 3 ] DEBUG Engine               - class com.almasb.fxgl.audio.AudioPlayer
22:31:02.493 [FXGL Background Thread 3 ] DEBUG Engine               - class com.almasb.fxgl.notification.impl.NotificationServiceProvider
22:31:02.493 [FXGL Background Thread 3 ] DEBUG Engine               - class com.almasb.fxgl.achievement.AchievementService
22:31:02.493 [FXGL Background Thread 3 ] DEBUG Engine               - class com.almasb.fxgl.cutscene.CutsceneService
22:31:02.493 [FXGL Background Thread 3 ] DEBUG Engine               - class com.almasb.fxgl.minigames.MiniGameService
22:31:02.493 [FXGL Background Thread 3 ] DEBUG Engine               - class com.almasb.fxgl.net.NetService
22:31:02.493 [FXGL Background Thread 3 ] DEBUG Engine               - class com.almasb.fxgl.app.services.UpdaterService
22:31:02.493 [FXGL Background Thread 3 ] DEBUG Engine               - class com.almasb.fxgl.dev.DevService
22:31:03.394 [JavaFX Application Thread] DEBUG FXGLAssetLoaderServi - Loading from file system: file:/Volumes/AYUSH%20DRIVE/School%202022-23/M359%20AP%20CS%20Java%20A/BaseDefense/target/classes/assets/textures/enemies/enemy1.png
22:31:05.169 [JavaFX Application Thread] DEBUG FXGLAssetLoaderServi - Loading from file system: file:/Volumes/AYUSH%20DRIVE/School%202022-23/M359%20AP%20CS%20Java%20A/BaseDefense/target/classes/assets/textures/towers/tower1.png
22:31:06.636 [JavaFX Application Thread] DEBUG FXGLAssetLoaderServi - Loading from file system: file:/Volumes/AYUSH%20DRIVE/School%202022-23/M359%20AP%20CS%20Java%20A/BaseDefense/target/classes/assets/textures/projectile.png
22:32:39.619 [JavaFX Application Thread] WARN  FXGLAssetLoaderServi - Asset "/assets/sounds/drop.wav" was not found!
22:32:39.621 [JavaFX Application Thread] WARN  FXGLAssetLoaderServi - Failed to load SOUND
22:33:16.412 [JavaFX Application Thread] WARN  FXGLAssetLoaderServi - Asset "/assets/sounds/drop.wav" was not found!
22:33:16.414 [JavaFX Application Thread] WARN  FXGLAssetLoaderServi - Failed to load SOUND
22:33:42.858 [JavaFX Application Thread] WARN  FXGLAssetLoaderServi - Asset "/assets/sounds/drop.wav" was not found!
22:33:42.862 [JavaFX Application Thread] WARN  FXGLAssetLoaderServi - Failed to load SOUND
22:33:45.868 [JavaFX Application Thread] WARN  FXGLAssetLoaderServi - Asset "/assets/sounds/drop.wav" was not found!
22:33:45.869 [JavaFX Application Thread] WARN  FXGLAssetLoaderServi - Failed to load SOUND
22:34:27.949 [JavaFX Application Thread] WARN  FXGLAssetLoaderServi - Asset "/assets/sounds/drop.wav" was not found!
22:34:27.951 [JavaFX Application Thread] WARN  FXGLAssetLoaderServi - Failed to load SOUND
22:34:46.023 [JavaFX Application Thread] WARN  FXGLAssetLoaderServi - Asset "/assets/sounds/drop.wav" was not found!
22:34:46.025 [JavaFX Application Thread] WARN  FXGLAssetLoaderServi - Failed to load SOUND
22:36:25.301 [JavaFX Application Thread] WARN  FXGLAssetLoaderServi - Asset "/assets/sounds/drop.wav" was not found!
22:36:25.303 [JavaFX Application Thread] WARN  FXGLAssetLoaderServi - Failed to load SOUND
22:37:16.514 [JavaFX Application Thread] WARN  FXGLAssetLoaderServi - Asset "/assets/sounds/drop.wav" was not found!
22:37:16.516 [JavaFX Application Thread] WARN  FXGLAssetLoaderServi - Failed to load SOUND
22:37:55.634 [JavaFX Application Thread] WARN  FXGLAssetLoaderServi - Asset "/assets/sounds/drop.wav" was not found!
22:37:55.637 [JavaFX Application Thread] WARN  FXGLAssetLoaderServi - Failed to load SOUND
22:39:01.872 [JavaFX Application Thread] WARN  FXGLAssetLoaderServi - Asset "/assets/sounds/drop.wav" was not found!
22:39:01.874 [JavaFX Application Thread] WARN  FXGLAssetLoaderServi - Failed to load SOUND
22:39:13.900 [JavaFX Application Thread] WARN  FXGLAssetLoaderServi - Asset "/assets/sounds/drop.wav" was not found!
22:39:13.901 [JavaFX Application Thread] WARN  FXGLAssetLoaderServi - Failed to load SOUND
22:39:16.930 [JavaFX Application Thread] WARN  FXGLAssetLoaderServi - Asset "/assets/sounds/drop.wav" was not found!
22:39:16.930 [JavaFX Application Thread] WARN  FXGLAssetLoaderServi - Failed to load SOUND
22:40:38.369 [JavaFX Application Thread] WARN  FXGLAssetLoaderServi - Asset "/assets/sounds/drop.wav" was not found!
22:40:38.373 [JavaFX Application Thread] WARN  FXGLAssetLoaderServi - Failed to load SOUND
22:40:47.412 [JavaFX Application Thread] WARN  FXGLAssetLoaderServi - Asset "/assets/sounds/drop.wav" was not found!
22:40:47.412 [JavaFX Application Thread] WARN  FXGLAssetLoaderServi - Failed to load SOUND
22:40:50.419 [JavaFX Application Thread] WARN  FXGLAssetLoaderServi - Asset "/assets/sounds/drop.wav" was not found!
22:40:50.420 [JavaFX Application Thread] WARN  FXGLAssetLoaderServi - Failed to load SOUND
22:40:57.612 [JavaFX Application Thread] DEBUG FXGLApplication      - Exiting FXGL
22:40:57.614 [JavaFX Application Thread] DEBUG LoopRunner           - Stopping loop
22:40:57.614 [JavaFX Application Thread] DEBUG SystemBundleService  - Saving FXGL system data
22:40:57.692 [JavaFX Application Thread] DEBUG FileSystemAccess     - Writing to: /Volumes/AYUSH DRIVE/School 2022-23/M359 AP CS Java A/BaseDefense/system/fxgl.bundle
22:40:57.737 [JavaFX Application Thread] DEBUG Async                - Shutting down background threads
22:40:57.744 [JavaFX Application Thread] DEBUG PrimaryStageWindow   - Closing main window
22:40:57.785 [JavaFX Application Thread] DEBUG Logger               - Closing Logger
