11:36:09.499 [main                     ] DEBUG Logger               - Configured Logger
11:36:09.568 [main                     ] DEBUG GameApplication      - Logging settings
Title: Zombs
Version: 1.0
Width: 1000
Height: 1000
Fullscreen: false
Intro: false
Profiling: false
Single step:false
App Mode: DEVELOPER
Menu Key: ESCAPE
Stage Style: DECORATED
Scene Factory: class com.almasb.fxgl.app.scene.SceneFactory

11:36:10.901 [JavaFX Application Thread] DEBUG FXGLApplication      - Initializing FXGL
11:36:10.911 [JavaFX Application Thread] INFO  Engine               - FXGL-17.1 (24.03.2022 17.34) on MAC (J:20 FX:18)
11:36:10.913 [JavaFX Application Thread] DEBUG Engine               - JRE Vendor Name: Oracle Corporation
11:36:10.914 [JavaFX Application Thread] DEBUG Engine               - Running on OS: Mac OS X version 13.1
11:36:10.914 [JavaFX Application Thread] DEBUG Engine               - Architecture: x86_64
11:36:10.914 [JavaFX Application Thread] INFO  Engine               - Source code and latest versions at: https://github.com/AlmasB/FXGL
11:36:10.914 [JavaFX Application Thread] INFO  Engine               -       Ask questions and discuss at: https://github.com/AlmasB/FXGL/discussions
11:36:10.915 [JavaFX Application Thread] INFO  Engine               -              Join the FXGL chat at: https://gitter.im/AlmasB/FXGL
11:36:10.995 [JavaFX Application Thread] DEBUG PrimaryStageWindow   - Creating a JavaFX scene
11:36:10.995 [JavaFX Application Thread] DEBUG PrimaryStageWindow   - Target size > screen size
11:36:11.108 [JavaFX Application Thread] DEBUG PrimaryStageWindow   - Target settings size: 1000.0 x 1000.0
11:36:11.109 [JavaFX Application Thread] DEBUG PrimaryStageWindow   - Scaled scene size:    945.0 x 970.0
11:36:11.110 [JavaFX Application Thread] DEBUG PrimaryStageWindow   - Scaled ratio: (0.945, 0.97)
11:36:11.113 [JavaFX Application Thread] DEBUG PrimaryStageWindow   - Set initial scene to FXGLStartupScene
11:36:11.125 [JavaFX Application Thread] DEBUG PrimaryStageWindow   - Opening main window
11:36:11.428 [JavaFX Application Thread] DEBUG PrimaryStageWindow   - Window border size: (0.0, 28.0)
11:36:11.429 [JavaFX Application Thread] DEBUG PrimaryStageWindow   - Scaled size: 945.0 x 970.0
11:36:11.429 [JavaFX Application Thread] DEBUG PrimaryStageWindow   - Scaled ratio: (0.945, 0.97)
11:36:11.429 [JavaFX Application Thread] DEBUG PrimaryStageWindow   - Scene size: 945.0 x 970.0
11:36:11.430 [JavaFX Application Thread] DEBUG PrimaryStageWindow   - Stage size: 945.0 x 998.0
11:36:11.447 [FXGL Background Thread 1 ] DEBUG Engine               - Initializing environment variables
11:36:11.681 [FXGL Background Thread 1 ] DEBUG FXGLAssetLoaderServi - User app class for loading assets: class com.csafinal.basedefense.DropApp
11:36:11.681 [FXGL Background Thread 1 ] DEBUG GameApplicationServi - Applying CSS: fxgl_dark.css
11:36:11.683 [FXGL Background Thread 1 ] DEBUG FXGLAssetLoaderServi - Loading from file system: jar:file:///Users/ayushkumarrai/.m2/repository/com/github/almasb/fxgl/17.1/fxgl-17.1.jar!/fxglassets/ui/css/fxgl_dark.css
11:36:11.830 [FXGL Background Thread 1 ] DEBUG GameApplicationServi - Initializing application scenes
11:36:12.575 [FXGL Background Thread 1 ] DEBUG GameWorld            - Game world initialized
11:36:12.782 [FXGL Background Thread 1 ] DEBUG PhysicsWorld         - Physics world initialized: appHeight=1000, physics.ppm=50.0
11:36:12.786 [FXGL Background Thread 1 ] DEBUG PhysicsWorld         - Using strategy: BRUTE_FORCE
11:36:12.885 [FXGL Background Thread 1 ] DEBUG GameScene            - Game scene initialized: 1000x1000
11:36:12.910 [FXGL Background Thread 1 ] DEBUG FXGL.DefaultMenu     - createMenuBodyGameMenu()
11:36:12.923 [FXGL Background Thread 1 ] DEBUG FXGL.DefaultMenu     - createOptionsMenu()
11:36:12.939 [FXGL Background Thread 1 ] DEBUG FXGLAssetLoaderServi - Loading from file system: jar:file:///Users/ayushkumarrai/.m2/repository/com/github/almasb/fxgl/17.1/fxgl-17.1.jar!/fxglassets/textures/particles/smoke.png
11:36:13.145 [FXGL Background Thread 1 ] DEBUG FXGLAssetLoaderServi - Loading from file system: jar:file:///Users/ayushkumarrai/.m2/repository/com/github/almasb/fxgl/17.1/fxgl-17.1.jar!/fxglassets/textures/particles/trace_horizontal.png
11:36:13.175 [FXGL Background Thread 1 ] DEBUG GameApplicationServi - Application scenes initialized
11:36:13.214 [FXGL Background Thread 1 ] DEBUG SystemBundleService  - Loading FXGL system data
11:36:13.263 [FXGL Background Thread 1 ] DEBUG FileSystemAccess     - Reading from: /Volumes/AYUSH DRIVE/School 2022-23/M359 AP CS Java A/TowerDefense/system/fxgl.bundle
11:36:13.289 [FXGL Background Thread 1 ] DEBUG SystemBundleService  - Bundle FXGL: {}
11:36:13.290 [FXGL Background Thread 1 ] DEBUG UpdaterService       - Checking for updates
11:36:13.295 [FXGL Background Thread 4 ] DEBUG FXGLApplication      - Loading fonts
11:36:13.297 [FXGL Background Thread 1 ] DEBUG FXGLApplication      - Loading default localization
11:36:13.308 [FXGL Background Thread 1 ] DEBUG FXGLAssetLoaderServi - Loading from file system: jar:file:///Users/ayushkumarrai/.m2/repository/com/github/almasb/fxgl/17.1/fxgl-17.1.jar!/fxglassets/languages/english.lang
11:36:13.312 [FXGL Background Thread 4 ] DEBUG FXGLAssetLoaderServi - Loading from file system: jar:file:///Users/ayushkumarrai/.m2/repository/com/github/almasb/fxgl/17.1/fxgl-17.1.jar!/fxglassets/ui/fonts/VarelaRound-Regular.ttf
11:36:13.347 [FXGL Background Thread 1 ] INFO  FXGLApplication      - FXGL initialization took: 1.899 sec
11:36:13.356 [FXGL Background Thread 4 ] DEBUG FXGLAssetLoaderServi - Loading from file system: jar:file:///Users/ayushkumarrai/.m2/repository/com/github/almasb/fxgl/17.1/fxgl-17.1.jar!/fxglassets/ui/fonts/Abel-Regular.ttf
11:36:13.356 [JavaFX Application Thread] DEBUG Input                - Registered new binding: Left - A
11:36:13.357 [JavaFX Application Thread] DEBUG Input                - Registered new binding: Right - D
11:36:13.357 [JavaFX Application Thread] DEBUG Input                - Registered new binding: Down - S
11:36:13.357 [JavaFX Application Thread] DEBUG Input                - Registered new binding: Up - W
11:36:13.358 [JavaFX Application Thread] DEBUG FXGLAssetLoaderServi - Loading from file system: jar:file:///Users/ayushkumarrai/.m2/repository/com/github/almasb/fxgl/17.1/fxgl-17.1.jar!/fxglassets/textures/fxgl_icon.png
11:36:13.361 [FXGL Background Thread 4 ] DEBUG FXGLAssetLoaderServi - Loading from file system: jar:file:///Users/ayushkumarrai/.m2/repository/com/github/almasb/fxgl/17.1/fxgl-17.1.jar!/fxglassets/ui/fonts/TerminalLandMono-Regular.otf
11:36:13.369 [FXGL Background Thread 4 ] DEBUG FXGLAssetLoaderServi - Loading from file system: jar:file:///Users/ayushkumarrai/.m2/repository/com/github/almasb/fxgl/17.1/fxgl-17.1.jar!/fxglassets/ui/fonts/Courier-Prime.ttf
11:36:13.407 [JavaFX Application Thread] DEBUG FXGLAssetLoaderServi - Loading from file system: jar:file:///Users/ayushkumarrai/.m2/repository/com/github/almasb/fxgl/17.1/fxgl-17.1.jar!/fxglassets/textures/fxgl_default_cursor.png
11:36:13.410 [JavaFX Application Thread] DEBUG Input                - Registered new binding: Screenshot - CTRL+8
11:36:13.411 [JavaFX Application Thread] DEBUG Input                - Registered new binding: System info dump - CTRL+9
11:36:13.411 [JavaFX Application Thread] DEBUG Input                - Registered new binding: Restart - CTRL+R
11:36:13.412 [JavaFX Application Thread] DEBUG Input                - Registered new binding: Toggle Debug Camera - CTRL+7
11:36:13.415 [JavaFX Application Thread] DEBUG LoopRunner           - Starting loop
11:36:13.415 [JavaFX Application Thread] DEBUG LoopRunner           - Initializing JavaFX AnimationTimerLoop
11:36:13.415 [JavaFX Application Thread] DEBUG GameApplicationServi - Starting new game
11:36:13.416 [JavaFX Application Thread] DEBUG Input                - Clearing active input actions
11:36:13.458 [JavaFX Application Thread] DEBUG GameApplicationServi - Removing overlay from FXGLStartupScene and adding to FXGLLoadingScene
11:36:13.462 [JavaFX Application Thread] DEBUG PrimaryStageWindow   - FXGLStartupScene -> FXGLLoadingScene
11:36:13.462 [JavaFX Application Thread] DEBUG GameApplicationServi - Clearing previous game
11:36:13.464 [JavaFX Application Thread] DEBUG GameScene            - Clearing game scene
11:36:13.464 [JavaFX Application Thread] DEBUG GameWorld            - Clearing game world
11:36:13.464 [JavaFX Application Thread] DEBUG PhysicsWorld         - Clearing physics world
11:36:13.469 [FXGL Background Thread 4 ] DEBUG FXGLApplication      - Initializing game
11:36:13.537 [FXGL Background Thread 4 ] WARN  FXGLAssetLoaderServi - Asset "/assets/textures/bucket.png" was not found!
11:36:13.537 [FXGL Background Thread 4 ] WARN  FXGLAssetLoaderServi - Failed to load IMAGE
11:36:13.568 [JavaFX Application Thread] DEBUG FXGLApplication      - Registering font factories with UI factory
11:36:13.750 [FXGL Background Thread 4 ] WARN  FXGLAssetLoaderServi - Asset "/assets/levels/td1.tmx" was not found!
11:36:13.770 [JavaFX Application Thread] DEBUG LoopRunner           - Stopping loop
11:36:13.779 [JavaFX Application Thread] FATAL FXGLApplication      - Uncaught Exception:
java.lang.RuntimeException: Initialization failed
	at com.almasb.fxgl.all@17.1/com.almasb.fxgl.app.FXGLApplication$InitAppTask.failed(FXGLApplication.kt:343)
	at javafx.graphics@18/javafx.concurrent.Task.setState(Task.java:710)
	at javafx.graphics@18/javafx.concurrent.Task$TaskCallable.lambda$call$2(Task.java:1456)
	at javafx.graphics@18/com.sun.javafx.application.PlatformImpl.lambda$runLater$10(PlatformImpl.java:457)
	at java.base/java.security.AccessController.doPrivileged(AccessController.java:400)
	at javafx.graphics@18/com.sun.javafx.application.PlatformImpl.lambda$runLater$11(PlatformImpl.java:456)
	at javafx.graphics@18/com.sun.glass.ui.InvokeLaterDispatcher$Future.run(InvokeLaterDispatcher.java:96)
Caused by: java.lang.IllegalArgumentException: Loading level failed. Asset not found: td1.tmx
	at com.almasb.fxgl.all@17.1/com.almasb.fxgl.app.services.FXGLAssetLoaderService.loadLevel(FXGLAssetLoaderService.kt:443)
	at com.almasb.fxgl.all@17.1/com.almasb.fxgl.dsl.FXGL$Companion.setLevelFromMap(FXGL.kt:634)
	at com.almasb.fxgl.all@17.1/com.almasb.fxgl.dsl.FXGL.setLevelFromMap(FXGL.kt)
	at td.main/com.csafinal.basedefense.DropApp.loadCurrentLevel(DropApp.java:263)
	at td.main/com.csafinal.basedefense.DropApp.initGame(DropApp.java:135)
	at com.almasb.fxgl.all@17.1/com.almasb.fxgl.app.FXGLApplication$InitAppTask.initGame(FXGLApplication.kt:339)
	at com.almasb.fxgl.all@17.1/com.almasb.fxgl.app.FXGLApplication$InitAppTask.call(FXGLApplication.kt:319)
	at com.almasb.fxgl.all@17.1/com.almasb.fxgl.app.FXGLApplication$InitAppTask.call(FXGLApplication.kt:311)
	at javafx.graphics@18/javafx.concurrent.Task$TaskCallable.call(Task.java:1426)
	at java.base/java.util.concurrent.FutureTask.run(FutureTask.java:317)
	at java.base/java.util.concurrent.Executors$RunnableAdapter.call(Executors.java:577)
	at java.base/java.util.concurrent.FutureTask.run(FutureTask.java:317)
	at java.base/java.util.concurrent.ThreadPoolExecutor.runWorker(ThreadPoolExecutor.java:1144)
	at java.base/java.util.concurrent.ThreadPoolExecutor$Worker.run(ThreadPoolExecutor.java:642)
	at java.base/java.lang.Thread.run(Thread.java:1623)

11:36:13.780 [JavaFX Application Thread] FATAL FXGLApplication      - Application will now exit
11:36:14.090 [JavaFX Application Thread] DEBUG PrimaryStageWindow   - Push state: ErrorSubScene
11:36:14.099 [JavaFX Application Thread] DEBUG Input                - Clearing active input actions
11:36:14.117 [JavaFX Application Thread] DEBUG GameApplicationServi - Removing overlay from FXGLLoadingScene and adding to ErrorSubScene
11:36:14.120 [JavaFX Application Thread] DEBUG PrimaryStageWindow   - FXGLLoadingScene -> ErrorSubScene
11:36:15.172 [FXGL Background Thread 2 ] INFO  UpdaterService       - Your current version:  17.1
11:36:15.173 [FXGL Background Thread 2 ] INFO  UpdaterService       - Latest stable version: 17.3
11:36:16.294 [FXGL Background Thread 3 ] DEBUG Engine               - Logging environment variables
11:36:16.298 [FXGL Background Thread 3 ] DEBUG Engine               - achievements: []
11:36:16.299 [FXGL Background Thread 3 ] DEBUG Engine               - actualHeight: 970.0
11:36:16.299 [FXGL Background Thread 3 ] DEBUG Engine               - actualHeightProperty: ReadOnlyDoubleProperty [value: 970.0]
11:36:16.299 [FXGL Background Thread 3 ] DEBUG Engine               - actualWidth: 945.0
11:36:16.299 [FXGL Background Thread 3 ] DEBUG Engine               - actualWidthProperty: ReadOnlyDoubleProperty [value: 945.0]
11:36:16.299 [FXGL Background Thread 3 ] DEBUG Engine               - appIcon: fxgl_icon.png
11:36:16.299 [FXGL Background Thread 3 ] DEBUG Engine               - applicationMode: DEVELOPER
11:36:16.299 [FXGL Background Thread 3 ] DEBUG Engine               - cSSList: [fxgl_dark.css]
11:36:16.299 [FXGL Background Thread 3 ] DEBUG Engine               - collisionDetectionStrategy: BRUTE_FORCE
11:36:16.299 [FXGL Background Thread 3 ] DEBUG Engine               - configClass: Optional.empty
11:36:16.299 [FXGL Background Thread 3 ] DEBUG Engine               - credits: []
11:36:16.300 [FXGL Background Thread 3 ] DEBUG Engine               - defaultCursor: CursorInfo(imageName=fxgl_default_cursor.png, hotspotX=7.0, hotspotY=6.0)
11:36:16.306 [FXGL Background Thread 3 ] DEBUG Engine               - devBBoxColorProperty: ObjectProperty [value: 0xff0000ff]
11:36:16.306 [FXGL Background Thread 3 ] DEBUG Engine               - devEnableDebugCameraProperty: BooleanProperty [value: false]
11:36:16.307 [FXGL Background Thread 3 ] DEBUG Engine               - devSensorColorProperty: ObjectProperty [value: 0xffff00ff]
11:36:16.307 [FXGL Background Thread 3 ] DEBUG Engine               - devShowBBoxProperty: BooleanProperty [value: false]
11:36:16.307 [FXGL Background Thread 3 ] DEBUG Engine               - devShowPositionProperty: BooleanProperty [value: false]
11:36:16.307 [FXGL Background Thread 3 ] DEBUG Engine               - enabledMenuItems: []
11:36:16.308 [FXGL Background Thread 3 ] DEBUG Engine               - engineServices: [class com.almasb.fxgl.app.services.FXGLAssetLoaderService, class com.almasb.fxgl.app.FXGLApplication$GameApplicationService, class com.almasb.fxgl.app.services.FXGLDialogService, class com.almasb.fxgl.app.services.IOTaskExecutorService, class com.almasb.fxgl.io.FileSystemService, class com.almasb.fxgl.localization.LocalizationService, class com.almasb.fxgl.app.services.SystemBundleService, class com.almasb.fxgl.profile.SaveLoadService, class com.almasb.fxgl.ui.FXGLUIFactoryServiceProvider, class com.almasb.fxgl.ui.FXGLDialogFactoryServiceProvider, class com.almasb.fxgl.audio.AudioPlayer, class com.almasb.fxgl.notification.impl.NotificationServiceProvider, class com.almasb.fxgl.achievement.AchievementService, class com.almasb.fxgl.cutscene.CutsceneService, class com.almasb.fxgl.minigames.MiniGameService, class com.almasb.fxgl.net.NetService, class com.almasb.fxgl.app.services.UpdaterService, class com.almasb.fxgl.dev.DevService]
11:36:16.308 [FXGL Background Thread 3 ] DEBUG Engine               - fontGame: Abel-Regular.ttf
11:36:16.308 [FXGL Background Thread 3 ] DEBUG Engine               - fontMono: TerminalLandMono-Regular.otf
11:36:16.308 [FXGL Background Thread 3 ] DEBUG Engine               - fontText: Courier-Prime.ttf
11:36:16.308 [FXGL Background Thread 3 ] DEBUG Engine               - fontUI: VarelaRound-Regular.ttf
11:36:16.308 [FXGL Background Thread 3 ] DEBUG Engine               - fullScreen: BooleanProperty [value: false]
11:36:16.308 [FXGL Background Thread 3 ] DEBUG Engine               - gameDifficulty: MEDIUM
11:36:16.308 [FXGL Background Thread 3 ] DEBUG Engine               - gameDifficultyProperty: ObjectProperty [value: MEDIUM]
11:36:16.308 [FXGL Background Thread 3 ] DEBUG Engine               - globalMusicVolume: 0.5
11:36:16.309 [FXGL Background Thread 3 ] DEBUG Engine               - globalMusicVolumeProperty: DoubleProperty [value: 0.5]
11:36:16.309 [FXGL Background Thread 3 ] DEBUG Engine               - globalSoundVolume: 0.5
11:36:16.309 [FXGL Background Thread 3 ] DEBUG Engine               - globalSoundVolumeProperty: DoubleProperty [value: 0.5]
11:36:16.309 [FXGL Background Thread 3 ] DEBUG Engine               - height: 1000
11:36:16.309 [FXGL Background Thread 3 ] DEBUG Engine               - is3D: false
11:36:16.309 [FXGL Background Thread 3 ] DEBUG Engine               - isAndroid: false
11:36:16.309 [FXGL Background Thread 3 ] DEBUG Engine               - isBrowser: false
11:36:16.309 [FXGL Background Thread 3 ] DEBUG Engine               - isClickFeedbackEnabled: false
11:36:16.309 [FXGL Background Thread 3 ] DEBUG Engine               - isCloseConfirmation: false
11:36:16.309 [FXGL Background Thread 3 ] DEBUG Engine               - isDesktop: true
11:36:16.310 [FXGL Background Thread 3 ] DEBUG Engine               - isDeveloperMenuEnabled: false
11:36:16.310 [FXGL Background Thread 3 ] DEBUG Engine               - isEmbedded: false
11:36:16.310 [FXGL Background Thread 3 ] DEBUG Engine               - isEntityPreloadEnabled: true
11:36:16.310 [FXGL Background Thread 3 ] DEBUG Engine               - isExperimentalTiledLargeMap: false
11:36:16.310 [FXGL Background Thread 3 ] DEBUG Engine               - isFileSystemWriteAllowed: true
11:36:16.310 [FXGL Background Thread 3 ] DEBUG Engine               - isFullScreenAllowed: false
11:36:16.310 [FXGL Background Thread 3 ] DEBUG Engine               - isFullScreenFromStart: false
11:36:16.310 [FXGL Background Thread 3 ] DEBUG Engine               - isGameMenuEnabled: true
11:36:16.310 [FXGL Background Thread 3 ] DEBUG Engine               - isIOS: false
11:36:16.312 [FXGL Background Thread 3 ] DEBUG Engine               - isIntroEnabled: false
11:36:16.313 [FXGL Background Thread 3 ] DEBUG Engine               - isLinux: false
11:36:16.313 [FXGL Background Thread 3 ] DEBUG Engine               - isMac: true
11:36:16.313 [FXGL Background Thread 3 ] DEBUG Engine               - isMainMenuEnabled: false
11:36:16.313 [FXGL Background Thread 3 ] DEBUG Engine               - isManualResizeEnabled: false
11:36:16.313 [FXGL Background Thread 3 ] DEBUG Engine               - isMobile: false
11:36:16.313 [FXGL Background Thread 3 ] DEBUG Engine               - isNative: false
11:36:16.313 [FXGL Background Thread 3 ] DEBUG Engine               - isPauseMusicWhenMinimized: true
11:36:16.313 [FXGL Background Thread 3 ] DEBUG Engine               - isPreserveResizeRatio: false
11:36:16.313 [FXGL Background Thread 3 ] DEBUG Engine               - isProfilingEnabled: false
11:36:16.313 [FXGL Background Thread 3 ] DEBUG Engine               - isScaleAffectedOnResize: true
11:36:16.313 [FXGL Background Thread 3 ] DEBUG Engine               - isSingleStep: false
11:36:16.313 [FXGL Background Thread 3 ] DEBUG Engine               - isUserProfileEnabled: false
11:36:16.313 [FXGL Background Thread 3 ] DEBUG Engine               - isWindows: false
11:36:16.313 [FXGL Background Thread 3 ] DEBUG Engine               - language: ObjectProperty [value: ENGLISH]
11:36:16.313 [FXGL Background Thread 3 ] DEBUG Engine               - menuKey: ESCAPE
11:36:16.313 [FXGL Background Thread 3 ] DEBUG Engine               - mouseSensitivity: 0.2
11:36:16.313 [FXGL Background Thread 3 ] DEBUG Engine               - notificationViewClass: class com.almasb.fxgl.notification.view.XboxNotificationView
11:36:16.313 [FXGL Background Thread 3 ] DEBUG Engine               - pixelsPerMeter: 50.0
11:36:16.313 [FXGL Background Thread 3 ] DEBUG Engine               - platform: MAC
11:36:16.313 [FXGL Background Thread 3 ] DEBUG Engine               - prefHeightProperty: ReadOnlyDoubleProperty [value: 1000.0]
11:36:16.313 [FXGL Background Thread 3 ] DEBUG Engine               - prefWidthProperty: ReadOnlyDoubleProperty [value: 1000.0]
11:36:16.313 [FXGL Background Thread 3 ] DEBUG Engine               - profileDir: profiles/
11:36:16.313 [FXGL Background Thread 3 ] DEBUG Engine               - profileName: StringProperty [value: DEFAULT]
11:36:16.313 [FXGL Background Thread 3 ] DEBUG Engine               - randomSeed: -1
11:36:16.314 [FXGL Background Thread 3 ] DEBUG Engine               - runtimeInfo: RuntimeInfo(platform=MAC, version=17.1, build=24.03.2022 17.34)
11:36:16.314 [FXGL Background Thread 3 ] DEBUG Engine               - saveFileExt: sav
11:36:16.314 [FXGL Background Thread 3 ] DEBUG Engine               - scaledHeightProp$fxgl: DoubleProperty [bound, value: 970.0]
11:36:16.314 [FXGL Background Thread 3 ] DEBUG Engine               - scaledWidthProp$fxgl: DoubleProperty [bound, value: 945.0]
11:36:16.314 [FXGL Background Thread 3 ] DEBUG Engine               - sceneFactory: com.almasb.fxgl.app.scene.SceneFactory@253bb485
11:36:16.314 [FXGL Background Thread 3 ] DEBUG Engine               - secondsIn24h: 60
11:36:16.314 [FXGL Background Thread 3 ] DEBUG Engine               - soundMenuBack: menu/back.wav
11:36:16.314 [FXGL Background Thread 3 ] DEBUG Engine               - soundMenuPress: menu/press.wav
11:36:16.314 [FXGL Background Thread 3 ] DEBUG Engine               - soundMenuSelect: menu/select.wav
11:36:16.314 [FXGL Background Thread 3 ] DEBUG Engine               - soundNotification: core/notification.wav
11:36:16.314 [FXGL Background Thread 3 ] DEBUG Engine               - stageStyle: DECORATED
11:36:16.314 [FXGL Background Thread 3 ] DEBUG Engine               - supportedLanguages: [ENGLISH, FRENCH, GERMAN, HUNGARIAN, RUSSIAN]
11:36:16.314 [FXGL Background Thread 3 ] DEBUG Engine               - ticksPerSecond: -1
11:36:16.314 [FXGL Background Thread 3 ] DEBUG Engine               - title: Zombs
11:36:16.314 [FXGL Background Thread 3 ] DEBUG Engine               - urlGithub: https://github.com/AlmasB/FXGL
11:36:16.314 [FXGL Background Thread 3 ] DEBUG Engine               - urlLeaderboard: http://fxgl-top.herokuapp.com/
11:36:16.314 [FXGL Background Thread 3 ] DEBUG Engine               - urlPOM: https://raw.githubusercontent.com/AlmasB/FXGL/release/README.md
11:36:16.314 [FXGL Background Thread 3 ] DEBUG Engine               - userAppClass: class com.csafinal.basedefense.DropApp
11:36:16.314 [FXGL Background Thread 3 ] DEBUG Engine               - version: 1.0
11:36:16.314 [FXGL Background Thread 3 ] DEBUG Engine               - versionCheckDays: 7
11:36:16.315 [FXGL Background Thread 3 ] DEBUG Engine               - width: 1000
11:36:16.315 [FXGL Background Thread 3 ] DEBUG Engine               - Logging services
11:36:16.315 [FXGL Background Thread 3 ] DEBUG Engine               - class com.almasb.fxgl.app.services.FXGLAssetLoaderService
11:36:16.315 [FXGL Background Thread 3 ] DEBUG Engine               - class com.almasb.fxgl.app.FXGLApplication$GameApplicationService
11:36:16.315 [FXGL Background Thread 3 ] DEBUG Engine               - class com.almasb.fxgl.app.services.FXGLDialogService
11:36:16.315 [FXGL Background Thread 3 ] DEBUG Engine               - class com.almasb.fxgl.app.services.IOTaskExecutorService
11:36:16.316 [FXGL Background Thread 3 ] DEBUG Engine               - class com.almasb.fxgl.io.FileSystemService
11:36:16.316 [FXGL Background Thread 3 ] DEBUG Engine               - class com.almasb.fxgl.localization.LocalizationService
11:36:16.316 [FXGL Background Thread 3 ] DEBUG Engine               - class com.almasb.fxgl.app.services.SystemBundleService
11:36:16.316 [FXGL Background Thread 3 ] DEBUG Engine               - class com.almasb.fxgl.profile.SaveLoadService
11:36:16.316 [FXGL Background Thread 3 ] DEBUG Engine               - class com.almasb.fxgl.ui.FXGLUIFactoryServiceProvider
11:36:16.316 [FXGL Background Thread 3 ] DEBUG Engine               - class com.almasb.fxgl.ui.FXGLDialogFactoryServiceProvider
11:36:16.316 [FXGL Background Thread 3 ] DEBUG Engine               - class com.almasb.fxgl.audio.AudioPlayer
11:36:16.316 [FXGL Background Thread 3 ] DEBUG Engine               - class com.almasb.fxgl.notification.impl.NotificationServiceProvider
11:36:16.316 [FXGL Background Thread 3 ] DEBUG Engine               - class com.almasb.fxgl.achievement.AchievementService
11:36:16.316 [FXGL Background Thread 3 ] DEBUG Engine               - class com.almasb.fxgl.cutscene.CutsceneService
11:36:16.316 [FXGL Background Thread 3 ] DEBUG Engine               - class com.almasb.fxgl.minigames.MiniGameService
11:36:16.316 [FXGL Background Thread 3 ] DEBUG Engine               - class com.almasb.fxgl.net.NetService
11:36:16.316 [FXGL Background Thread 3 ] DEBUG Engine               - class com.almasb.fxgl.app.services.UpdaterService
11:36:16.316 [FXGL Background Thread 3 ] DEBUG Engine               - class com.almasb.fxgl.dev.DevService
11:36:18.975 [JavaFX Application Thread] DEBUG FXGLApplication      - Exiting FXGL
11:36:18.986 [JavaFX Application Thread] DEBUG Async                - Shutting down background threads
11:36:18.989 [JavaFX Application Thread] DEBUG PrimaryStageWindow   - Closing main window
11:36:19.016 [JavaFX Application Thread] DEBUG Logger               - Closing Logger
