22:17:08.051 [main                     ] DEBUG Logger               - Configured Logger
22:17:08.113 [main                     ] DEBUG GameApplication      - Logging settings
Title: Zombs
Version: 1.0
Width: 2000
Height: 1000
Fullscreen: false
Intro: false
Profiling: false
Single step:false
App Mode: DEVELOPER
Menu Key: ESCAPE
Stage Style: DECORATED
Scene Factory: class com.almasb.fxgl.app.scene.SceneFactory

22:17:08.655 [JavaFX Application Thread] DEBUG FXGLApplication      - Initializing FXGL
22:17:08.662 [JavaFX Application Thread] INFO  Engine               - FXGL-17.3 (30.03.2023 11.49) on MAC (J:20 FX:20)
22:17:08.664 [JavaFX Application Thread] DEBUG Engine               - JRE Vendor Name: Oracle Corporation
22:17:08.664 [JavaFX Application Thread] DEBUG Engine               - Running on OS: Mac OS X version 13.3.1
22:17:08.664 [JavaFX Application Thread] DEBUG Engine               - Architecture: x86_64
22:17:08.664 [JavaFX Application Thread] INFO  Engine               - Source code and latest versions at: https://github.com/AlmasB/FXGL
22:17:08.664 [JavaFX Application Thread] INFO  Engine               -       Ask questions and discuss at: https://github.com/AlmasB/FXGL/discussions
22:17:08.665 [JavaFX Application Thread] INFO  Engine               -              Join the FXGL chat at: https://gitter.im/AlmasB/FXGL
22:17:08.764 [JavaFX Application Thread] DEBUG PrimaryStageWindow   - Creating a JavaFX scene
22:17:08.764 [JavaFX Application Thread] DEBUG PrimaryStageWindow   - Target size > screen size
22:17:08.826 [JavaFX Application Thread] DEBUG PrimaryStageWindow   - Target settings size: 2000.0 x 1000.0
22:17:08.826 [JavaFX Application Thread] DEBUG PrimaryStageWindow   - Scaled scene size:    1415.0 x 720.0
22:17:08.827 [JavaFX Application Thread] DEBUG PrimaryStageWindow   - Scaled ratio: (0.7075, 0.72)
22:17:08.828 [JavaFX Application Thread] DEBUG PrimaryStageWindow   - Set initial scene to FXGLStartupScene
22:17:08.833 [JavaFX Application Thread] DEBUG PrimaryStageWindow   - Opening main window
22:17:08.935 [JavaFX Application Thread] DEBUG PrimaryStageWindow   - Window border size: (0.0, 28.0)
22:17:08.935 [JavaFX Application Thread] DEBUG PrimaryStageWindow   - Scaled size: 1415.0 x 720.0
22:17:08.935 [JavaFX Application Thread] DEBUG PrimaryStageWindow   - Scaled ratio: (0.7075, 0.72)
22:17:08.937 [JavaFX Application Thread] DEBUG PrimaryStageWindow   - Scene size: 1415.0 x 720.0
22:17:08.938 [JavaFX Application Thread] DEBUG PrimaryStageWindow   - Stage size: 1415.0 x 748.0
22:17:08.950 [FXGL Background Thread 1 ] DEBUG Engine               - Initializing environment variables
22:17:09.415 [FXGL Background Thread 1 ] DEBUG FXGLAssetLoaderServi - User app class for loading assets: class com.csafinal.basedefense.DropApp
22:17:09.418 [FXGL Background Thread 1 ] DEBUG GameApplicationServi - Applying CSS: fxgl_dark.css
22:17:09.420 [FXGL Background Thread 1 ] DEBUG FXGLAssetLoaderServi - Loading from file system: jar:file:///Users/ayushkumarrai/.m2/repository/com/github/almasb/fxgl/17.3/fxgl-17.3.jar!/fxglassets/ui/css/fxgl_dark.css
22:17:09.693 [FXGL Background Thread 1 ] DEBUG GameApplicationServi - Initializing application scenes
22:17:09.912 [FXGL Background Thread 1 ] DEBUG GameWorld            - Game world initialized
22:17:09.961 [FXGL Background Thread 1 ] DEBUG PhysicsWorld         - Physics world initialized: appHeight=1000, physics.ppm=50.0
22:17:09.965 [FXGL Background Thread 1 ] DEBUG PhysicsWorld         - Using strategy: BRUTE_FORCE
22:17:09.972 [FXGL Background Thread 1 ] DEBUG GameScene            - Game scene initialized: 2000x1000
22:17:09.989 [FXGL Background Thread 1 ] DEBUG FXGL.DefaultMenu     - createMenuBodyGameMenu()
22:17:10.006 [FXGL Background Thread 1 ] DEBUG FXGL.DefaultMenu     - createOptionsMenu()
22:17:10.022 [FXGL Background Thread 1 ] DEBUG FXGLAssetLoaderServi - Loading from file system: jar:file:///Users/ayushkumarrai/.m2/repository/com/github/almasb/fxgl/17.3/fxgl-17.3.jar!/fxglassets/textures/particles/smoke.png
22:17:10.187 [FXGL Background Thread 1 ] DEBUG FXGLAssetLoaderServi - Loading from file system: jar:file:///Users/ayushkumarrai/.m2/repository/com/github/almasb/fxgl/17.3/fxgl-17.3.jar!/fxglassets/textures/particles/trace_horizontal.png
22:17:10.224 [FXGL Background Thread 1 ] DEBUG GameApplicationServi - Application scenes initialized
22:17:10.249 [FXGL Background Thread 1 ] DEBUG SystemBundleService  - Loading FXGL system data
22:17:10.255 [FXGL Background Thread 1 ] DEBUG FileSystemAccess     - Reading from: /Volumes/AYUSH DRIVE/School 2022-23/M359 AP CS Java A/BaseDefense/system/fxgl.bundle
22:17:10.273 [FXGL Background Thread 1 ] DEBUG SystemBundleService  - Bundle FXGL: {}
22:17:10.273 [FXGL Background Thread 1 ] DEBUG UpdaterService       - Checking for updates
22:17:10.284 [FXGL Background Thread 4 ] DEBUG FXGLApplication      - Loading fonts
22:17:10.285 [FXGL Background Thread 4 ] DEBUG FXGLAssetLoaderServi - Loading from file system: jar:file:///Users/ayushkumarrai/.m2/repository/com/github/almasb/fxgl/17.3/fxgl-17.3.jar!/fxglassets/ui/fonts/VarelaRound-Regular.ttf
22:17:10.291 [FXGL Background Thread 1 ] DEBUG FXGLApplication      - Loading default localization
22:17:10.292 [FXGL Background Thread 1 ] DEBUG FXGLAssetLoaderServi - Loading from file system: jar:file:///Users/ayushkumarrai/.m2/repository/com/github/almasb/fxgl/17.3/fxgl-17.3.jar!/fxglassets/languages/english.lang
22:17:10.324 [FXGL Background Thread 4 ] DEBUG FXGLAssetLoaderServi - Loading from file system: jar:file:///Users/ayushkumarrai/.m2/repository/com/github/almasb/fxgl/17.3/fxgl-17.3.jar!/fxglassets/ui/fonts/Abel-Regular.ttf
22:17:10.329 [FXGL Background Thread 1 ] INFO  FXGLApplication      - FXGL initialization took: 1.378 sec
22:17:10.331 [FXGL Background Thread 4 ] DEBUG FXGLAssetLoaderServi - Loading from file system: jar:file:///Users/ayushkumarrai/.m2/repository/com/github/almasb/fxgl/17.3/fxgl-17.3.jar!/fxglassets/ui/fonts/TerminalLandMono-Regular.otf
22:17:10.339 [JavaFX Application Thread] DEBUG Input                - Registered new binding: Left - A
22:17:10.340 [JavaFX Application Thread] DEBUG Input                - Registered new binding: Right - D
22:17:10.340 [JavaFX Application Thread] DEBUG Input                - Registered new binding: Down - S
22:17:10.340 [JavaFX Application Thread] DEBUG Input                - Registered new binding: Up - W
22:17:10.340 [FXGL Background Thread 4 ] DEBUG FXGLAssetLoaderServi - Loading from file system: jar:file:///Users/ayushkumarrai/.m2/repository/com/github/almasb/fxgl/17.3/fxgl-17.3.jar!/fxglassets/ui/fonts/Courier-Prime.ttf
22:17:10.340 [JavaFX Application Thread] DEBUG FXGLAssetLoaderServi - Loading from file system: jar:file:///Users/ayushkumarrai/.m2/repository/com/github/almasb/fxgl/17.3/fxgl-17.3.jar!/fxglassets/textures/fxgl_icon.png
22:17:10.381 [JavaFX Application Thread] DEBUG FXGLAssetLoaderServi - Loading from file system: jar:file:///Users/ayushkumarrai/.m2/repository/com/github/almasb/fxgl/17.3/fxgl-17.3.jar!/fxglassets/textures/fxgl_default_cursor.png
22:17:10.387 [JavaFX Application Thread] DEBUG Input                - Registered new binding: Screenshot - CTRL+8
22:17:10.389 [JavaFX Application Thread] DEBUG Input                - Registered new binding: System info dump - CTRL+9
22:17:10.389 [JavaFX Application Thread] DEBUG Input                - Registered new binding: Restart - CTRL+R
22:17:10.389 [JavaFX Application Thread] DEBUG Input                - Registered new binding: Toggle Debug Camera - CTRL+7
22:17:10.393 [JavaFX Application Thread] DEBUG LoopRunner           - Starting loop
22:17:10.393 [JavaFX Application Thread] DEBUG LoopRunner           - Initializing JavaFX AnimationTimerLoop
22:17:10.394 [JavaFX Application Thread] DEBUG GameApplicationServi - Starting new game
22:17:10.395 [JavaFX Application Thread] DEBUG Input                - Clearing active input actions
22:17:10.443 [JavaFX Application Thread] DEBUG GameApplicationServi - Removing overlay from FXGLStartupScene and adding to FXGLLoadingScene
22:17:10.444 [JavaFX Application Thread] DEBUG PrimaryStageWindow   - FXGLStartupScene -> FXGLLoadingScene
22:17:10.445 [JavaFX Application Thread] DEBUG GameApplicationServi - Clearing previous game
22:17:10.445 [JavaFX Application Thread] DEBUG GameScene            - Clearing game scene
22:17:10.445 [JavaFX Application Thread] DEBUG GameWorld            - Clearing game world
22:17:10.446 [JavaFX Application Thread] DEBUG PhysicsWorld         - Clearing physics world
22:17:10.448 [FXGL Background Thread 4 ] DEBUG FXGLApplication      - Initializing game
22:17:10.497 [FXGL Background Thread 4 ] WARN  TMXLevelLoader       - TiledMap generated from 1.10.0. Supported version: 1.9.0. Some features may not be parsed fully.
22:17:10.501 [JavaFX Application Thread] DEBUG FXGLApplication      - Registering font factories with UI factory
22:17:10.645 [FXGL Background Thread 4 ] DEBUG TMXLevelLoader       - Parsed TiledMap: file:/Volumes/AYUSH%20DRIVE/School%202022-23/M359%20AP%20CS%20Java%20A/BaseDefense/target/classes/assets/levels/tmx/td1.tmx
22:17:10.674 [FXGL Background Thread 4 ] DEBUG TMXLevelLoader       - Creating tile layer entities
22:17:10.729 [FXGL Background Thread 4 ] DEBUG TilesetLoader        - Loading view for layer Ground
22:17:10.738 [FXGL Background Thread 4 ] DEBUG TilesetLoader        - Created buffer with size 1600.0x896.0
22:17:10.950 [FXGL Background Thread 4 ] DEBUG TilesetLoader        - Loading view for layer Decor
22:17:10.961 [FXGL Background Thread 4 ] DEBUG TilesetLoader        - Created buffer with size 1600.0x896.0
22:17:11.031 [FXGL Background Thread 4 ] DEBUG TMXLevelLoader       - Creating object layer entities
22:17:11.381 [FXGL Background Thread 4 ] DEBUG GameWorld            - Clearing removable entities
22:17:11.387 [FXGL Background Thread 4 ] DEBUG GameWorld            - Setting level: com.almasb.fxgl.entity.level.Level@40bbddd5
22:17:11.434 [FXGL Background Thread 4 ] DEBUG FXGLAssetLoaderServi - Loading JSON from: file:/Volumes/AYUSH%20DRIVE/School%202022-23/M359%20AP%20CS%20Java%20A/BaseDefense/target/classes/assets/towers/tower1.json
22:17:11.734 [FXGL Background Thread 4 ] DEBUG FXGLAssetLoaderServi - Loading JSON from: file:/Volumes/AYUSH%20DRIVE/School%202022-23/M359%20AP%20CS%20Java%20A/BaseDefense/target/classes/assets/towers/tower2.json
22:17:11.740 [FXGL Background Thread 4 ] DEBUG FXGLAssetLoaderServi - Loading JSON from: file:/Volumes/AYUSH%20DRIVE/School%202022-23/M359%20AP%20CS%20Java%20A/BaseDefense/target/classes/assets/towers/tower3.json
22:17:11.749 [FXGL Background Thread 4 ] DEBUG FXGLAssetLoaderServi - Loading JSON from: file:/Volumes/AYUSH%20DRIVE/School%202022-23/M359%20AP%20CS%20Java%20A/BaseDefense/target/classes/assets/towers/tower4.json
22:17:11.756 [FXGL Background Thread 4 ] DEBUG FXGLAssetLoaderServi - Loading JSON from: file:/Volumes/AYUSH%20DRIVE/School%202022-23/M359%20AP%20CS%20Java%20A/BaseDefense/target/classes/assets/towers/tower5.json
22:17:11.762 [FXGL Background Thread 4 ] DEBUG FXGLAssetLoaderServi - Loading JSON from: file:/Volumes/AYUSH%20DRIVE/School%202022-23/M359%20AP%20CS%20Java%20A/BaseDefense/target/classes/assets/towers/tower6.json
22:17:11.779 [FXGL Background Thread 4 ] DEBUG FXGLAssetLoaderServi - Loading from file system: file:/Volumes/AYUSH%20DRIVE/School%202022-23/M359%20AP%20CS%20Java%20A/BaseDefense/target/classes/assets/textures/player.png
22:17:11.807 [FXGL Background Thread 4 ] INFO  FXGLApplication      - Game initialization took: 1.358 sec
22:17:11.808 [JavaFX Application Thread] DEBUG Input                - Clearing active input actions
22:17:11.846 [JavaFX Application Thread] DEBUG GameApplicationServi - Removing overlay from FXGLLoadingScene and adding to GameScene
22:17:11.849 [JavaFX Application Thread] DEBUG PrimaryStageWindow   - FXGLLoadingScene -> GameScene
22:17:13.282 [FXGL Background Thread 3 ] DEBUG Engine               - Logging environment variables
22:17:13.291 [FXGL Background Thread 3 ] DEBUG Engine               - achievements: []
22:17:13.292 [FXGL Background Thread 3 ] DEBUG Engine               - actualHeight: 720.0
22:17:13.292 [FXGL Background Thread 3 ] DEBUG Engine               - actualHeightProperty: ReadOnlyDoubleProperty [value: 720.0]
22:17:13.292 [FXGL Background Thread 3 ] DEBUG Engine               - actualWidth: 1415.0
22:17:13.293 [FXGL Background Thread 3 ] DEBUG Engine               - actualWidthProperty: ReadOnlyDoubleProperty [value: 1415.0]
22:17:13.293 [FXGL Background Thread 3 ] DEBUG Engine               - appIcon: fxgl_icon.png
22:17:13.293 [FXGL Background Thread 3 ] DEBUG Engine               - applicationMode: DEVELOPER
22:17:13.293 [FXGL Background Thread 3 ] DEBUG Engine               - cSSList: [fxgl_dark.css]
22:17:13.293 [FXGL Background Thread 3 ] DEBUG Engine               - collisionDetectionStrategy: BRUTE_FORCE
22:17:13.294 [FXGL Background Thread 3 ] DEBUG Engine               - configClass: Optional.empty
22:17:13.294 [FXGL Background Thread 3 ] DEBUG Engine               - credits: []
22:17:13.297 [FXGL Background Thread 3 ] DEBUG Engine               - defaultCursor: CursorInfo(imageName=fxgl_default_cursor.png, hotspotX=7.0, hotspotY=6.0)
22:17:13.299 [FXGL Background Thread 3 ] DEBUG Engine               - devBBoxColorProperty: ObjectProperty [value: 0xff0000ff]
22:17:13.299 [FXGL Background Thread 3 ] DEBUG Engine               - devEnableDebugCameraProperty: BooleanProperty [value: false]
22:17:13.299 [FXGL Background Thread 3 ] DEBUG Engine               - devSensorColorProperty: ObjectProperty [value: 0xffff00ff]
22:17:13.299 [FXGL Background Thread 3 ] DEBUG Engine               - devShowBBoxProperty: BooleanProperty [value: false]
22:17:13.299 [FXGL Background Thread 3 ] DEBUG Engine               - devShowPositionProperty: BooleanProperty [value: false]
22:17:13.299 [FXGL Background Thread 3 ] DEBUG Engine               - enabledMenuItems: []
22:17:13.299 [FXGL Background Thread 3 ] DEBUG Engine               - engineServices: [class com.almasb.fxgl.app.services.FXGLAssetLoaderService, class com.almasb.fxgl.app.FXGLApplication$GameApplicationService, class com.almasb.fxgl.app.services.FXGLDialogService, class com.almasb.fxgl.app.services.IOTaskExecutorService, class com.almasb.fxgl.io.FileSystemService, class com.almasb.fxgl.localization.LocalizationService, class com.almasb.fxgl.app.services.SystemBundleService, class com.almasb.fxgl.profile.SaveLoadService, class com.almasb.fxgl.ui.FXGLUIFactoryServiceProvider, class com.almasb.fxgl.ui.FXGLDialogFactoryServiceProvider, class com.almasb.fxgl.audio.AudioPlayer, class com.almasb.fxgl.notification.impl.NotificationServiceProvider, class com.almasb.fxgl.achievement.AchievementService, class com.almasb.fxgl.cutscene.CutsceneService, class com.almasb.fxgl.minigames.MiniGameService, class com.almasb.fxgl.net.NetService, class com.almasb.fxgl.app.services.UpdaterService, class com.almasb.fxgl.dev.DevService]
22:17:13.299 [FXGL Background Thread 3 ] DEBUG Engine               - fontGame: Abel-Regular.ttf
22:17:13.299 [FXGL Background Thread 3 ] DEBUG Engine               - fontMono: TerminalLandMono-Regular.otf
22:17:13.299 [FXGL Background Thread 3 ] DEBUG Engine               - fontSizeScaleUI: 1.0
22:17:13.300 [FXGL Background Thread 3 ] DEBUG Engine               - fontText: Courier-Prime.ttf
22:17:13.300 [FXGL Background Thread 3 ] DEBUG Engine               - fontUI: VarelaRound-Regular.ttf
22:17:13.300 [FXGL Background Thread 3 ] DEBUG Engine               - fullScreen: BooleanProperty [value: false]
22:17:13.300 [FXGL Background Thread 3 ] DEBUG Engine               - gameDifficulty: MEDIUM
22:17:13.300 [FXGL Background Thread 3 ] DEBUG Engine               - gameDifficultyProperty: ObjectProperty [value: MEDIUM]
22:17:13.300 [FXGL Background Thread 3 ] DEBUG Engine               - globalMusicVolume: 0.5
22:17:13.300 [FXGL Background Thread 3 ] DEBUG Engine               - globalMusicVolumeProperty: DoubleProperty [value: 0.5]
22:17:13.300 [FXGL Background Thread 3 ] DEBUG Engine               - globalSoundVolume: 0.5
22:17:13.300 [FXGL Background Thread 3 ] DEBUG Engine               - globalSoundVolumeProperty: DoubleProperty [value: 0.5]
22:17:13.300 [FXGL Background Thread 3 ] DEBUG Engine               - height: 1000
22:17:13.300 [FXGL Background Thread 3 ] DEBUG Engine               - is3D: false
22:17:13.300 [FXGL Background Thread 3 ] DEBUG Engine               - isAndroid: false
22:17:13.300 [FXGL Background Thread 3 ] DEBUG Engine               - isBrowser: false
22:17:13.300 [FXGL Background Thread 3 ] DEBUG Engine               - isClickFeedbackEnabled: false
22:17:13.300 [FXGL Background Thread 3 ] DEBUG Engine               - isCloseConfirmation: false
22:17:13.301 [FXGL Background Thread 3 ] DEBUG Engine               - isDesktop: true
22:17:13.301 [FXGL Background Thread 3 ] DEBUG Engine               - isDeveloperMenuEnabled: false
22:17:13.301 [FXGL Background Thread 3 ] DEBUG Engine               - isEmbedded: false
22:17:13.301 [FXGL Background Thread 3 ] DEBUG Engine               - isEntityPreloadEnabled: true
22:17:13.301 [FXGL Background Thread 3 ] DEBUG Engine               - isExperimentalTiledLargeMap: false
22:17:13.301 [FXGL Background Thread 3 ] DEBUG Engine               - isFileSystemWriteAllowed: true
22:17:13.301 [FXGL Background Thread 3 ] DEBUG Engine               - isFullScreenAllowed: false
22:17:13.301 [FXGL Background Thread 3 ] DEBUG Engine               - isFullScreenFromStart: false
22:17:13.302 [FXGL Background Thread 3 ] DEBUG Engine               - isGameMenuEnabled: true
22:17:13.303 [FXGL Background Thread 3 ] DEBUG Engine               - isIOS: false
22:17:13.304 [FXGL Background Thread 3 ] DEBUG Engine               - isIntroEnabled: false
22:17:13.305 [FXGL Background Thread 3 ] DEBUG Engine               - isLinux: false
22:17:13.305 [FXGL Background Thread 3 ] DEBUG Engine               - isMac: true
22:17:13.305 [FXGL Background Thread 3 ] DEBUG Engine               - isMainMenuEnabled: false
22:17:13.305 [FXGL Background Thread 3 ] DEBUG Engine               - isManualResizeEnabled: false
22:17:13.305 [FXGL Background Thread 3 ] DEBUG Engine               - isMobile: false
22:17:13.305 [FXGL Background Thread 3 ] DEBUG Engine               - isNative: false
22:17:13.305 [FXGL Background Thread 3 ] DEBUG Engine               - isPauseMusicWhenMinimized: true
22:17:13.306 [FXGL Background Thread 3 ] DEBUG Engine               - isPreserveResizeRatio: false
22:17:13.306 [FXGL Background Thread 3 ] DEBUG Engine               - isProfilingEnabled: false
22:17:13.306 [FXGL Background Thread 3 ] DEBUG Engine               - isScaleAffectedOnResize: true
22:17:13.306 [FXGL Background Thread 3 ] DEBUG Engine               - isSingleStep: false
22:17:13.306 [FXGL Background Thread 3 ] DEBUG Engine               - isUserProfileEnabled: false
22:17:13.306 [FXGL Background Thread 3 ] DEBUG Engine               - isWindows: false
22:17:13.306 [FXGL Background Thread 3 ] DEBUG Engine               - language: ObjectProperty [value: ENGLISH]
22:17:13.306 [FXGL Background Thread 3 ] DEBUG Engine               - menuKey: ESCAPE
22:17:13.306 [FXGL Background Thread 3 ] DEBUG Engine               - mouseSensitivity: 0.2
22:17:13.306 [FXGL Background Thread 3 ] DEBUG Engine               - notificationViewClass: class com.almasb.fxgl.notification.view.XboxNotificationView
22:17:13.307 [FXGL Background Thread 3 ] DEBUG Engine               - pixelsPerMeter: 50.0
22:17:13.307 [FXGL Background Thread 3 ] DEBUG Engine               - platform: MAC
22:17:13.307 [FXGL Background Thread 3 ] DEBUG Engine               - prefHeightProperty: ReadOnlyDoubleProperty [value: 1000.0]
22:17:13.307 [FXGL Background Thread 3 ] DEBUG Engine               - prefWidthProperty: ReadOnlyDoubleProperty [value: 2000.0]
22:17:13.307 [FXGL Background Thread 3 ] DEBUG Engine               - profileDir: profiles/
22:17:13.307 [FXGL Background Thread 3 ] DEBUG Engine               - profileName: StringProperty [value: DEFAULT]
22:17:13.307 [FXGL Background Thread 3 ] DEBUG Engine               - randomSeed: -1
22:17:13.308 [FXGL Background Thread 3 ] DEBUG Engine               - runtimeInfo: RuntimeInfo(platform=MAC, version=17.3, build=30.03.2023 11.49)
22:17:13.309 [FXGL Background Thread 3 ] DEBUG Engine               - saveFileExt: sav
22:17:13.309 [FXGL Background Thread 3 ] DEBUG Engine               - scaledHeightProp$fxgl: DoubleProperty [bound, value: 720.0]
22:17:13.309 [FXGL Background Thread 3 ] DEBUG Engine               - scaledWidthProp$fxgl: DoubleProperty [bound, value: 1415.0]
22:17:13.309 [FXGL Background Thread 3 ] DEBUG Engine               - sceneFactory: com.almasb.fxgl.app.scene.SceneFactory@1a7b5e4b
22:17:13.309 [FXGL Background Thread 3 ] DEBUG Engine               - secondsIn24h: 60
22:17:13.309 [FXGL Background Thread 3 ] DEBUG Engine               - soundMenuBack: menu/back.wav
22:17:13.310 [FXGL Background Thread 3 ] DEBUG Engine               - soundMenuPress: menu/press.wav
22:17:13.310 [FXGL Background Thread 3 ] DEBUG Engine               - soundMenuSelect: menu/select.wav
22:17:13.310 [FXGL Background Thread 3 ] DEBUG Engine               - soundNotification: core/notification.wav
22:17:13.310 [FXGL Background Thread 3 ] DEBUG Engine               - stageStyle: DECORATED
22:17:13.310 [FXGL Background Thread 3 ] DEBUG Engine               - supportedLanguages: [ENGLISH, FRENCH, GERMAN, HUNGARIAN, RUSSIAN]
22:17:13.310 [FXGL Background Thread 3 ] DEBUG Engine               - ticksPerSecond: -1
22:17:13.310 [FXGL Background Thread 3 ] DEBUG Engine               - title: Zombs
22:17:13.310 [FXGL Background Thread 3 ] DEBUG Engine               - urlGithub: https://github.com/AlmasB/FXGL
22:17:13.310 [FXGL Background Thread 3 ] DEBUG Engine               - urlLeaderboard: http://fxgl-top.herokuapp.com/
22:17:13.310 [FXGL Background Thread 3 ] DEBUG Engine               - urlPOM: https://raw.githubusercontent.com/AlmasB/FXGL/release/README.md
22:17:13.310 [FXGL Background Thread 3 ] DEBUG Engine               - userAppClass: class com.csafinal.basedefense.DropApp
22:17:13.310 [FXGL Background Thread 3 ] DEBUG Engine               - version: 1.0
22:17:13.310 [FXGL Background Thread 3 ] DEBUG Engine               - versionCheckDays: 7
22:17:13.311 [FXGL Background Thread 3 ] DEBUG Engine               - width: 2000
22:17:13.313 [FXGL Background Thread 3 ] DEBUG Engine               - Logging services
22:17:13.313 [FXGL Background Thread 3 ] DEBUG Engine               - class com.almasb.fxgl.app.services.FXGLAssetLoaderService
22:17:13.313 [FXGL Background Thread 3 ] DEBUG Engine               - class com.almasb.fxgl.app.FXGLApplication$GameApplicationService
22:17:13.313 [FXGL Background Thread 3 ] DEBUG Engine               - class com.almasb.fxgl.app.services.FXGLDialogService
22:17:13.313 [FXGL Background Thread 3 ] DEBUG Engine               - class com.almasb.fxgl.app.services.IOTaskExecutorService
22:17:13.313 [FXGL Background Thread 3 ] DEBUG Engine               - class com.almasb.fxgl.io.FileSystemService
22:17:13.313 [FXGL Background Thread 3 ] DEBUG Engine               - class com.almasb.fxgl.localization.LocalizationService
22:17:13.313 [FXGL Background Thread 3 ] DEBUG Engine               - class com.almasb.fxgl.app.services.SystemBundleService
22:17:13.313 [FXGL Background Thread 3 ] DEBUG Engine               - class com.almasb.fxgl.profile.SaveLoadService
22:17:13.313 [FXGL Background Thread 3 ] DEBUG Engine               - class com.almasb.fxgl.ui.FXGLUIFactoryServiceProvider
22:17:13.313 [FXGL Background Thread 3 ] DEBUG Engine               - class com.almasb.fxgl.ui.FXGLDialogFactoryServiceProvider
22:17:13.313 [FXGL Background Thread 3 ] DEBUG Engine               - class com.almasb.fxgl.audio.AudioPlayer
22:17:13.313 [FXGL Background Thread 3 ] DEBUG Engine               - class com.almasb.fxgl.notification.impl.NotificationServiceProvider
22:17:13.313 [FXGL Background Thread 3 ] DEBUG Engine               - class com.almasb.fxgl.achievement.AchievementService
22:17:13.313 [FXGL Background Thread 3 ] DEBUG Engine               - class com.almasb.fxgl.cutscene.CutsceneService
22:17:13.313 [FXGL Background Thread 3 ] DEBUG Engine               - class com.almasb.fxgl.minigames.MiniGameService
22:17:13.313 [FXGL Background Thread 3 ] DEBUG Engine               - class com.almasb.fxgl.net.NetService
22:17:13.313 [FXGL Background Thread 3 ] DEBUG Engine               - class com.almasb.fxgl.app.services.UpdaterService
22:17:13.313 [FXGL Background Thread 3 ] DEBUG Engine               - class com.almasb.fxgl.dev.DevService
22:17:14.026 [JavaFX Application Thread] DEBUG FXGLAssetLoaderServi - Loading from file system: file:/Volumes/AYUSH%20DRIVE/School%202022-23/M359%20AP%20CS%20Java%20A/BaseDefense/target/classes/assets/textures/enemies/enemy1.png
22:17:15.597 [JavaFX Application Thread] WARN  FXGLAssetLoaderServi - Asset "/assets/sounds/drop.wav" was not found!
22:17:15.597 [JavaFX Application Thread] WARN  FXGLAssetLoaderServi - Failed to load SOUND
22:17:15.774 [JavaFX Application Thread] DEBUG FXGLAssetLoaderServi - Loading from file system: file:/Volumes/AYUSH%20DRIVE/School%202022-23/M359%20AP%20CS%20Java%20A/BaseDefense/target/classes/assets/textures/enemies/enemy2.png
22:17:17.261 [JavaFX Application Thread] DEBUG FXGLAssetLoaderServi - Loading from file system: file:/Volumes/AYUSH%20DRIVE/School%202022-23/M359%20AP%20CS%20Java%20A/BaseDefense/target/classes/assets/textures/projectile.png
22:17:42.346 [JavaFX Application Thread] DEBUG FXGLApplication      - Exiting FXGL
22:17:42.347 [JavaFX Application Thread] DEBUG LoopRunner           - Stopping loop
22:17:42.348 [JavaFX Application Thread] DEBUG SystemBundleService  - Saving FXGL system data
22:17:42.358 [JavaFX Application Thread] DEBUG FileSystemAccess     - Writing to: /Volumes/AYUSH DRIVE/School 2022-23/M359 AP CS Java A/BaseDefense/system/fxgl.bundle
22:17:42.373 [JavaFX Application Thread] DEBUG Async                - Shutting down background threads
22:17:42.373 [JavaFX Application Thread] DEBUG PrimaryStageWindow   - Closing main window
22:17:42.398 [JavaFX Application Thread] DEBUG Logger               - Closing Logger
