11:51:21.072 [main                     ] DEBUG Logger               - Configured Logger
11:51:21.136 [main                     ] DEBUG GameApplication      - Logging settings
Title: Zombs
Version: 1.0
Width: 1000
Height: 1000
Fullscreen: false
Intro: false
Profiling: false
Single step:false
App Mode: DEVELOPER
Menu Key: ESCAPE
Stage Style: DECORATED
Scene Factory: class com.almasb.fxgl.app.scene.SceneFactory

11:51:22.230 [JavaFX Application Thread] DEBUG FXGLApplication      - Initializing FXGL
11:51:22.242 [JavaFX Application Thread] INFO  Engine               - FXGL-17.3 (30.03.2023 11.49) on MAC (J:20 FX:20)
11:51:22.244 [JavaFX Application Thread] DEBUG Engine               - JRE Vendor Name: Oracle Corporation
11:51:22.244 [JavaFX Application Thread] DEBUG Engine               - Running on OS: Mac OS X version 13.1
11:51:22.245 [JavaFX Application Thread] DEBUG Engine               - Architecture: x86_64
11:51:22.245 [JavaFX Application Thread] INFO  Engine               - Source code and latest versions at: https://github.com/AlmasB/FXGL
11:51:22.245 [JavaFX Application Thread] INFO  Engine               -       Ask questions and discuss at: https://github.com/AlmasB/FXGL/discussions
11:51:22.245 [JavaFX Application Thread] INFO  Engine               -              Join the FXGL chat at: https://gitter.im/AlmasB/FXGL
11:51:22.363 [JavaFX Application Thread] DEBUG PrimaryStageWindow   - Creating a JavaFX scene
11:51:22.364 [JavaFX Application Thread] DEBUG PrimaryStageWindow   - Target size > screen size
11:51:22.434 [JavaFX Application Thread] DEBUG PrimaryStageWindow   - Target settings size: 1000.0 x 1000.0
11:51:22.434 [JavaFX Application Thread] DEBUG PrimaryStageWindow   - Scaled scene size:    945.0 x 970.0
11:51:22.435 [JavaFX Application Thread] DEBUG PrimaryStageWindow   - Scaled ratio: (0.945, 0.97)
11:51:22.437 [JavaFX Application Thread] DEBUG PrimaryStageWindow   - Set initial scene to FXGLStartupScene
11:51:22.440 [JavaFX Application Thread] DEBUG PrimaryStageWindow   - Opening main window
11:51:22.810 [JavaFX Application Thread] DEBUG PrimaryStageWindow   - Window border size: (0.0, 28.0)
11:51:22.811 [JavaFX Application Thread] DEBUG PrimaryStageWindow   - Scaled size: 945.0 x 970.0
11:51:22.811 [JavaFX Application Thread] DEBUG PrimaryStageWindow   - Scaled ratio: (0.945, 0.97)
11:51:22.814 [JavaFX Application Thread] DEBUG PrimaryStageWindow   - Scene size: 945.0 x 970.0
11:51:22.814 [JavaFX Application Thread] DEBUG PrimaryStageWindow   - Stage size: 945.0 x 998.0
11:51:22.829 [FXGL Background Thread 1 ] DEBUG Engine               - Initializing environment variables
11:51:23.190 [FXGL Background Thread 1 ] DEBUG FXGLAssetLoaderServi - User app class for loading assets: class com.csafinal.basedefense.DropApp
11:51:23.192 [FXGL Background Thread 1 ] DEBUG GameApplicationServi - Applying CSS: fxgl_dark.css
11:51:23.195 [FXGL Background Thread 1 ] DEBUG FXGLAssetLoaderServi - Loading from file system: jar:file:///Users/ayushkumarrai/.m2/repository/com/github/almasb/fxgl/17.3/fxgl-17.3.jar!/fxglassets/ui/css/fxgl_dark.css
11:51:23.429 [FXGL Background Thread 1 ] DEBUG GameApplicationServi - Initializing application scenes
11:51:23.953 [FXGL Background Thread 1 ] DEBUG GameWorld            - Game world initialized
11:51:24.002 [FXGL Background Thread 1 ] DEBUG PhysicsWorld         - Physics world initialized: appHeight=1000, physics.ppm=50.0
11:51:24.004 [FXGL Background Thread 1 ] DEBUG PhysicsWorld         - Using strategy: BRUTE_FORCE
11:51:24.016 [FXGL Background Thread 1 ] DEBUG GameScene            - Game scene initialized: 1000x1000
11:51:24.034 [FXGL Background Thread 1 ] DEBUG FXGL.DefaultMenu     - createMenuBodyGameMenu()
11:51:24.047 [FXGL Background Thread 1 ] DEBUG FXGL.DefaultMenu     - createOptionsMenu()
11:51:24.066 [FXGL Background Thread 1 ] DEBUG FXGLAssetLoaderServi - Loading from file system: jar:file:///Users/ayushkumarrai/.m2/repository/com/github/almasb/fxgl/17.3/fxgl-17.3.jar!/fxglassets/textures/particles/smoke.png
11:51:24.257 [FXGL Background Thread 1 ] DEBUG FXGLAssetLoaderServi - Loading from file system: jar:file:///Users/ayushkumarrai/.m2/repository/com/github/almasb/fxgl/17.3/fxgl-17.3.jar!/fxglassets/textures/particles/trace_horizontal.png
11:51:24.294 [FXGL Background Thread 1 ] DEBUG GameApplicationServi - Application scenes initialized
11:51:24.314 [FXGL Background Thread 1 ] DEBUG SystemBundleService  - Loading FXGL system data
11:51:24.324 [FXGL Background Thread 1 ] DEBUG FileSystemAccess     - Reading from: /Volumes/AYUSH DRIVE/School 2022-23/M359 AP CS Java A/TowerDefense/system/fxgl.bundle
11:51:24.351 [FXGL Background Thread 1 ] DEBUG SystemBundleService  - Bundle FXGL: {}
11:51:24.351 [FXGL Background Thread 1 ] DEBUG UpdaterService       - Checking for updates
11:51:24.355 [FXGL Background Thread 4 ] DEBUG FXGLApplication      - Loading fonts
11:51:24.357 [FXGL Background Thread 4 ] DEBUG FXGLAssetLoaderServi - Loading from file system: jar:file:///Users/ayushkumarrai/.m2/repository/com/github/almasb/fxgl/17.3/fxgl-17.3.jar!/fxglassets/ui/fonts/VarelaRound-Regular.ttf
11:51:24.357 [FXGL Background Thread 1 ] DEBUG FXGLApplication      - Loading default localization
11:51:24.360 [FXGL Background Thread 1 ] DEBUG FXGLAssetLoaderServi - Loading from file system: jar:file:///Users/ayushkumarrai/.m2/repository/com/github/almasb/fxgl/17.3/fxgl-17.3.jar!/fxglassets/languages/english.lang
11:51:24.383 [FXGL Background Thread 1 ] INFO  FXGLApplication      - FXGL initialization took: 1.554 sec
11:51:24.389 [FXGL Background Thread 4 ] DEBUG FXGLAssetLoaderServi - Loading from file system: jar:file:///Users/ayushkumarrai/.m2/repository/com/github/almasb/fxgl/17.3/fxgl-17.3.jar!/fxglassets/ui/fonts/Abel-Regular.ttf
11:51:24.391 [FXGL Background Thread 4 ] DEBUG FXGLAssetLoaderServi - Loading from file system: jar:file:///Users/ayushkumarrai/.m2/repository/com/github/almasb/fxgl/17.3/fxgl-17.3.jar!/fxglassets/ui/fonts/TerminalLandMono-Regular.otf
11:51:24.393 [JavaFX Application Thread] DEBUG Input                - Registered new binding: Left - A
11:51:24.393 [JavaFX Application Thread] DEBUG Input                - Registered new binding: Right - D
11:51:24.393 [JavaFX Application Thread] DEBUG Input                - Registered new binding: Down - S
11:51:24.394 [JavaFX Application Thread] DEBUG Input                - Registered new binding: Up - W
11:51:24.394 [JavaFX Application Thread] DEBUG FXGLAssetLoaderServi - Loading from file system: jar:file:///Users/ayushkumarrai/.m2/repository/com/github/almasb/fxgl/17.3/fxgl-17.3.jar!/fxglassets/textures/fxgl_icon.png
11:51:24.401 [FXGL Background Thread 4 ] DEBUG FXGLAssetLoaderServi - Loading from file system: jar:file:///Users/ayushkumarrai/.m2/repository/com/github/almasb/fxgl/17.3/fxgl-17.3.jar!/fxglassets/ui/fonts/Courier-Prime.ttf
11:51:24.443 [JavaFX Application Thread] DEBUG FXGLAssetLoaderServi - Loading from file system: jar:file:///Users/ayushkumarrai/.m2/repository/com/github/almasb/fxgl/17.3/fxgl-17.3.jar!/fxglassets/textures/fxgl_default_cursor.png
11:51:24.447 [JavaFX Application Thread] DEBUG Input                - Registered new binding: Screenshot - CTRL+8
11:51:24.447 [JavaFX Application Thread] DEBUG Input                - Registered new binding: System info dump - CTRL+9
11:51:24.448 [JavaFX Application Thread] DEBUG Input                - Registered new binding: Restart - CTRL+R
11:51:24.448 [JavaFX Application Thread] DEBUG Input                - Registered new binding: Toggle Debug Camera - CTRL+7
11:51:24.451 [JavaFX Application Thread] DEBUG LoopRunner           - Starting loop
11:51:24.451 [JavaFX Application Thread] DEBUG LoopRunner           - Initializing JavaFX AnimationTimerLoop
11:51:24.452 [JavaFX Application Thread] DEBUG GameApplicationServi - Starting new game
11:51:24.453 [JavaFX Application Thread] DEBUG Input                - Clearing active input actions
11:51:24.508 [JavaFX Application Thread] DEBUG GameApplicationServi - Removing overlay from FXGLStartupScene and adding to FXGLLoadingScene
11:51:24.510 [JavaFX Application Thread] DEBUG PrimaryStageWindow   - FXGLStartupScene -> FXGLLoadingScene
11:51:24.511 [JavaFX Application Thread] DEBUG GameApplicationServi - Clearing previous game
11:51:24.511 [JavaFX Application Thread] DEBUG GameScene            - Clearing game scene
11:51:24.511 [JavaFX Application Thread] DEBUG GameWorld            - Clearing game world
11:51:24.511 [JavaFX Application Thread] DEBUG PhysicsWorld         - Clearing physics world
11:51:24.515 [FXGL Background Thread 4 ] DEBUG FXGLApplication      - Initializing game
11:51:24.599 [FXGL Background Thread 4 ] WARN  FXGLAssetLoaderServi - Asset "/assets/textures/bucket.png" was not found!
11:51:24.600 [FXGL Background Thread 4 ] WARN  FXGLAssetLoaderServi - Failed to load IMAGE
11:51:24.637 [JavaFX Application Thread] DEBUG FXGLApplication      - Registering font factories with UI factory
11:51:25.178 [FXGL Background Thread 4 ] WARN  TMXLevelLoader       - TiledMap generated from 1.10.0. Supported version: 1.9.0. Some features may not be parsed fully.
11:51:25.234 [FXGL Background Thread 4 ] DEBUG TMXLevelLoader       - Parsed TiledMap: file:/Volumes/AYUSH%20DRIVE/School%202022-23/M359%20AP%20CS%20Java%20A/TowerDefense/target/classes/assets/levels/tmx/td1.tmx
11:51:25.236 [FXGL Background Thread 4 ] DEBUG TMXLevelLoader       - Creating tile layer entities
11:51:25.238 [FXGL Background Thread 4 ] DEBUG TilesetLoader        - Loading view for layer Ground
11:51:25.242 [FXGL Background Thread 4 ] DEBUG TilesetLoader        - Created buffer with size 1600.0x896.0
11:51:25.546 [FXGL Background Thread 4 ] DEBUG TilesetLoader        - Loading view for layer Decor
11:51:25.594 [FXGL Background Thread 4 ] DEBUG TilesetLoader        - Created buffer with size 1600.0x896.0
11:51:25.656 [FXGL Background Thread 4 ] DEBUG TMXLevelLoader       - Creating object layer entities
11:51:25.872 [FXGL Background Thread 4 ] DEBUG GameWorld            - Clearing removable entities
11:51:25.881 [FXGL Background Thread 4 ] DEBUG GameWorld            - Setting level: com.almasb.fxgl.entity.level.Level@5dc7959c
11:51:25.888 [FXGL Background Thread 4 ] INFO  FXGLApplication      - Game initialization took: 1.372 sec
11:51:25.889 [JavaFX Application Thread] DEBUG Input                - Clearing active input actions
11:51:25.941 [JavaFX Application Thread] DEBUG GameApplicationServi - Removing overlay from FXGLLoadingScene and adding to GameScene
11:51:25.945 [JavaFX Application Thread] DEBUG PrimaryStageWindow   - FXGLLoadingScene -> GameScene
11:51:27.359 [FXGL Background Thread 3 ] DEBUG Engine               - Logging environment variables
11:51:27.367 [FXGL Background Thread 3 ] DEBUG Engine               - achievements: []
11:51:27.368 [FXGL Background Thread 3 ] DEBUG Engine               - actualHeight: 970.0
11:51:27.368 [FXGL Background Thread 3 ] DEBUG Engine               - actualHeightProperty: ReadOnlyDoubleProperty [value: 970.0]
11:51:27.368 [FXGL Background Thread 3 ] DEBUG Engine               - actualWidth: 945.0
11:51:27.368 [FXGL Background Thread 3 ] DEBUG Engine               - actualWidthProperty: ReadOnlyDoubleProperty [value: 945.0]
11:51:27.368 [FXGL Background Thread 3 ] DEBUG Engine               - appIcon: fxgl_icon.png
11:51:27.368 [FXGL Background Thread 3 ] DEBUG Engine               - applicationMode: DEVELOPER
11:51:27.368 [FXGL Background Thread 3 ] DEBUG Engine               - cSSList: [fxgl_dark.css]
11:51:27.368 [FXGL Background Thread 3 ] DEBUG Engine               - collisionDetectionStrategy: BRUTE_FORCE
11:51:27.368 [FXGL Background Thread 3 ] DEBUG Engine               - configClass: Optional.empty
11:51:27.368 [FXGL Background Thread 3 ] DEBUG Engine               - credits: []
11:51:27.369 [FXGL Background Thread 3 ] DEBUG Engine               - defaultCursor: CursorInfo(imageName=fxgl_default_cursor.png, hotspotX=7.0, hotspotY=6.0)
11:51:27.370 [FXGL Background Thread 3 ] DEBUG Engine               - devBBoxColorProperty: ObjectProperty [value: 0xff0000ff]
11:51:27.370 [FXGL Background Thread 3 ] DEBUG Engine               - devEnableDebugCameraProperty: BooleanProperty [value: false]
11:51:27.370 [FXGL Background Thread 3 ] DEBUG Engine               - devSensorColorProperty: ObjectProperty [value: 0xffff00ff]
11:51:27.370 [FXGL Background Thread 3 ] DEBUG Engine               - devShowBBoxProperty: BooleanProperty [value: false]
11:51:27.370 [FXGL Background Thread 3 ] DEBUG Engine               - devShowPositionProperty: BooleanProperty [value: false]
11:51:27.370 [FXGL Background Thread 3 ] DEBUG Engine               - enabledMenuItems: []
11:51:27.370 [FXGL Background Thread 3 ] DEBUG Engine               - engineServices: [class com.almasb.fxgl.app.services.FXGLAssetLoaderService, class com.almasb.fxgl.app.FXGLApplication$GameApplicationService, class com.almasb.fxgl.app.services.FXGLDialogService, class com.almasb.fxgl.app.services.IOTaskExecutorService, class com.almasb.fxgl.io.FileSystemService, class com.almasb.fxgl.localization.LocalizationService, class com.almasb.fxgl.app.services.SystemBundleService, class com.almasb.fxgl.profile.SaveLoadService, class com.almasb.fxgl.ui.FXGLUIFactoryServiceProvider, class com.almasb.fxgl.ui.FXGLDialogFactoryServiceProvider, class com.almasb.fxgl.audio.AudioPlayer, class com.almasb.fxgl.notification.impl.NotificationServiceProvider, class com.almasb.fxgl.achievement.AchievementService, class com.almasb.fxgl.cutscene.CutsceneService, class com.almasb.fxgl.minigames.MiniGameService, class com.almasb.fxgl.net.NetService, class com.almasb.fxgl.app.services.UpdaterService, class com.almasb.fxgl.dev.DevService]
11:51:27.370 [FXGL Background Thread 3 ] DEBUG Engine               - fontGame: Abel-Regular.ttf
11:51:27.370 [FXGL Background Thread 3 ] DEBUG Engine               - fontMono: TerminalLandMono-Regular.otf
11:51:27.370 [FXGL Background Thread 3 ] DEBUG Engine               - fontSizeScaleUI: 1.0
11:51:27.370 [FXGL Background Thread 3 ] DEBUG Engine               - fontText: Courier-Prime.ttf
11:51:27.371 [FXGL Background Thread 3 ] DEBUG Engine               - fontUI: VarelaRound-Regular.ttf
11:51:27.371 [FXGL Background Thread 3 ] DEBUG Engine               - fullScreen: BooleanProperty [value: false]
11:51:27.371 [FXGL Background Thread 3 ] DEBUG Engine               - gameDifficulty: MEDIUM
11:51:27.371 [FXGL Background Thread 3 ] DEBUG Engine               - gameDifficultyProperty: ObjectProperty [value: MEDIUM]
11:51:27.371 [FXGL Background Thread 3 ] DEBUG Engine               - globalMusicVolume: 0.5
11:51:27.371 [FXGL Background Thread 3 ] DEBUG Engine               - globalMusicVolumeProperty: DoubleProperty [value: 0.5]
11:51:27.371 [FXGL Background Thread 3 ] DEBUG Engine               - globalSoundVolume: 0.5
11:51:27.371 [FXGL Background Thread 3 ] DEBUG Engine               - globalSoundVolumeProperty: DoubleProperty [value: 0.5]
11:51:27.371 [FXGL Background Thread 3 ] DEBUG Engine               - height: 1000
11:51:27.371 [FXGL Background Thread 3 ] DEBUG Engine               - is3D: false
11:51:27.371 [FXGL Background Thread 3 ] DEBUG Engine               - isAndroid: false
11:51:27.371 [FXGL Background Thread 3 ] DEBUG Engine               - isBrowser: false
11:51:27.371 [FXGL Background Thread 3 ] DEBUG Engine               - isClickFeedbackEnabled: false
11:51:27.371 [FXGL Background Thread 3 ] DEBUG Engine               - isCloseConfirmation: false
11:51:27.371 [FXGL Background Thread 3 ] DEBUG Engine               - isDesktop: true
11:51:27.371 [FXGL Background Thread 3 ] DEBUG Engine               - isDeveloperMenuEnabled: false
11:51:27.371 [FXGL Background Thread 3 ] DEBUG Engine               - isEmbedded: false
11:51:27.372 [FXGL Background Thread 3 ] DEBUG Engine               - isEntityPreloadEnabled: true
11:51:27.372 [FXGL Background Thread 3 ] DEBUG Engine               - isExperimentalTiledLargeMap: false
11:51:27.372 [FXGL Background Thread 3 ] DEBUG Engine               - isFileSystemWriteAllowed: true
11:51:27.372 [FXGL Background Thread 3 ] DEBUG Engine               - isFullScreenAllowed: false
11:51:27.372 [FXGL Background Thread 3 ] DEBUG Engine               - isFullScreenFromStart: false
11:51:27.372 [FXGL Background Thread 3 ] DEBUG Engine               - isGameMenuEnabled: true
11:51:27.373 [FXGL Background Thread 3 ] DEBUG Engine               - isIOS: false
11:51:27.373 [FXGL Background Thread 3 ] DEBUG Engine               - isIntroEnabled: false
11:51:27.373 [FXGL Background Thread 3 ] DEBUG Engine               - isLinux: false
11:51:27.373 [FXGL Background Thread 3 ] DEBUG Engine               - isMac: true
11:51:27.373 [FXGL Background Thread 3 ] DEBUG Engine               - isMainMenuEnabled: false
11:51:27.373 [FXGL Background Thread 3 ] DEBUG Engine               - isManualResizeEnabled: false
11:51:27.373 [FXGL Background Thread 3 ] DEBUG Engine               - isMobile: false
11:51:27.373 [FXGL Background Thread 3 ] DEBUG Engine               - isNative: false
11:51:27.373 [FXGL Background Thread 3 ] DEBUG Engine               - isPauseMusicWhenMinimized: true
11:51:27.373 [FXGL Background Thread 3 ] DEBUG Engine               - isPreserveResizeRatio: false
11:51:27.373 [FXGL Background Thread 3 ] DEBUG Engine               - isProfilingEnabled: false
11:51:27.373 [FXGL Background Thread 3 ] DEBUG Engine               - isScaleAffectedOnResize: true
11:51:27.373 [FXGL Background Thread 3 ] DEBUG Engine               - isSingleStep: false
11:51:27.373 [FXGL Background Thread 3 ] DEBUG Engine               - isUserProfileEnabled: false
11:51:27.373 [FXGL Background Thread 3 ] DEBUG Engine               - isWindows: false
11:51:27.373 [FXGL Background Thread 3 ] DEBUG Engine               - language: ObjectProperty [value: ENGLISH]
11:51:27.373 [FXGL Background Thread 3 ] DEBUG Engine               - menuKey: ESCAPE
11:51:27.373 [FXGL Background Thread 3 ] DEBUG Engine               - mouseSensitivity: 0.2
11:51:27.373 [FXGL Background Thread 3 ] DEBUG Engine               - notificationViewClass: class com.almasb.fxgl.notification.view.XboxNotificationView
11:51:27.373 [FXGL Background Thread 3 ] DEBUG Engine               - pixelsPerMeter: 50.0
11:51:27.373 [FXGL Background Thread 3 ] DEBUG Engine               - platform: MAC
11:51:27.373 [FXGL Background Thread 3 ] DEBUG Engine               - prefHeightProperty: ReadOnlyDoubleProperty [value: 1000.0]
11:51:27.373 [FXGL Background Thread 3 ] DEBUG Engine               - prefWidthProperty: ReadOnlyDoubleProperty [value: 1000.0]
11:51:27.373 [FXGL Background Thread 3 ] DEBUG Engine               - profileDir: profiles/
11:51:27.373 [FXGL Background Thread 3 ] DEBUG Engine               - profileName: StringProperty [value: DEFAULT]
11:51:27.373 [FXGL Background Thread 3 ] DEBUG Engine               - randomSeed: -1
11:51:27.374 [FXGL Background Thread 3 ] DEBUG Engine               - runtimeInfo: RuntimeInfo(platform=MAC, version=17.3, build=30.03.2023 11.49)
11:51:27.378 [FXGL Background Thread 3 ] DEBUG Engine               - saveFileExt: sav
11:51:27.378 [FXGL Background Thread 3 ] DEBUG Engine               - scaledHeightProp$fxgl: DoubleProperty [bound, value: 970.0]
11:51:27.378 [FXGL Background Thread 3 ] DEBUG Engine               - scaledWidthProp$fxgl: DoubleProperty [bound, value: 945.0]
11:51:27.378 [FXGL Background Thread 3 ] DEBUG Engine               - sceneFactory: com.almasb.fxgl.app.scene.SceneFactory@21e9cbcd
11:51:27.378 [FXGL Background Thread 3 ] DEBUG Engine               - secondsIn24h: 60
11:51:27.378 [FXGL Background Thread 3 ] DEBUG Engine               - soundMenuBack: menu/back.wav
11:51:27.379 [FXGL Background Thread 3 ] DEBUG Engine               - soundMenuPress: menu/press.wav
11:51:27.379 [FXGL Background Thread 3 ] DEBUG Engine               - soundMenuSelect: menu/select.wav
11:51:27.379 [FXGL Background Thread 3 ] DEBUG Engine               - soundNotification: core/notification.wav
11:51:27.379 [FXGL Background Thread 3 ] DEBUG Engine               - stageStyle: DECORATED
11:51:27.379 [FXGL Background Thread 3 ] DEBUG Engine               - supportedLanguages: [ENGLISH, FRENCH, GERMAN, HUNGARIAN, RUSSIAN]
11:51:27.379 [FXGL Background Thread 3 ] DEBUG Engine               - ticksPerSecond: -1
11:51:27.379 [FXGL Background Thread 3 ] DEBUG Engine               - title: Zombs
11:51:27.379 [FXGL Background Thread 3 ] DEBUG Engine               - urlGithub: https://github.com/AlmasB/FXGL
11:51:27.379 [FXGL Background Thread 3 ] DEBUG Engine               - urlLeaderboard: http://fxgl-top.herokuapp.com/
11:51:27.379 [FXGL Background Thread 3 ] DEBUG Engine               - urlPOM: https://raw.githubusercontent.com/AlmasB/FXGL/release/README.md
11:51:27.379 [FXGL Background Thread 3 ] DEBUG Engine               - userAppClass: class com.csafinal.basedefense.DropApp
11:51:27.379 [FXGL Background Thread 3 ] DEBUG Engine               - version: 1.0
11:51:27.379 [FXGL Background Thread 3 ] DEBUG Engine               - versionCheckDays: 7
11:51:27.379 [FXGL Background Thread 3 ] DEBUG Engine               - width: 1000
11:51:27.379 [FXGL Background Thread 3 ] DEBUG Engine               - Logging services
11:51:27.379 [FXGL Background Thread 3 ] DEBUG Engine               - class com.almasb.fxgl.app.services.FXGLAssetLoaderService
11:51:27.379 [FXGL Background Thread 3 ] DEBUG Engine               - class com.almasb.fxgl.app.FXGLApplication$GameApplicationService
11:51:27.379 [FXGL Background Thread 3 ] DEBUG Engine               - class com.almasb.fxgl.app.services.FXGLDialogService
11:51:27.379 [FXGL Background Thread 3 ] DEBUG Engine               - class com.almasb.fxgl.app.services.IOTaskExecutorService
11:51:27.379 [FXGL Background Thread 3 ] DEBUG Engine               - class com.almasb.fxgl.io.FileSystemService
11:51:27.379 [FXGL Background Thread 3 ] DEBUG Engine               - class com.almasb.fxgl.localization.LocalizationService
11:51:27.382 [FXGL Background Thread 3 ] DEBUG Engine               - class com.almasb.fxgl.app.services.SystemBundleService
11:51:27.383 [FXGL Background Thread 3 ] DEBUG Engine               - class com.almasb.fxgl.profile.SaveLoadService
11:51:27.383 [FXGL Background Thread 3 ] DEBUG Engine               - class com.almasb.fxgl.ui.FXGLUIFactoryServiceProvider
11:51:27.383 [FXGL Background Thread 3 ] DEBUG Engine               - class com.almasb.fxgl.ui.FXGLDialogFactoryServiceProvider
11:51:27.383 [FXGL Background Thread 3 ] DEBUG Engine               - class com.almasb.fxgl.audio.AudioPlayer
11:51:27.383 [FXGL Background Thread 3 ] DEBUG Engine               - class com.almasb.fxgl.notification.impl.NotificationServiceProvider
11:51:27.383 [FXGL Background Thread 3 ] DEBUG Engine               - class com.almasb.fxgl.achievement.AchievementService
11:51:27.383 [FXGL Background Thread 3 ] DEBUG Engine               - class com.almasb.fxgl.cutscene.CutsceneService
11:51:27.383 [FXGL Background Thread 3 ] DEBUG Engine               - class com.almasb.fxgl.minigames.MiniGameService
11:51:27.383 [FXGL Background Thread 3 ] DEBUG Engine               - class com.almasb.fxgl.net.NetService
11:51:27.383 [FXGL Background Thread 3 ] DEBUG Engine               - class com.almasb.fxgl.app.services.UpdaterService
11:51:27.383 [FXGL Background Thread 3 ] DEBUG Engine               - class com.almasb.fxgl.dev.DevService
11:51:28.241 [JavaFX Application Thread] WARN  FXGLAssetLoaderServi - Asset "/assets/textures/droplet.png" was not found!
11:51:28.242 [JavaFX Application Thread] WARN  FXGLAssetLoaderServi - Failed to load IMAGE
11:51:29.999 [JavaFX Application Thread] DEBUG LoopRunner           - Stopping loop
11:51:30.005 [JavaFX Application Thread] FATAL FXGLApplication      - Uncaught Exception:
java.lang.IllegalArgumentException: No EntityFactory has a method annotated @Spawns(building)
	at com.almasb.fxgl.entity@17.3/com.almasb.fxgl.entity.GameWorld.create(GameWorld.kt:413)
	at com.almasb.fxgl.entity@17.3/com.almasb.fxgl.entity.GameWorld.spawn(GameWorld.kt:396)
	at com.almasb.fxgl.entity@17.3/com.almasb.fxgl.entity.GameWorld.spawn(GameWorld.kt:384)
	at com.almasb.fxgl.entity@17.3/com.almasb.fxgl.entity.GameWorld.spawn(GameWorld.kt:359)
	at com.almasb.fxgl.all@17.3/com.almasb.fxgl.dsl.FXGL$Companion.spawn(FXGL.kt:555)
	at com.almasb.fxgl.all@17.3/com.almasb.fxgl.dsl.FXGL.spawn(FXGL.kt)
	at td.main/com.csafinal.basedefense.DropApp.lambda$initGame$1(DropApp.java:124)
	at com.almasb.fxgl.core@17.3/com.almasb.fxgl.time.TimerAction.update(TimerAction.kt:69)
	at com.almasb.fxgl.core@17.3/com.almasb.fxgl.time.Timer.update(Timer.kt:38)
	at com.almasb.fxgl.scene@17.3/com.almasb.fxgl.scene.Scene.update(Scene.kt:104)
	at com.almasb.fxgl.all@17.3/com.almasb.fxgl.app.MainWindow$update$1.invoke(MainWindow.kt:115)
	at com.almasb.fxgl.all@17.3/com.almasb.fxgl.app.MainWindow$update$1.invoke(MainWindow.kt:115)
	at com.almasb.fxgl.core@17.3/com.almasb.fxgl.core.fsm.StateMachine.runOnActiveStates(StateMachine.kt:69)
	at com.almasb.fxgl.all@17.3/com.almasb.fxgl.app.MainWindow.update(MainWindow.kt:115)
	at com.almasb.fxgl.all@17.3/com.almasb.fxgl.app.FXGLApplication$GameApplicationService.onUpdate(FXGLApplication.kt:426)
	at com.almasb.fxgl.all@17.3/com.almasb.fxgl.app.Engine.loop(Engine.kt:134)
	at com.almasb.fxgl.all@17.3/com.almasb.fxgl.app.Engine.access$loop(Engine.kt:24)
	at com.almasb.fxgl.all@17.3/com.almasb.fxgl.app.Engine$loop$1.invoke(Engine.kt:28)
	at com.almasb.fxgl.all@17.3/com.almasb.fxgl.app.Engine$loop$1.invoke(Engine.kt:28)
	at com.almasb.fxgl.all@17.3/com.almasb.fxgl.app.LoopRunner.frame(LoopRunner.kt:103)
	at com.almasb.fxgl.all@17.3/com.almasb.fxgl.app.LoopRunner.access$frame(LoopRunner.kt:23)
	at com.almasb.fxgl.all@17.3/com.almasb.fxgl.app.LoopRunner$impl$2$1.onTick(LoopRunner.kt:57)
	at com.almasb.fxgl.all@17.3/com.almasb.fxgl.app.AnimationTimerLoop$timer$1.handle(LoopRunner.kt:137)
	at javafx.graphics@20/javafx.animation.AnimationTimer$AnimationTimerReceiver.lambda$handle$0(AnimationTimer.java:58)
	at java.base/java.security.AccessController.doPrivileged(AccessController.java:400)
	at javafx.graphics@20/javafx.animation.AnimationTimer$AnimationTimerReceiver.handle(AnimationTimer.java:57)
	at javafx.graphics@20/com.sun.scenario.animation.AbstractPrimaryTimer.timePulseImpl(AbstractPrimaryTimer.java:356)
	at javafx.graphics@20/com.sun.scenario.animation.AbstractPrimaryTimer$MainLoop.run(AbstractPrimaryTimer.java:266)
	at javafx.graphics@20/com.sun.javafx.tk.quantum.QuantumToolkit.pulse(QuantumToolkit.java:588)
	at javafx.graphics@20/com.sun.javafx.tk.quantum.QuantumToolkit.pulse(QuantumToolkit.java:572)
	at javafx.graphics@20/com.sun.javafx.tk.quantum.QuantumToolkit.pulseFromQueue(QuantumToolkit.java:565)
	at javafx.graphics@20/com.sun.javafx.tk.quantum.QuantumToolkit.lambda$runToolkit$11(QuantumToolkit.java:352)
	at javafx.graphics@20/com.sun.glass.ui.InvokeLaterDispatcher$Future.run(InvokeLaterDispatcher.java:95)

11:51:30.006 [JavaFX Application Thread] FATAL FXGLApplication      - Application will now exit
11:51:30.057 [JavaFX Application Thread] DEBUG PrimaryStageWindow   - Push state: ErrorSubScene
11:51:30.059 [JavaFX Application Thread] DEBUG Input                - Clearing active input actions
11:51:30.070 [JavaFX Application Thread] DEBUG GameApplicationServi - Removing overlay from GameScene and adding to ErrorSubScene
11:51:30.072 [JavaFX Application Thread] DEBUG PrimaryStageWindow   - GameScene -> ErrorSubScene
11:51:46.869 [JavaFX Application Thread] DEBUG FXGLApplication      - Exiting FXGL
11:51:46.870 [JavaFX Application Thread] DEBUG Async                - Shutting down background threads
11:51:46.871 [JavaFX Application Thread] DEBUG PrimaryStageWindow   - Closing main window
11:51:46.892 [JavaFX Application Thread] DEBUG Logger               - Closing Logger
