11:36:28.327 [main                     ] DEBUG Logger               - Configured Logger
11:36:28.384 [main                     ] DEBUG GameApplication      - Logging settings
Title: Zombs
Version: 1.0
Width: 1000
Height: 1000
Fullscreen: false
Intro: false
Profiling: false
Single step:false
App Mode: DEVELOPER
Menu Key: ESCAPE
Stage Style: DECORATED
Scene Factory: class com.almasb.fxgl.app.scene.SceneFactory

11:36:28.848 [JavaFX Application Thread] DEBUG FXGLApplication      - Initializing FXGL
11:36:28.861 [JavaFX Application Thread] INFO  Engine               - FXGL-17.1 (24.03.2022 17.34) on MAC (J:20 FX:18)
11:36:28.864 [JavaFX Application Thread] DEBUG Engine               - JRE Vendor Name: Oracle Corporation
11:36:28.864 [JavaFX Application Thread] DEBUG Engine               - Running on OS: Mac OS X version 13.1
11:36:28.865 [JavaFX Application Thread] DEBUG Engine               - Architecture: x86_64
11:36:28.865 [JavaFX Application Thread] INFO  Engine               - Source code and latest versions at: https://github.com/AlmasB/FXGL
11:36:28.865 [JavaFX Application Thread] INFO  Engine               -       Ask questions and discuss at: https://github.com/AlmasB/FXGL/discussions
11:36:28.865 [JavaFX Application Thread] INFO  Engine               -              Join the FXGL chat at: https://gitter.im/AlmasB/FXGL
11:36:28.948 [JavaFX Application Thread] DEBUG PrimaryStageWindow   - Creating a JavaFX scene
11:36:28.949 [JavaFX Application Thread] DEBUG PrimaryStageWindow   - Target size > screen size
11:36:29.005 [JavaFX Application Thread] DEBUG PrimaryStageWindow   - Target settings size: 1000.0 x 1000.0
11:36:29.005 [JavaFX Application Thread] DEBUG PrimaryStageWindow   - Scaled scene size:    945.0 x 970.0
11:36:29.006 [JavaFX Application Thread] DEBUG PrimaryStageWindow   - Scaled ratio: (0.945, 0.97)
11:36:29.007 [JavaFX Application Thread] DEBUG PrimaryStageWindow   - Set initial scene to FXGLStartupScene
11:36:29.015 [JavaFX Application Thread] DEBUG PrimaryStageWindow   - Opening main window
11:36:29.168 [JavaFX Application Thread] DEBUG PrimaryStageWindow   - Window border size: (0.0, 28.0)
11:36:29.168 [JavaFX Application Thread] DEBUG PrimaryStageWindow   - Scaled size: 945.0 x 970.0
11:36:29.169 [JavaFX Application Thread] DEBUG PrimaryStageWindow   - Scaled ratio: (0.945, 0.97)
11:36:29.170 [JavaFX Application Thread] DEBUG PrimaryStageWindow   - Scene size: 945.0 x 970.0
11:36:29.170 [JavaFX Application Thread] DEBUG PrimaryStageWindow   - Stage size: 945.0 x 998.0
11:36:29.180 [FXGL Background Thread 1 ] DEBUG Engine               - Initializing environment variables
11:36:29.314 [FXGL Background Thread 1 ] DEBUG FXGLAssetLoaderServi - User app class for loading assets: class com.csafinal.basedefense.DropApp
11:36:29.315 [FXGL Background Thread 1 ] DEBUG GameApplicationServi - Applying CSS: fxgl_dark.css
11:36:29.316 [FXGL Background Thread 1 ] DEBUG FXGLAssetLoaderServi - Loading from file system: jar:file:///Users/ayushkumarrai/.m2/repository/com/github/almasb/fxgl/17.1/fxgl-17.1.jar!/fxglassets/ui/css/fxgl_dark.css
11:36:29.386 [FXGL Background Thread 1 ] DEBUG GameApplicationServi - Initializing application scenes
11:36:29.579 [FXGL Background Thread 1 ] DEBUG GameWorld            - Game world initialized
11:36:29.628 [FXGL Background Thread 1 ] DEBUG PhysicsWorld         - Physics world initialized: appHeight=1000, physics.ppm=50.0
11:36:29.629 [FXGL Background Thread 1 ] DEBUG PhysicsWorld         - Using strategy: BRUTE_FORCE
11:36:29.638 [FXGL Background Thread 1 ] DEBUG GameScene            - Game scene initialized: 1000x1000
11:36:29.657 [FXGL Background Thread 1 ] DEBUG FXGL.DefaultMenu     - createMenuBodyGameMenu()
11:36:29.672 [FXGL Background Thread 1 ] DEBUG FXGL.DefaultMenu     - createOptionsMenu()
11:36:29.685 [FXGL Background Thread 1 ] DEBUG FXGLAssetLoaderServi - Loading from file system: jar:file:///Users/ayushkumarrai/.m2/repository/com/github/almasb/fxgl/17.1/fxgl-17.1.jar!/fxglassets/textures/particles/smoke.png
11:36:29.845 [FXGL Background Thread 1 ] DEBUG FXGLAssetLoaderServi - Loading from file system: jar:file:///Users/ayushkumarrai/.m2/repository/com/github/almasb/fxgl/17.1/fxgl-17.1.jar!/fxglassets/textures/particles/trace_horizontal.png
11:36:29.874 [FXGL Background Thread 1 ] DEBUG GameApplicationServi - Application scenes initialized
11:36:29.891 [FXGL Background Thread 1 ] DEBUG SystemBundleService  - Loading FXGL system data
11:36:29.896 [FXGL Background Thread 1 ] DEBUG FileSystemAccess     - Reading from: /Volumes/AYUSH DRIVE/School 2022-23/M359 AP CS Java A/TowerDefense/system/fxgl.bundle
11:36:29.915 [FXGL Background Thread 1 ] DEBUG SystemBundleService  - Bundle FXGL: {}
11:36:29.915 [FXGL Background Thread 1 ] DEBUG UpdaterService       - Checking for updates
11:36:29.919 [FXGL Background Thread 4 ] DEBUG FXGLApplication      - Loading fonts
11:36:29.919 [FXGL Background Thread 1 ] DEBUG FXGLApplication      - Loading default localization
11:36:29.919 [FXGL Background Thread 4 ] DEBUG FXGLAssetLoaderServi - Loading from file system: jar:file:///Users/ayushkumarrai/.m2/repository/com/github/almasb/fxgl/17.1/fxgl-17.1.jar!/fxglassets/ui/fonts/VarelaRound-Regular.ttf
11:36:29.923 [FXGL Background Thread 1 ] DEBUG FXGLAssetLoaderServi - Loading from file system: jar:file:///Users/ayushkumarrai/.m2/repository/com/github/almasb/fxgl/17.1/fxgl-17.1.jar!/fxglassets/languages/english.lang
11:36:29.946 [FXGL Background Thread 4 ] DEBUG FXGLAssetLoaderServi - Loading from file system: jar:file:///Users/ayushkumarrai/.m2/repository/com/github/almasb/fxgl/17.1/fxgl-17.1.jar!/fxglassets/ui/fonts/Abel-Regular.ttf
11:36:29.948 [FXGL Background Thread 1 ] INFO  FXGLApplication      - FXGL initialization took: 0.766 sec
11:36:29.951 [FXGL Background Thread 4 ] DEBUG FXGLAssetLoaderServi - Loading from file system: jar:file:///Users/ayushkumarrai/.m2/repository/com/github/almasb/fxgl/17.1/fxgl-17.1.jar!/fxglassets/ui/fonts/TerminalLandMono-Regular.otf
11:36:29.956 [FXGL Background Thread 4 ] DEBUG FXGLAssetLoaderServi - Loading from file system: jar:file:///Users/ayushkumarrai/.m2/repository/com/github/almasb/fxgl/17.1/fxgl-17.1.jar!/fxglassets/ui/fonts/Courier-Prime.ttf
11:36:29.957 [JavaFX Application Thread] DEBUG Input                - Registered new binding: Left - A
11:36:29.958 [JavaFX Application Thread] DEBUG Input                - Registered new binding: Right - D
11:36:29.958 [JavaFX Application Thread] DEBUG Input                - Registered new binding: Down - S
11:36:29.959 [JavaFX Application Thread] DEBUG Input                - Registered new binding: Up - W
11:36:29.959 [JavaFX Application Thread] DEBUG FXGLAssetLoaderServi - Loading from file system: jar:file:///Users/ayushkumarrai/.m2/repository/com/github/almasb/fxgl/17.1/fxgl-17.1.jar!/fxglassets/textures/fxgl_icon.png
11:36:29.992 [JavaFX Application Thread] DEBUG FXGLAssetLoaderServi - Loading from file system: jar:file:///Users/ayushkumarrai/.m2/repository/com/github/almasb/fxgl/17.1/fxgl-17.1.jar!/fxglassets/textures/fxgl_default_cursor.png
11:36:29.996 [JavaFX Application Thread] DEBUG Input                - Registered new binding: Screenshot - CTRL+8
11:36:29.997 [JavaFX Application Thread] DEBUG Input                - Registered new binding: System info dump - CTRL+9
11:36:29.997 [JavaFX Application Thread] DEBUG Input                - Registered new binding: Restart - CTRL+R
11:36:29.998 [JavaFX Application Thread] DEBUG Input                - Registered new binding: Toggle Debug Camera - CTRL+7
11:36:30.001 [JavaFX Application Thread] DEBUG LoopRunner           - Starting loop
11:36:30.001 [JavaFX Application Thread] DEBUG LoopRunner           - Initializing JavaFX AnimationTimerLoop
11:36:30.002 [JavaFX Application Thread] DEBUG GameApplicationServi - Starting new game
11:36:30.003 [JavaFX Application Thread] DEBUG Input                - Clearing active input actions
11:36:30.045 [JavaFX Application Thread] DEBUG GameApplicationServi - Removing overlay from FXGLStartupScene and adding to FXGLLoadingScene
11:36:30.048 [JavaFX Application Thread] DEBUG PrimaryStageWindow   - FXGLStartupScene -> FXGLLoadingScene
11:36:30.049 [JavaFX Application Thread] DEBUG GameApplicationServi - Clearing previous game
11:36:30.050 [JavaFX Application Thread] DEBUG GameScene            - Clearing game scene
11:36:30.051 [JavaFX Application Thread] DEBUG GameWorld            - Clearing game world
11:36:30.051 [JavaFX Application Thread] DEBUG PhysicsWorld         - Clearing physics world
11:36:30.052 [FXGL Background Thread 4 ] DEBUG FXGLApplication      - Initializing game
11:36:30.112 [FXGL Background Thread 4 ] WARN  FXGLAssetLoaderServi - Asset "/assets/textures/bucket.png" was not found!
11:36:30.112 [FXGL Background Thread 4 ] WARN  FXGLAssetLoaderServi - Failed to load IMAGE
11:36:30.143 [JavaFX Application Thread] DEBUG FXGLApplication      - Registering font factories with UI factory
11:36:30.674 [FXGL Background Thread 4 ] DEBUG TMXLevelLoader       - Parsed TiledMap: file:/Volumes/AYUSH%20DRIVE/School%202022-23/M359%20AP%20CS%20Java%20A/TowerDefense/target/classes/assets/levels/tmx/td1.tmx
11:36:30.688 [FXGL Background Thread 4 ] DEBUG TMXLevelLoader       - Creating tile layer entities
11:36:30.697 [FXGL Background Thread 4 ] DEBUG TilesetLoader        - Loading view for layer ground
11:36:30.700 [FXGL Background Thread 4 ] DEBUG TilesetLoader        - Created buffer with size 1600.0x896.0
11:36:30.997 [FXGL Background Thread 4 ] DEBUG TilesetLoader        - Loading view for layer path
11:36:31.030 [FXGL Background Thread 4 ] DEBUG TilesetLoader        - Created buffer with size 1600.0x896.0
11:36:31.054 [FXGL Background Thread 4 ] DEBUG TilesetLoader        - Loading view for layer decor
11:36:31.057 [FXGL Background Thread 4 ] DEBUG TilesetLoader        - Created buffer with size 1600.0x896.0
11:36:31.060 [FXGL Background Thread 4 ] DEBUG TMXLevelLoader       - Creating object layer entities
11:36:31.115 [FXGL Background Thread 4 ] WARN  TMXLevelLoader       - Parse error
java.lang.IllegalArgumentException: No EntityFactory has a method annotated @Spawns(waypoint)
	at com.almasb.fxgl.entity@17.1/com.almasb.fxgl.entity.GameWorld.create(GameWorld.kt:413)
	at com.almasb.fxgl.entity@17.1/com.almasb.fxgl.entity.level.tiled.TMXLevelLoader.createObjectLayerEntities(TMXLevelLoader.kt:154)
	at com.almasb.fxgl.entity@17.1/com.almasb.fxgl.entity.level.tiled.TMXLevelLoader.load(TMXLevelLoader.kt:60)
	at com.almasb.fxgl.all@17.1/com.almasb.fxgl.app.services.FXGLAssetLoaderService.loadLevel(FXGLAssetLoaderService.kt:446)
	at com.almasb.fxgl.all@17.1/com.almasb.fxgl.dsl.FXGL$Companion.setLevelFromMap(FXGL.kt:634)
	at com.almasb.fxgl.all@17.1/com.almasb.fxgl.dsl.FXGL.setLevelFromMap(FXGL.kt)
	at td.main/com.csafinal.basedefense.DropApp.loadCurrentLevel(DropApp.java:263)
	at td.main/com.csafinal.basedefense.DropApp.initGame(DropApp.java:135)
	at com.almasb.fxgl.all@17.1/com.almasb.fxgl.app.FXGLApplication$InitAppTask.initGame(FXGLApplication.kt:339)
	at com.almasb.fxgl.all@17.1/com.almasb.fxgl.app.FXGLApplication$InitAppTask.call(FXGLApplication.kt:319)
	at com.almasb.fxgl.all@17.1/com.almasb.fxgl.app.FXGLApplication$InitAppTask.call(FXGLApplication.kt:311)
	at javafx.graphics@18/javafx.concurrent.Task$TaskCallable.call(Task.java:1426)
	at java.base/java.util.concurrent.FutureTask.run(FutureTask.java:317)
	at java.base/java.util.concurrent.Executors$RunnableAdapter.call(Executors.java:577)
	at java.base/java.util.concurrent.FutureTask.run(FutureTask.java:317)
	at java.base/java.util.concurrent.ThreadPoolExecutor.runWorker(ThreadPoolExecutor.java:1144)
	at java.base/java.util.concurrent.ThreadPoolExecutor$Worker.run(ThreadPoolExecutor.java:642)
	at java.base/java.lang.Thread.run(Thread.java:1623)

11:36:31.125 [JavaFX Application Thread] DEBUG LoopRunner           - Stopping loop
11:36:31.127 [JavaFX Application Thread] FATAL FXGLApplication      - Uncaught Exception:
java.lang.RuntimeException: Initialization failed
	at com.almasb.fxgl.all@17.1/com.almasb.fxgl.app.FXGLApplication$InitAppTask.failed(FXGLApplication.kt:343)
	at javafx.graphics@18/javafx.concurrent.Task.setState(Task.java:710)
	at javafx.graphics@18/javafx.concurrent.Task$TaskCallable.lambda$call$2(Task.java:1456)
	at javafx.graphics@18/com.sun.javafx.application.PlatformImpl.lambda$runLater$10(PlatformImpl.java:457)
	at java.base/java.security.AccessController.doPrivileged(AccessController.java:400)
	at javafx.graphics@18/com.sun.javafx.application.PlatformImpl.lambda$runLater$11(PlatformImpl.java:456)
	at javafx.graphics@18/com.sun.glass.ui.InvokeLaterDispatcher$Future.run(InvokeLaterDispatcher.java:96)
Caused by: com.almasb.fxgl.entity.level.LevelLoadingException: No EntityFactory has a method annotated @Spawns(waypoint)
	at com.almasb.fxgl.entity@17.1/com.almasb.fxgl.entity.level.tiled.TMXLevelLoader.load(TMXLevelLoader.kt:78)
	at com.almasb.fxgl.all@17.1/com.almasb.fxgl.app.services.FXGLAssetLoaderService.loadLevel(FXGLAssetLoaderService.kt:446)
	at com.almasb.fxgl.all@17.1/com.almasb.fxgl.dsl.FXGL$Companion.setLevelFromMap(FXGL.kt:634)
	at com.almasb.fxgl.all@17.1/com.almasb.fxgl.dsl.FXGL.setLevelFromMap(FXGL.kt)
	at td.main/com.csafinal.basedefense.DropApp.loadCurrentLevel(DropApp.java:263)
	at td.main/com.csafinal.basedefense.DropApp.initGame(DropApp.java:135)
	at com.almasb.fxgl.all@17.1/com.almasb.fxgl.app.FXGLApplication$InitAppTask.initGame(FXGLApplication.kt:339)
	at com.almasb.fxgl.all@17.1/com.almasb.fxgl.app.FXGLApplication$InitAppTask.call(FXGLApplication.kt:319)
	at com.almasb.fxgl.all@17.1/com.almasb.fxgl.app.FXGLApplication$InitAppTask.call(FXGLApplication.kt:311)
	at javafx.graphics@18/javafx.concurrent.Task$TaskCallable.call(Task.java:1426)
	at java.base/java.util.concurrent.FutureTask.run(FutureTask.java:317)
	at java.base/java.util.concurrent.Executors$RunnableAdapter.call(Executors.java:577)
	at java.base/java.util.concurrent.FutureTask.run(FutureTask.java:317)
	at java.base/java.util.concurrent.ThreadPoolExecutor.runWorker(ThreadPoolExecutor.java:1144)
	at java.base/java.util.concurrent.ThreadPoolExecutor$Worker.run(ThreadPoolExecutor.java:642)
	at java.base/java.lang.Thread.run(Thread.java:1623)
Caused by: java.lang.IllegalArgumentException: No EntityFactory has a method annotated @Spawns(waypoint)
	at com.almasb.fxgl.entity@17.1/com.almasb.fxgl.entity.GameWorld.create(GameWorld.kt:413)
	at com.almasb.fxgl.entity@17.1/com.almasb.fxgl.entity.level.tiled.TMXLevelLoader.createObjectLayerEntities(TMXLevelLoader.kt:154)
	at com.almasb.fxgl.entity@17.1/com.almasb.fxgl.entity.level.tiled.TMXLevelLoader.load(TMXLevelLoader.kt:60)
	... 15 more

11:36:31.129 [JavaFX Application Thread] FATAL FXGLApplication      - Application will now exit
11:36:31.167 [JavaFX Application Thread] DEBUG PrimaryStageWindow   - Push state: ErrorSubScene
11:36:31.168 [JavaFX Application Thread] DEBUG Input                - Clearing active input actions
11:36:31.177 [JavaFX Application Thread] DEBUG GameApplicationServi - Removing overlay from FXGLLoadingScene and adding to ErrorSubScene
11:36:31.181 [JavaFX Application Thread] DEBUG PrimaryStageWindow   - FXGLLoadingScene -> ErrorSubScene
11:36:31.183 [FXGL Background Thread 2 ] INFO  UpdaterService       - Your current version:  17.1
11:36:31.184 [FXGL Background Thread 2 ] INFO  UpdaterService       - Latest stable version: 17.3
11:36:32.923 [FXGL Background Thread 3 ] DEBUG Engine               - Logging environment variables
11:36:32.925 [FXGL Background Thread 3 ] DEBUG Engine               - achievements: []
11:36:32.925 [FXGL Background Thread 3 ] DEBUG Engine               - actualHeight: 970.0
11:36:32.925 [FXGL Background Thread 3 ] DEBUG Engine               - actualHeightProperty: ReadOnlyDoubleProperty [value: 970.0]
11:36:32.926 [FXGL Background Thread 3 ] DEBUG Engine               - actualWidth: 945.0
11:36:32.926 [FXGL Background Thread 3 ] DEBUG Engine               - actualWidthProperty: ReadOnlyDoubleProperty [value: 945.0]
11:36:32.926 [FXGL Background Thread 3 ] DEBUG Engine               - appIcon: fxgl_icon.png
11:36:32.926 [FXGL Background Thread 3 ] DEBUG Engine               - applicationMode: DEVELOPER
11:36:32.927 [FXGL Background Thread 3 ] DEBUG Engine               - cSSList: [fxgl_dark.css]
11:36:32.927 [FXGL Background Thread 3 ] DEBUG Engine               - collisionDetectionStrategy: BRUTE_FORCE
11:36:32.927 [FXGL Background Thread 3 ] DEBUG Engine               - configClass: Optional.empty
11:36:32.928 [FXGL Background Thread 3 ] DEBUG Engine               - credits: []
11:36:32.929 [FXGL Background Thread 3 ] DEBUG Engine               - defaultCursor: CursorInfo(imageName=fxgl_default_cursor.png, hotspotX=7.0, hotspotY=6.0)
11:36:32.933 [FXGL Background Thread 3 ] DEBUG Engine               - devBBoxColorProperty: ObjectProperty [value: 0xff0000ff]
11:36:32.934 [FXGL Background Thread 3 ] DEBUG Engine               - devEnableDebugCameraProperty: BooleanProperty [value: false]
11:36:32.934 [FXGL Background Thread 3 ] DEBUG Engine               - devSensorColorProperty: ObjectProperty [value: 0xffff00ff]
11:36:32.934 [FXGL Background Thread 3 ] DEBUG Engine               - devShowBBoxProperty: BooleanProperty [value: false]
11:36:32.934 [FXGL Background Thread 3 ] DEBUG Engine               - devShowPositionProperty: BooleanProperty [value: false]
11:36:32.934 [FXGL Background Thread 3 ] DEBUG Engine               - enabledMenuItems: []
11:36:32.935 [FXGL Background Thread 3 ] DEBUG Engine               - engineServices: [class com.almasb.fxgl.app.services.FXGLAssetLoaderService, class com.almasb.fxgl.app.FXGLApplication$GameApplicationService, class com.almasb.fxgl.app.services.FXGLDialogService, class com.almasb.fxgl.app.services.IOTaskExecutorService, class com.almasb.fxgl.io.FileSystemService, class com.almasb.fxgl.localization.LocalizationService, class com.almasb.fxgl.app.services.SystemBundleService, class com.almasb.fxgl.profile.SaveLoadService, class com.almasb.fxgl.ui.FXGLUIFactoryServiceProvider, class com.almasb.fxgl.ui.FXGLDialogFactoryServiceProvider, class com.almasb.fxgl.audio.AudioPlayer, class com.almasb.fxgl.notification.impl.NotificationServiceProvider, class com.almasb.fxgl.achievement.AchievementService, class com.almasb.fxgl.cutscene.CutsceneService, class com.almasb.fxgl.minigames.MiniGameService, class com.almasb.fxgl.net.NetService, class com.almasb.fxgl.app.services.UpdaterService, class com.almasb.fxgl.dev.DevService]
11:36:32.935 [FXGL Background Thread 3 ] DEBUG Engine               - fontGame: Abel-Regular.ttf
11:36:32.935 [FXGL Background Thread 3 ] DEBUG Engine               - fontMono: TerminalLandMono-Regular.otf
11:36:32.935 [FXGL Background Thread 3 ] DEBUG Engine               - fontText: Courier-Prime.ttf
11:36:32.936 [FXGL Background Thread 3 ] DEBUG Engine               - fontUI: VarelaRound-Regular.ttf
11:36:32.936 [FXGL Background Thread 3 ] DEBUG Engine               - fullScreen: BooleanProperty [value: false]
11:36:32.936 [FXGL Background Thread 3 ] DEBUG Engine               - gameDifficulty: MEDIUM
11:36:32.936 [FXGL Background Thread 3 ] DEBUG Engine               - gameDifficultyProperty: ObjectProperty [value: MEDIUM]
11:36:32.936 [FXGL Background Thread 3 ] DEBUG Engine               - globalMusicVolume: 0.5
11:36:32.936 [FXGL Background Thread 3 ] DEBUG Engine               - globalMusicVolumeProperty: DoubleProperty [value: 0.5]
11:36:32.936 [FXGL Background Thread 3 ] DEBUG Engine               - globalSoundVolume: 0.5
11:36:32.936 [FXGL Background Thread 3 ] DEBUG Engine               - globalSoundVolumeProperty: DoubleProperty [value: 0.5]
11:36:32.936 [FXGL Background Thread 3 ] DEBUG Engine               - height: 1000
11:36:32.937 [FXGL Background Thread 3 ] DEBUG Engine               - is3D: false
11:36:32.937 [FXGL Background Thread 3 ] DEBUG Engine               - isAndroid: false
11:36:32.937 [FXGL Background Thread 3 ] DEBUG Engine               - isBrowser: false
11:36:32.937 [FXGL Background Thread 3 ] DEBUG Engine               - isClickFeedbackEnabled: false
11:36:32.938 [FXGL Background Thread 3 ] DEBUG Engine               - isCloseConfirmation: false
11:36:32.938 [FXGL Background Thread 3 ] DEBUG Engine               - isDesktop: true
11:36:32.938 [FXGL Background Thread 3 ] DEBUG Engine               - isDeveloperMenuEnabled: false
11:36:32.938 [FXGL Background Thread 3 ] DEBUG Engine               - isEmbedded: false
11:36:32.938 [FXGL Background Thread 3 ] DEBUG Engine               - isEntityPreloadEnabled: true
11:36:32.938 [FXGL Background Thread 3 ] DEBUG Engine               - isExperimentalTiledLargeMap: false
11:36:32.939 [FXGL Background Thread 3 ] DEBUG Engine               - isFileSystemWriteAllowed: true
11:36:32.939 [FXGL Background Thread 3 ] DEBUG Engine               - isFullScreenAllowed: false
11:36:32.939 [FXGL Background Thread 3 ] DEBUG Engine               - isFullScreenFromStart: false
11:36:32.939 [FXGL Background Thread 3 ] DEBUG Engine               - isGameMenuEnabled: true
11:36:32.939 [FXGL Background Thread 3 ] DEBUG Engine               - isIOS: false
11:36:32.939 [FXGL Background Thread 3 ] DEBUG Engine               - isIntroEnabled: false
11:36:32.939 [FXGL Background Thread 3 ] DEBUG Engine               - isLinux: false
11:36:32.939 [FXGL Background Thread 3 ] DEBUG Engine               - isMac: true
11:36:32.939 [FXGL Background Thread 3 ] DEBUG Engine               - isMainMenuEnabled: false
11:36:32.939 [FXGL Background Thread 3 ] DEBUG Engine               - isManualResizeEnabled: false
11:36:32.939 [FXGL Background Thread 3 ] DEBUG Engine               - isMobile: false
11:36:32.939 [FXGL Background Thread 3 ] DEBUG Engine               - isNative: false
11:36:32.939 [FXGL Background Thread 3 ] DEBUG Engine               - isPauseMusicWhenMinimized: true
11:36:32.939 [FXGL Background Thread 3 ] DEBUG Engine               - isPreserveResizeRatio: false
11:36:32.939 [FXGL Background Thread 3 ] DEBUG Engine               - isProfilingEnabled: false
11:36:32.939 [FXGL Background Thread 3 ] DEBUG Engine               - isScaleAffectedOnResize: true
11:36:32.939 [FXGL Background Thread 3 ] DEBUG Engine               - isSingleStep: false
11:36:32.939 [FXGL Background Thread 3 ] DEBUG Engine               - isUserProfileEnabled: false
11:36:32.939 [FXGL Background Thread 3 ] DEBUG Engine               - isWindows: false
11:36:32.939 [FXGL Background Thread 3 ] DEBUG Engine               - language: ObjectProperty [value: ENGLISH]
11:36:32.939 [FXGL Background Thread 3 ] DEBUG Engine               - menuKey: ESCAPE
11:36:32.939 [FXGL Background Thread 3 ] DEBUG Engine               - mouseSensitivity: 0.2
11:36:32.939 [FXGL Background Thread 3 ] DEBUG Engine               - notificationViewClass: class com.almasb.fxgl.notification.view.XboxNotificationView
11:36:32.939 [FXGL Background Thread 3 ] DEBUG Engine               - pixelsPerMeter: 50.0
11:36:32.939 [FXGL Background Thread 3 ] DEBUG Engine               - platform: MAC
11:36:32.940 [FXGL Background Thread 3 ] DEBUG Engine               - prefHeightProperty: ReadOnlyDoubleProperty [value: 1000.0]
11:36:32.940 [FXGL Background Thread 3 ] DEBUG Engine               - prefWidthProperty: ReadOnlyDoubleProperty [value: 1000.0]
11:36:32.940 [FXGL Background Thread 3 ] DEBUG Engine               - profileDir: profiles/
11:36:32.940 [FXGL Background Thread 3 ] DEBUG Engine               - profileName: StringProperty [value: DEFAULT]
11:36:32.940 [FXGL Background Thread 3 ] DEBUG Engine               - randomSeed: -1
11:36:32.940 [FXGL Background Thread 3 ] DEBUG Engine               - runtimeInfo: RuntimeInfo(platform=MAC, version=17.1, build=24.03.2022 17.34)
11:36:32.940 [FXGL Background Thread 3 ] DEBUG Engine               - saveFileExt: sav
11:36:32.940 [FXGL Background Thread 3 ] DEBUG Engine               - scaledHeightProp$fxgl: DoubleProperty [bound, value: 970.0]
11:36:32.946 [FXGL Background Thread 3 ] DEBUG Engine               - scaledWidthProp$fxgl: DoubleProperty [bound, value: 945.0]
11:36:32.947 [FXGL Background Thread 3 ] DEBUG Engine               - sceneFactory: com.almasb.fxgl.app.scene.SceneFactory@113fd95a
11:36:32.947 [FXGL Background Thread 3 ] DEBUG Engine               - secondsIn24h: 60
11:36:32.948 [FXGL Background Thread 3 ] DEBUG Engine               - soundMenuBack: menu/back.wav
11:36:32.949 [FXGL Background Thread 3 ] DEBUG Engine               - soundMenuPress: menu/press.wav
11:36:32.949 [FXGL Background Thread 3 ] DEBUG Engine               - soundMenuSelect: menu/select.wav
11:36:32.949 [FXGL Background Thread 3 ] DEBUG Engine               - soundNotification: core/notification.wav
11:36:32.949 [FXGL Background Thread 3 ] DEBUG Engine               - stageStyle: DECORATED
11:36:32.949 [FXGL Background Thread 3 ] DEBUG Engine               - supportedLanguages: [ENGLISH, FRENCH, GERMAN, HUNGARIAN, RUSSIAN]
11:36:32.949 [FXGL Background Thread 3 ] DEBUG Engine               - ticksPerSecond: -1
11:36:32.949 [FXGL Background Thread 3 ] DEBUG Engine               - title: Zombs
11:36:32.949 [FXGL Background Thread 3 ] DEBUG Engine               - urlGithub: https://github.com/AlmasB/FXGL
11:36:32.949 [FXGL Background Thread 3 ] DEBUG Engine               - urlLeaderboard: http://fxgl-top.herokuapp.com/
11:36:32.949 [FXGL Background Thread 3 ] DEBUG Engine               - urlPOM: https://raw.githubusercontent.com/AlmasB/FXGL/release/README.md
11:36:32.949 [FXGL Background Thread 3 ] DEBUG Engine               - userAppClass: class com.csafinal.basedefense.DropApp
11:36:32.949 [FXGL Background Thread 3 ] DEBUG Engine               - version: 1.0
11:36:32.949 [FXGL Background Thread 3 ] DEBUG Engine               - versionCheckDays: 7
11:36:32.949 [FXGL Background Thread 3 ] DEBUG Engine               - width: 1000
11:36:32.949 [FXGL Background Thread 3 ] DEBUG Engine               - Logging services
11:36:32.949 [FXGL Background Thread 3 ] DEBUG Engine               - class com.almasb.fxgl.app.services.FXGLAssetLoaderService
11:36:32.950 [FXGL Background Thread 3 ] DEBUG Engine               - class com.almasb.fxgl.app.FXGLApplication$GameApplicationService
11:36:32.950 [FXGL Background Thread 3 ] DEBUG Engine               - class com.almasb.fxgl.app.services.FXGLDialogService
11:36:32.950 [FXGL Background Thread 3 ] DEBUG Engine               - class com.almasb.fxgl.app.services.IOTaskExecutorService
11:36:32.950 [FXGL Background Thread 3 ] DEBUG Engine               - class com.almasb.fxgl.io.FileSystemService
11:36:32.950 [FXGL Background Thread 3 ] DEBUG Engine               - class com.almasb.fxgl.localization.LocalizationService
11:36:32.950 [FXGL Background Thread 3 ] DEBUG Engine               - class com.almasb.fxgl.app.services.SystemBundleService
11:36:32.950 [FXGL Background Thread 3 ] DEBUG Engine               - class com.almasb.fxgl.profile.SaveLoadService
11:36:32.950 [FXGL Background Thread 3 ] DEBUG Engine               - class com.almasb.fxgl.ui.FXGLUIFactoryServiceProvider
11:36:32.950 [FXGL Background Thread 3 ] DEBUG Engine               - class com.almasb.fxgl.ui.FXGLDialogFactoryServiceProvider
11:36:32.950 [FXGL Background Thread 3 ] DEBUG Engine               - class com.almasb.fxgl.audio.AudioPlayer
11:36:32.950 [FXGL Background Thread 3 ] DEBUG Engine               - class com.almasb.fxgl.notification.impl.NotificationServiceProvider
11:36:32.950 [FXGL Background Thread 3 ] DEBUG Engine               - class com.almasb.fxgl.achievement.AchievementService
11:36:32.950 [FXGL Background Thread 3 ] DEBUG Engine               - class com.almasb.fxgl.cutscene.CutsceneService
11:36:32.950 [FXGL Background Thread 3 ] DEBUG Engine               - class com.almasb.fxgl.minigames.MiniGameService
11:36:32.950 [FXGL Background Thread 3 ] DEBUG Engine               - class com.almasb.fxgl.net.NetService
11:36:32.950 [FXGL Background Thread 3 ] DEBUG Engine               - class com.almasb.fxgl.app.services.UpdaterService
11:36:32.950 [FXGL Background Thread 3 ] DEBUG Engine               - class com.almasb.fxgl.dev.DevService
11:37:30.437 [JavaFX Application Thread] DEBUG FXGLApplication      - Exiting FXGL
11:37:30.449 [JavaFX Application Thread] DEBUG Async                - Shutting down background threads
11:37:30.449 [JavaFX Application Thread] DEBUG PrimaryStageWindow   - Closing main window
11:37:30.464 [JavaFX Application Thread] DEBUG Logger               - Closing Logger
